<?xml version="1.0" encoding="UTF-8"?>
<testsuite xmlns:xsi="http://www.w3.org/2001/XMLSchema-instance" xsi:noNamespaceSchemaLocation="https://maven.apache.org/surefire/maven-surefire-plugin/xsd/surefire-test-report-3.0.xsd" version="3.0" name="runner.webClickTest" time="23.06" tests="1" errors="0" skipped="0" failures="0">
  <properties>
[...]
</properties>
  <testcase name="scenario[&quot;Web_Click_Test_Scenario&quot;, &quot;Return_Weather_Details&quot;](1)" classname="runner.webClickTest" time="22.097">
    <system-out><![CDATA[
Inside Hook 0
Inside Hook 1
D:\CucmberProject-master\CucmberProject-master\automation-runner-project/src/test/resources/
21:21:40.407 [PoolService-0] DEBUG com.jayway.jsonpath.internal.path.CompiledPath - Evaluating path: $['staticData']
21:21:40.470 [PoolService-0] DEBUG com.jayway.jsonpath.internal.path.CompiledPath - Evaluating path: $[0]

Inside Hook 2
Inside Hook 1
URL to be invokedhttp://www.google.com/
21:21:40.613 [PoolService-0] DEBUG io.netty.util.internal.logging.InternalLoggerFactory - Using SLF4J as the default logging framework
21:21:40.617 [PoolService-0] DEBUG io.netty.util.ResourceLeakDetector - -Dio.netty.leakDetection.level: simple
21:21:40.617 [PoolService-0] DEBUG io.netty.util.ResourceLeakDetector - -Dio.netty.leakDetection.targetRecords: 4
21:21:40.625 [PoolService-0] DEBUG io.netty.util.ResourceLeakDetectorFactory - Loaded default ResourceLeakDetector: io.netty.util.ResourceLeakDetector@7ce2bc57
21:21:40.663 [PoolService-0] DEBUG io.netty.util.internal.PlatformDependent0 - -Dio.netty.noUnsafe: false
21:21:40.663 [PoolService-0] DEBUG io.netty.util.internal.PlatformDependent0 - Java version: 8
21:21:40.665 [PoolService-0] DEBUG io.netty.util.internal.PlatformDependent0 - sun.misc.Unsafe.theUnsafe: available
21:21:40.666 [PoolService-0] DEBUG io.netty.util.internal.PlatformDependent0 - sun.misc.Unsafe.copyMemory: available
21:21:40.667 [PoolService-0] DEBUG io.netty.util.internal.PlatformDependent0 - java.nio.Buffer.address: available
21:21:40.668 [PoolService-0] DEBUG io.netty.util.internal.PlatformDependent0 - direct buffer constructor: available
21:21:40.671 [PoolService-0] DEBUG io.netty.util.internal.PlatformDependent0 - java.nio.Bits.unaligned: available, true
21:21:40.671 [PoolService-0] DEBUG io.netty.util.internal.PlatformDependent0 - jdk.internal.misc.Unsafe.allocateUninitializedArray(int): unavailable prior to Java9
21:21:40.671 [PoolService-0] DEBUG io.netty.util.internal.PlatformDependent0 - java.nio.DirectByteBuffer.<init>(long, int): available
21:21:40.672 [PoolService-0] DEBUG io.netty.util.internal.PlatformDependent - sun.misc.Unsafe: available
21:21:40.674 [PoolService-0] DEBUG io.netty.util.internal.PlatformDependent - -Dio.netty.tmpdir: C:\Users\HP\AppData\Local\Temp (java.io.tmpdir)
21:21:40.674 [PoolService-0] DEBUG io.netty.util.internal.PlatformDependent - -Dio.netty.bitMode: 64 (sun.arch.data.model)
21:21:40.674 [PoolService-0] DEBUG io.netty.util.internal.PlatformDependent - Platform: Windows
21:21:40.675 [PoolService-0] DEBUG io.netty.util.internal.PlatformDependent - -Dio.netty.maxDirectMemory: 1890582528 bytes
21:21:40.679 [PoolService-0] DEBUG io.netty.util.internal.PlatformDependent - -Dio.netty.uninitializedArrayAllocationThreshold: -1
21:21:40.680 [PoolService-0] DEBUG io.netty.util.internal.CleanerJava6 - java.nio.ByteBuffer.cleaner(): available
21:21:40.681 [PoolService-0] DEBUG io.netty.util.internal.PlatformDependent - -Dio.netty.noPreferDirect: false
21:21:40.698 [PoolService-0] DEBUG io.netty.util.internal.PlatformDependent - org.jctools-core.MpscChunkedArrayQueue: available
21:21:40.750 [PoolService-0] DEBUG io.netty.util.internal.InternalThreadLocalMap - -Dio.netty.threadLocalMap.stringBuilder.initialSize: 1024
21:21:40.750 [PoolService-0] DEBUG io.netty.util.internal.InternalThreadLocalMap - -Dio.netty.threadLocalMap.stringBuilder.maxSize: 4096
21:21:41.270 [PoolService-0] DEBUG io.netty.handler.ssl.JdkSslContext - Default protocols (JDK): [TLSv1.2, TLSv1.1, TLSv1] 
21:21:41.270 [PoolService-0] DEBUG io.netty.handler.ssl.JdkSslContext - Default cipher suites (JDK): [TLS_ECDHE_ECDSA_WITH_AES_128_GCM_SHA256, TLS_ECDHE_RSA_WITH_AES_128_GCM_SHA256, TLS_ECDHE_RSA_WITH_AES_128_CBC_SHA, TLS_RSA_WITH_AES_128_GCM_SHA256, TLS_RSA_WITH_AES_128_CBC_SHA]
21:21:41.299 [PoolService-0] DEBUG io.netty.channel.MultithreadEventLoopGroup - -Dio.netty.eventLoopThreads: 8
21:21:41.309 [PoolService-0] DEBUG io.netty.channel.nio.NioEventLoop - -Dio.netty.noKeySetOptimization: false
21:21:41.309 [PoolService-0] DEBUG io.netty.channel.nio.NioEventLoop - -Dio.netty.selectorAutoRebuildThreshold: 512
21:21:41.354 [PoolService-0] DEBUG io.netty.buffer.PooledByteBufAllocator - -Dio.netty.allocator.numHeapArenas: 8
21:21:41.354 [PoolService-0] DEBUG io.netty.buffer.PooledByteBufAllocator - -Dio.netty.allocator.numDirectArenas: 8
21:21:41.354 [PoolService-0] DEBUG io.netty.buffer.PooledByteBufAllocator - -Dio.netty.allocator.pageSize: 8192
21:21:41.354 [PoolService-0] DEBUG io.netty.buffer.PooledByteBufAllocator - -Dio.netty.allocator.maxOrder: 11
21:21:41.354 [PoolService-0] DEBUG io.netty.buffer.PooledByteBufAllocator - -Dio.netty.allocator.chunkSize: 16777216
21:21:41.354 [PoolService-0] DEBUG io.netty.buffer.PooledByteBufAllocator - -Dio.netty.allocator.smallCacheSize: 256
21:21:41.355 [PoolService-0] DEBUG io.netty.buffer.PooledByteBufAllocator - -Dio.netty.allocator.normalCacheSize: 64
21:21:41.355 [PoolService-0] DEBUG io.netty.buffer.PooledByteBufAllocator - -Dio.netty.allocator.maxCachedBufferCapacity: 32768
21:21:41.355 [PoolService-0] DEBUG io.netty.buffer.PooledByteBufAllocator - -Dio.netty.allocator.cacheTrimInterval: 8192
21:21:41.355 [PoolService-0] DEBUG io.netty.buffer.PooledByteBufAllocator - -Dio.netty.allocator.cacheTrimIntervalMillis: 0
21:21:41.355 [PoolService-0] DEBUG io.netty.buffer.PooledByteBufAllocator - -Dio.netty.allocator.useCacheForAllThreads: true
21:21:41.356 [PoolService-0] DEBUG io.netty.buffer.PooledByteBufAllocator - -Dio.netty.allocator.maxCachedByteBuffersPerChunk: 1023
21:21:41.371 [PoolService-0] DEBUG io.netty.buffer.ByteBufUtil - -Dio.netty.allocator.type: pooled
21:21:41.371 [PoolService-0] DEBUG io.netty.buffer.ByteBufUtil - -Dio.netty.threadLocalDirectBufferSize: 0
21:21:41.372 [PoolService-0] DEBUG io.netty.buffer.ByteBufUtil - -Dio.netty.maxThreadLocalCharBufferSize: 16384
21:21:42.356 [Forwarding newSession on session null to remote] DEBUG io.netty.channel.DefaultChannelId - -Dio.netty.processId: 2876 (auto-detected)
21:21:42.358 [Forwarding newSession on session null to remote] DEBUG io.netty.util.NetUtil - -Djava.net.preferIPv4Stack: false
21:21:42.358 [Forwarding newSession on session null to remote] DEBUG io.netty.util.NetUtil - -Djava.net.preferIPv6Addresses: false
21:21:42.519 [Forwarding newSession on session null to remote] DEBUG io.netty.util.NetUtilInitializations - Loopback interface: lo (Software Loopback Interface 1, 127.0.0.1)
21:21:42.520 [Forwarding newSession on session null to remote] DEBUG io.netty.util.NetUtil - Failed to get SOMAXCONN from sysctl and file \proc\sys\net\core\somaxconn. Default: 200
21:21:42.698 [Forwarding newSession on session null to remote] DEBUG io.netty.channel.DefaultChannelId - -Dio.netty.machineId: 90:61:ae:ff:fe:dc:c0:b7 (auto-detected)
21:21:42.752 [AsyncHttpClient-1-2] DEBUG io.netty.buffer.AbstractByteBuf - -Dio.netty.buffer.checkAccessible: true
21:21:42.752 [AsyncHttpClient-1-2] DEBUG io.netty.buffer.AbstractByteBuf - -Dio.netty.buffer.checkBounds: true
21:21:42.752 [AsyncHttpClient-1-2] DEBUG io.netty.util.ResourceLeakDetectorFactory - Loaded default ResourceLeakDetector: io.netty.util.ResourceLeakDetector@2f348dbd
21:21:42.764 [AsyncHttpClient-1-2] DEBUG org.asynchttpclient.netty.channel.NettyConnectListener - Using new Channel '[id: 0x131f8c1b, L:/127.0.0.1:62006 - R:localhost/127.0.0.1:15605]' for 'POST' to '/session'
21:21:42.783 [AsyncHttpClient-1-2] DEBUG io.netty.util.Recycler - -Dio.netty.recycler.maxCapacityPerThread: 4096
21:21:42.784 [AsyncHttpClient-1-2] DEBUG io.netty.util.Recycler - -Dio.netty.recycler.maxSharedCapacityFactor: 2
21:21:42.784 [AsyncHttpClient-1-2] DEBUG io.netty.util.Recycler - -Dio.netty.recycler.linkCapacity: 16
21:21:42.784 [AsyncHttpClient-1-2] DEBUG io.netty.util.Recycler - -Dio.netty.recycler.ratio: 8
21:21:42.784 [AsyncHttpClient-1-2] DEBUG io.netty.util.Recycler - -Dio.netty.recycler.delayedQueue.ratio: 8
21:21:47.446 [AsyncHttpClient-1-2] DEBUG io.netty.handler.codec.compression.Brotli - brotli4j not in the classpath; Brotli support will be unavailable.
21:21:47.446 [AsyncHttpClient-1-2] DEBUG org.asynchttpclient.netty.handler.HttpHandler - 

Request DefaultHttpRequest(decodeResult: success, version: HTTP/1.1)
POST /session HTTP/1.1
User-Agent: selenium/4.0.0-rc-1 (java windows)
Content-Length: 365
Content-Type: application/json; charset=utf-8
host: localhost:15605
accept: */*

Response DefaultHttpResponse(decodeResult: success, version: HTTP/1.1)
HTTP/1.1 200 OK
Content-Type: application/json; charset=utf-8
cache-control: no-cache
content-length: 785

21:21:47.462 [AsyncHttpClient-1-2] DEBUG org.asynchttpclient.netty.channel.ChannelManager - Adding key: http://localhost:15605 for channel [id: 0x131f8c1b, L:/127.0.0.1:62006 - R:localhost/127.0.0.1:15605]
21:21:47.593 [AsyncHttpClient-1-3] DEBUG org.asynchttpclient.netty.channel.NettyConnectListener - Using new Channel '[id: 0xf6d76866, L:/127.0.0.1:49193 - R:localhost/127.0.0.1:61879]' for 'GET' to '/json/version'
21:21:47.595 [AsyncHttpClient-1-3] DEBUG org.asynchttpclient.netty.handler.HttpHandler - 

Request DefaultFullHttpRequest(decodeResult: success, version: HTTP/1.1, content: EmptyByteBufBE)
GET /json/version HTTP/1.1
User-Agent: selenium/4.0.0-rc-1 (java windows)
host: localhost:61879
accept: */*

Response DefaultHttpResponse(decodeResult: success, version: HTTP/1.1)
HTTP/1.1 200 OK
Content-Type: application/json; charset=UTF-8
content-length: 424

21:21:47.595 [AsyncHttpClient-1-3] DEBUG org.asynchttpclient.netty.channel.ChannelManager - Adding key: http://localhost:61879 for channel [id: 0xf6d76866, L:/127.0.0.1:49193 - R:localhost/127.0.0.1:61879]
21:21:47.608 [PoolService-0] DEBUG io.netty.util.internal.ThreadLocalRandom - -Dio.netty.initialSeedUniquifier: 0xcd42f88999770bbd
21:21:47.613 [AsyncHttpClient-1-4] DEBUG org.asynchttpclient.netty.channel.NettyConnectListener - Using new Channel '[id: 0xdb9c7965, L:/127.0.0.1:49194 - R:localhost/127.0.0.1:61879]' for 'GET' to '/devtools/browser/d35d79c0-4137-4bfe-8f02-729aa7572693'
21:21:47.616 [AsyncHttpClient-1-4] DEBUG org.asynchttpclient.netty.handler.WebSocketHandler - 

Request DefaultFullHttpRequest(decodeResult: success, version: HTTP/1.1, content: EmptyByteBufBE)
GET /devtools/browser/d35d79c0-4137-4bfe-8f02-729aa7572693 HTTP/1.1
upgrade: websocket
connection: upgrade
sec-websocket-key: 1ESwckV9Y4AtlE061d/rBg==
sec-websocket-version: 13
origin: http://localhost:61879
host: localhost:61879
accept: */*
user-agent: AHC/2.1

Response DefaultHttpResponse(decodeResult: success, version: HTTP/1.1)
HTTP/1.1 101 WebSocket Protocol Handshake
Upgrade: WebSocket
Connection: Upgrade
Sec-WebSocket-Accept: J8hMnPcwh+IzuJ5WTP/l9qqQH/I=

21:21:47.666 [Forwarding maximizeCurrentWindow on session c2613cbd8b00dbd66eefec1e2343ed01 to remote] DEBUG org.asynchttpclient.netty.request.NettyRequestSender - Using pooled Channel '[id: 0x131f8c1b, L:/127.0.0.1:62006 - R:localhost/127.0.0.1:15605]' for 'POST' to 'http://localhost:15605/session/c2613cbd8b00dbd66eefec1e2343ed01/window/maximize'
21:21:47.667 [Forwarding maximizeCurrentWindow on session c2613cbd8b00dbd66eefec1e2343ed01 to remote] DEBUG org.asynchttpclient.netty.request.NettyRequestSender - Using open Channel [id: 0x131f8c1b, L:/127.0.0.1:62006 - R:localhost/127.0.0.1:15605] for POST '/session/c2613cbd8b00dbd66eefec1e2343ed01/window/maximize'
21:21:47.805 [AsyncHttpClient-1-2] DEBUG org.asynchttpclient.netty.handler.HttpHandler - 

Request DefaultHttpRequest(decodeResult: success, version: HTTP/1.1)
POST /session/c2613cbd8b00dbd66eefec1e2343ed01/window/maximize HTTP/1.1
User-Agent: selenium/4.0.0-rc-1 (java windows)
Content-Length: 3
Content-Type: application/json; charset=utf-8
host: localhost:15605
accept: */*

Response DefaultHttpResponse(decodeResult: success, version: HTTP/1.1)
HTTP/1.1 200 OK
Content-Type: application/json; charset=utf-8
cache-control: no-cache
content-length: 51

21:21:47.806 [AsyncHttpClient-1-2] DEBUG org.asynchttpclient.netty.channel.ChannelManager - Adding key: http://localhost:15605 for channel [id: 0x131f8c1b, L:/127.0.0.1:62006 - R:localhost/127.0.0.1:15605]
21:21:47.809 [Forwarding get on session c2613cbd8b00dbd66eefec1e2343ed01 to remote] DEBUG org.asynchttpclient.netty.request.NettyRequestSender - Using pooled Channel '[id: 0x131f8c1b, L:/127.0.0.1:62006 - R:localhost/127.0.0.1:15605]' for 'POST' to 'http://localhost:15605/session/c2613cbd8b00dbd66eefec1e2343ed01/url'
21:21:47.809 [Forwarding get on session c2613cbd8b00dbd66eefec1e2343ed01 to remote] DEBUG org.asynchttpclient.netty.request.NettyRequestSender - Using open Channel [id: 0x131f8c1b, L:/127.0.0.1:62006 - R:localhost/127.0.0.1:15605] for POST '/session/c2613cbd8b00dbd66eefec1e2343ed01/url'
21:21:47.828 [AsyncHttpClient-1-1] DEBUG org.asynchttpclient.netty.channel.DefaultChannelPool - Entry count for : http://localhost:61879 : 1
21:21:48.911 [AsyncHttpClient-1-1] DEBUG org.asynchttpclient.netty.channel.DefaultChannelPool - Entry count for : http://localhost:61879 : 1
21:21:50.015 [AsyncHttpClient-1-1] DEBUG org.asynchttpclient.netty.channel.DefaultChannelPool - Entry count for : http://localhost:61879 : 1
21:21:50.485 [AsyncHttpClient-1-2] DEBUG org.asynchttpclient.netty.handler.HttpHandler - 

Request DefaultHttpRequest(decodeResult: success, version: HTTP/1.1)
POST /session/c2613cbd8b00dbd66eefec1e2343ed01/url HTTP/1.1
User-Agent: selenium/4.0.0-rc-1 (java windows)
Content-Length: 52
Content-Type: application/json; charset=utf-8
host: localhost:15605
accept: */*

Response DefaultHttpResponse(decodeResult: success, version: HTTP/1.1)
HTTP/1.1 200 OK
Content-Type: application/json; charset=utf-8
cache-control: no-cache
content-length: 14

21:21:50.485 [AsyncHttpClient-1-2] DEBUG org.asynchttpclient.netty.channel.ChannelManager - Adding key: http://localhost:15605 for channel [id: 0x131f8c1b, L:/127.0.0.1:62006 - R:localhost/127.0.0.1:15605]
URL to be invokedhttps://lkmdemoaut.accenture.com/TestMeApp
21:21:50.490 [Forwarding executeScript on session c2613cbd8b00dbd66eefec1e2343ed01 to remote] DEBUG org.asynchttpclient.netty.request.NettyRequestSender - Using pooled Channel '[id: 0x131f8c1b, L:/127.0.0.1:62006 - R:localhost/127.0.0.1:15605]' for 'POST' to 'http://localhost:15605/session/c2613cbd8b00dbd66eefec1e2343ed01/execute/sync'
21:21:50.490 [Forwarding executeScript on session c2613cbd8b00dbd66eefec1e2343ed01 to remote] DEBUG org.asynchttpclient.netty.request.NettyRequestSender - Using open Channel [id: 0x131f8c1b, L:/127.0.0.1:62006 - R:localhost/127.0.0.1:15605] for POST '/session/c2613cbd8b00dbd66eefec1e2343ed01/execute/sync'
21:21:50.578 [AsyncHttpClient-1-2] DEBUG org.asynchttpclient.netty.handler.HttpHandler - 

Request DefaultHttpRequest(decodeResult: success, version: HTTP/1.1)
POST /session/c2613cbd8b00dbd66eefec1e2343ed01/execute/sync HTTP/1.1
User-Agent: selenium/4.0.0-rc-1 (java windows)
Content-Length: 116
Content-Type: application/json; charset=utf-8
host: localhost:15605
accept: */*

Response DefaultHttpResponse(decodeResult: success, version: HTTP/1.1)
HTTP/1.1 200 OK
Content-Type: application/json; charset=utf-8
cache-control: no-cache
content-length: 14

21:21:50.578 [AsyncHttpClient-1-2] DEBUG org.asynchttpclient.netty.channel.ChannelManager - Adding key: http://localhost:15605 for channel [id: 0x131f8c1b, L:/127.0.0.1:62006 - R:localhost/127.0.0.1:15605]
21:21:50.581 [Forwarding getWindowHandles on session c2613cbd8b00dbd66eefec1e2343ed01 to remote] DEBUG org.asynchttpclient.netty.request.NettyRequestSender - Using pooled Channel '[id: 0x131f8c1b, L:/127.0.0.1:62006 - R:localhost/127.0.0.1:15605]' for 'GET' to 'http://localhost:15605/session/c2613cbd8b00dbd66eefec1e2343ed01/window/handles'
21:21:50.584 [Forwarding getWindowHandles on session c2613cbd8b00dbd66eefec1e2343ed01 to remote] DEBUG org.asynchttpclient.netty.request.NettyRequestSender - Using open Channel [id: 0x131f8c1b, L:/127.0.0.1:62006 - R:localhost/127.0.0.1:15605] for GET '/session/c2613cbd8b00dbd66eefec1e2343ed01/window/handles'
21:21:50.593 [AsyncHttpClient-1-2] DEBUG org.asynchttpclient.netty.handler.HttpHandler - 

Request DefaultFullHttpRequest(decodeResult: success, version: HTTP/1.1, content: EmptyByteBufBE)
GET /session/c2613cbd8b00dbd66eefec1e2343ed01/window/handles HTTP/1.1
User-Agent: selenium/4.0.0-rc-1 (java windows)
Cache-Control: no-cache
Content-Type: application/json; charset=utf-8
host: localhost:15605
accept: */*

Response DefaultHttpResponse(decodeResult: success, version: HTTP/1.1)
HTTP/1.1 200 OK
Content-Type: application/json; charset=utf-8
cache-control: no-cache
content-length: 99

21:21:50.594 [AsyncHttpClient-1-2] DEBUG org.asynchttpclient.netty.channel.ChannelManager - Adding key: http://localhost:15605 for channel [id: 0x131f8c1b, L:/127.0.0.1:62006 - R:localhost/127.0.0.1:15605]
21:21:50.606 [Forwarding switchToWindow on session c2613cbd8b00dbd66eefec1e2343ed01 to remote] DEBUG org.asynchttpclient.netty.request.NettyRequestSender - Using pooled Channel '[id: 0x131f8c1b, L:/127.0.0.1:62006 - R:localhost/127.0.0.1:15605]' for 'POST' to 'http://localhost:15605/session/c2613cbd8b00dbd66eefec1e2343ed01/window'
21:21:50.606 [Forwarding switchToWindow on session c2613cbd8b00dbd66eefec1e2343ed01 to remote] DEBUG org.asynchttpclient.netty.request.NettyRequestSender - Using open Channel [id: 0x131f8c1b, L:/127.0.0.1:62006 - R:localhost/127.0.0.1:15605] for POST '/session/c2613cbd8b00dbd66eefec1e2343ed01/window'
21:21:50.609 [AsyncHttpClient-1-2] DEBUG org.asynchttpclient.netty.handler.HttpHandler - 

Request DefaultHttpRequest(decodeResult: success, version: HTTP/1.1)
POST /session/c2613cbd8b00dbd66eefec1e2343ed01/window HTTP/1.1
User-Agent: selenium/4.0.0-rc-1 (java windows)
Content-Length: 59
Content-Type: application/json; charset=utf-8
host: localhost:15605
accept: */*

Response DefaultHttpResponse(decodeResult: success, version: HTTP/1.1)
HTTP/1.1 200 OK
Content-Type: application/json; charset=utf-8
cache-control: no-cache
content-length: 14

21:21:50.609 [AsyncHttpClient-1-2] DEBUG org.asynchttpclient.netty.channel.ChannelManager - Adding key: http://localhost:15605 for channel [id: 0x131f8c1b, L:/127.0.0.1:62006 - R:localhost/127.0.0.1:15605]
21:21:50.613 [Forwarding findElement on session c2613cbd8b00dbd66eefec1e2343ed01 to remote] DEBUG org.asynchttpclient.netty.request.NettyRequestSender - Using pooled Channel '[id: 0x131f8c1b, L:/127.0.0.1:62006 - R:localhost/127.0.0.1:15605]' for 'POST' to 'http://localhost:15605/session/c2613cbd8b00dbd66eefec1e2343ed01/element'
21:21:50.613 [Forwarding findElement on session c2613cbd8b00dbd66eefec1e2343ed01 to remote] DEBUG org.asynchttpclient.netty.request.NettyRequestSender - Using open Channel [id: 0x131f8c1b, L:/127.0.0.1:62006 - R:localhost/127.0.0.1:15605] for POST '/session/c2613cbd8b00dbd66eefec1e2343ed01/element'
21:21:51.111 [AsyncHttpClient-1-1] DEBUG org.asynchttpclient.netty.channel.DefaultChannelPool - Entry count for : http://localhost:61879 : 1
21:21:52.209 [AsyncHttpClient-1-1] DEBUG org.asynchttpclient.netty.channel.DefaultChannelPool - Entry count for : http://localhost:61879 : 1
21:21:53.310 [AsyncHttpClient-1-2] DEBUG org.asynchttpclient.netty.handler.HttpHandler - 

Request DefaultHttpRequest(decodeResult: success, version: HTTP/1.1)
POST /session/c2613cbd8b00dbd66eefec1e2343ed01/element HTTP/1.1
User-Agent: selenium/4.0.0-rc-1 (java windows)
Content-Length: 77
Content-Type: application/json; charset=utf-8
host: localhost:15605
accept: */*

Response DefaultHttpResponse(decodeResult: success, version: HTTP/1.1)
HTTP/1.1 200 OK
Content-Type: application/json; charset=utf-8
cache-control: no-cache
content-length: 88

21:21:53.310 [AsyncHttpClient-1-2] DEBUG org.asynchttpclient.netty.channel.ChannelManager - Adding key: http://localhost:15605 for channel [id: 0x131f8c1b, L:/127.0.0.1:62006 - R:localhost/127.0.0.1:15605]
21:21:53.313 [AsyncHttpClient-1-1] DEBUG org.asynchttpclient.netty.channel.DefaultChannelPool - Entry count for : http://localhost:15605 : 1
21:21:53.313 [AsyncHttpClient-1-1] DEBUG org.asynchttpclient.netty.channel.DefaultChannelPool - Entry count for : http://localhost:61879 : 1
21:21:54.420 [AsyncHttpClient-1-1] DEBUG org.asynchttpclient.netty.channel.DefaultChannelPool - Entry count for : http://localhost:15605 : 1
21:21:54.420 [AsyncHttpClient-1-1] DEBUG org.asynchttpclient.netty.channel.DefaultChannelPool - Entry count for : http://localhost:61879 : 1
21:21:55.510 [AsyncHttpClient-1-1] DEBUG org.asynchttpclient.netty.channel.DefaultChannelPool - Entry count for : http://localhost:15605 : 1
21:21:55.510 [AsyncHttpClient-1-1] DEBUG org.asynchttpclient.netty.channel.DefaultChannelPool - Entry count for : http://localhost:61879 : 1
21:21:56.612 [AsyncHttpClient-1-1] DEBUG org.asynchttpclient.netty.channel.DefaultChannelPool - Entry count for : http://localhost:15605 : 1
21:21:56.612 [AsyncHttpClient-1-1] DEBUG org.asynchttpclient.netty.channel.DefaultChannelPool - Entry count for : http://localhost:61879 : 1
21:21:57.709 [AsyncHttpClient-1-1] DEBUG org.asynchttpclient.netty.channel.DefaultChannelPool - Entry count for : http://localhost:15605 : 1
21:21:57.709 [AsyncHttpClient-1-1] DEBUG org.asynchttpclient.netty.channel.DefaultChannelPool - Entry count for : http://localhost:61879 : 1
21:21:58.319 [Forwarding clickElement on session c2613cbd8b00dbd66eefec1e2343ed01 to remote] DEBUG org.asynchttpclient.netty.request.NettyRequestSender - Using pooled Channel '[id: 0x131f8c1b, L:/127.0.0.1:62006 - R:localhost/127.0.0.1:15605]' for 'POST' to 'http://localhost:15605/session/c2613cbd8b00dbd66eefec1e2343ed01/element/a381b4b4-c624-49f0-9eb0-93c996e15334/click'
21:21:58.320 [Forwarding clickElement on session c2613cbd8b00dbd66eefec1e2343ed01 to remote] DEBUG org.asynchttpclient.netty.request.NettyRequestSender - Using open Channel [id: 0x131f8c1b, L:/127.0.0.1:62006 - R:localhost/127.0.0.1:15605] for POST '/session/c2613cbd8b00dbd66eefec1e2343ed01/element/a381b4b4-c624-49f0-9eb0-93c996e15334/click'
21:21:58.809 [AsyncHttpClient-1-1] DEBUG org.asynchttpclient.netty.channel.DefaultChannelPool - Entry count for : http://localhost:61879 : 1
21:21:59.911 [AsyncHttpClient-1-1] DEBUG org.asynchttpclient.netty.channel.DefaultChannelPool - Entry count for : http://localhost:61879 : 1
21:22:00.324 [AsyncHttpClient-1-2] DEBUG org.asynchttpclient.netty.handler.HttpHandler - 

Request DefaultHttpRequest(decodeResult: success, version: HTTP/1.1)
POST /session/c2613cbd8b00dbd66eefec1e2343ed01/element/a381b4b4-c624-49f0-9eb0-93c996e15334/click HTTP/1.1
User-Agent: selenium/4.0.0-rc-1 (java windows)
Content-Length: 50
Content-Type: application/json; charset=utf-8
host: localhost:15605
accept: */*

Response DefaultHttpResponse(decodeResult: success, version: HTTP/1.1)
HTTP/1.1 200 OK
Content-Type: application/json; charset=utf-8
cache-control: no-cache
content-length: 14

21:22:00.326 [AsyncHttpClient-1-2] DEBUG org.asynchttpclient.netty.channel.ChannelManager - Adding key: http://localhost:15605 for channel [id: 0x131f8c1b, L:/127.0.0.1:62006 - R:localhost/127.0.0.1:15605]
Inside After Hook 2
Inside After Hook 1
21:22:00.353 [AsyncHttpClient-1-4] DEBUG org.asynchttpclient.netty.handler.WebSocketHandler - Channel Closed: [id: 0xdb9c7965, L:/127.0.0.1:49194 ! R:localhost/127.0.0.1:61879] with attribute NettyResponseFuture{currentRetry=5,
	isDone=1,
	isCancelled=0,
	asyncHandler=org.asynchttpclient.ws.WebSocketUpgradeHandler@e0019e7,
	nettyRequest=org.asynchttpclient.netty.request.NettyRequest@1c9da8f2,
	future=java.util.concurrent.CompletableFuture@472e06d7[Completed normally],
	uri=ws://localhost:61879/devtools/browser/d35d79c0-4137-4bfe-8f02-729aa7572693,
	keepAlive=true,
	redirectCount=0,
	timeoutsHolder=null,
	inAuth=0,
	touch=1632066707629}
21:22:00.354 [Driver Command Executor] DEBUG org.asynchttpclient.netty.request.NettyRequestSender - Using pooled Channel '[id: 0x131f8c1b, L:/127.0.0.1:62006 - R:localhost/127.0.0.1:15605]' for 'DELETE' to 'http://localhost:15605/session/c2613cbd8b00dbd66eefec1e2343ed01'
21:22:00.355 [AsyncHttpClient-1-4] DEBUG org.asynchttpclient.netty.channel.ChannelManager - Closing Channel [id: 0xdb9c7965, L:/127.0.0.1:49194 ! R:localhost/127.0.0.1:61879] 
21:22:00.355 [Driver Command Executor] DEBUG org.asynchttpclient.netty.request.NettyRequestSender - Using open Channel [id: 0x131f8c1b, L:/127.0.0.1:62006 - R:localhost/127.0.0.1:15605] for DELETE '/session/c2613cbd8b00dbd66eefec1e2343ed01'
21:22:00.686 [AsyncHttpClient-1-3] DEBUG org.asynchttpclient.netty.handler.HttpHandler - Unexpected I/O exception on channel [id: 0xf6d76866, L:/127.0.0.1:49193 - R:localhost/127.0.0.1:61879]
java.io.IOException: An existing connection was forcibly closed by the remote host
	at sun.nio.ch.SocketDispatcher.read0(Native Method)
	at sun.nio.ch.SocketDispatcher.read(SocketDispatcher.java:43)
	at sun.nio.ch.IOUtil.readIntoNativeBuffer(IOUtil.java:223)
	at sun.nio.ch.IOUtil.read(IOUtil.java:192)
	at sun.nio.ch.SocketChannelImpl.read(SocketChannelImpl.java:380)
	at io.netty.buffer.PooledByteBuf.setBytes(PooledByteBuf.java:253)
	at io.netty.buffer.AbstractByteBuf.writeBytes(AbstractByteBuf.java:1132)
	at io.netty.channel.socket.nio.NioSocketChannel.doReadBytes(NioSocketChannel.java:350)
	at io.netty.channel.nio.AbstractNioByteChannel$NioByteUnsafe.read(AbstractNioByteChannel.java:151)
	at io.netty.channel.nio.NioEventLoop.processSelectedKey(NioEventLoop.java:719)
	at io.netty.channel.nio.NioEventLoop.processSelectedKeysOptimized(NioEventLoop.java:655)
	at io.netty.channel.nio.NioEventLoop.processSelectedKeys(NioEventLoop.java:581)
	at io.netty.channel.nio.NioEventLoop.run(NioEventLoop.java:493)
	at io.netty.util.concurrent.SingleThreadEventExecutor$4.run(SingleThreadEventExecutor.java:986)
	at io.netty.util.internal.ThreadExecutorMap$2.run(ThreadExecutorMap.java:74)
	at io.netty.util.concurrent.FastThreadLocalRunnable.run(FastThreadLocalRunnable.java:30)
	at java.lang.Thread.run(Thread.java:748)
21:22:00.687 [AsyncHttpClient-1-3] DEBUG org.asynchttpclient.netty.channel.ChannelManager - Closing Channel [id: 0xf6d76866, L:/127.0.0.1:49193 - R:localhost/127.0.0.1:61879] 
21:22:00.689 [AsyncHttpClient-1-3] DEBUG org.asynchttpclient.netty.handler.HttpHandler - Channel Closed: [id: 0xf6d76866, L:/127.0.0.1:49193 ! R:localhost/127.0.0.1:61879] with attribute DISCARD
21:22:00.790 [AsyncHttpClient-1-2] DEBUG org.asynchttpclient.netty.handler.HttpHandler - 

Request DefaultFullHttpRequest(decodeResult: success, version: HTTP/1.1, content: EmptyByteBufBE)
DELETE /session/c2613cbd8b00dbd66eefec1e2343ed01 HTTP/1.1
User-Agent: selenium/4.0.0-rc-1 (java windows)
Content-Type: application/json; charset=utf-8
host: localhost:15605
accept: */*

Response DefaultHttpResponse(decodeResult: success, version: HTTP/1.1)
HTTP/1.1 200 OK
Content-Type: application/json; charset=utf-8
cache-control: no-cache
content-length: 14

21:22:00.791 [AsyncHttpClient-1-2] DEBUG org.asynchttpclient.netty.channel.ChannelManager - Adding key: http://localhost:15605 for channel [id: 0x131f8c1b, L:/127.0.0.1:62006 - R:localhost/127.0.0.1:15605]
21:22:01.040 [AsyncHttpClient-1-1] DEBUG org.asynchttpclient.netty.channel.DefaultChannelPool - Entry count for : http://localhost:15605 : 1
21:22:01.040 [AsyncHttpClient-1-1] DEBUG org.asynchttpclient.netty.channel.DefaultChannelPool - Entry count for : http://localhost:61879 : 1
21:22:01.040 [AsyncHttpClient-1-1] DEBUG org.asynchttpclient.netty.channel.DefaultChannelPool - Adding Candidate expired Channel [id: 0xf6d76866, L:/127.0.0.1:49193 ! R:localhost/127.0.0.1:61879] isIdleTimeoutExpired=false isRemotelyClosed=true isTtlExpired=false
21:22:01.041 [AsyncHttpClient-1-1] DEBUG org.asynchttpclient.netty.channel.DefaultChannelPool - Closing Idle Channel [id: 0xf6d76866, L:/127.0.0.1:49193 ! R:localhost/127.0.0.1:61879]
21:22:01.046 [AsyncHttpClient-1-1] DEBUG org.asynchttpclient.netty.channel.DefaultChannelPool - Closed 1 connections out of 2 in 6 ms
21:22:01.338 [AsyncHttpClient-1-2] DEBUG org.asynchttpclient.netty.handler.HttpHandler - Channel Closed: [id: 0x131f8c1b, L:/127.0.0.1:62006 ! R:localhost/127.0.0.1:15605] with attribute DISCARD
]]></system-out>
    <system-err><![CDATA[Sep 19, 2021 9:21:40 PM cucumber.runtime.java.ObjectFactoryLoader loadSingleObjectFactory
INFO: Loading ObjectFactory via service loader: io.cucumber.picocontainer.PicoFactory
Starting ChromeDriver 93.0.4577.63 (ff5c0da2ec0adeaed5550e6c7e98417dac77d98a-refs/branch-heads/4577@{#1135}) on port 15605
Only local connections are allowed.
Please see https://chromedriver.chromium.org/security-considerations for suggestions on keeping ChromeDriver safe.
ChromeDriver was started successfully.
Sep 19, 2021 9:21:47 PM org.openqa.selenium.remote.ProtocolHandshake createSession
INFO: Detected dialect: W3C
Sep 19, 2021 9:21:47 PM org.openqa.selenium.devtools.CdpVersionFinder findNearestMatch
INFO: Found exact CDP implementation for version 93
]]></system-err>
  </testcase>
</testsuite>