<?xml version="1.0" encoding="UTF-8"?>
<testsuite xmlns:xsi="http://www.w3.org/2001/XMLSchema-instance" xsi:noNamespaceSchemaLocation="https://maven.apache.org/surefire/maven-surefire-plugin/xsd/surefire-test-report-3.0.xsd" version="3.0" name="runner.APIFeatureTest" time="7.451" tests="1" errors="0" skipped="0" failures="0">
  <properties>
[...]
</properties>
  <testcase name="[1:4] getListOfAllCountries" classname="[countryWeather]" time="5.912">
    <system-out><![CDATA[18:23:58.959 [main] WARN com.intuit.karate - skipping bootstrap configuration: could not find or read file: classpath:karate-config.js
18:23:59.666 [main] DEBUG org.apache.http.client.protocol.RequestAddCookies - CookieSpec selected: karate
18:23:59.681 [main] DEBUG org.apache.http.client.protocol.RequestAuthCache - Auth cache not set in the context
18:23:59.681 [main] DEBUG com.intuit.karate - request:
1 > GET https://restcountries.eu/rest/v2/all
1 > Accept: application/json
1 > Accept-Encoding: gzip,deflate
1 > Connection: Keep-Alive
1 > Host: restcountries.eu
1 > User-Agent: Apache-HttpClient/4.5.5 (Java/1.8.0_144)

18:23:59.681 [main] DEBUG org.apache.http.impl.conn.PoolingHttpClientConnectionManager - Connection request: [route: {s}->https://restcountries.eu:443][total kept alive: 0; route allocated: 0 of 5; total allocated: 0 of 10]
18:23:59.697 [main] DEBUG org.apache.http.impl.conn.PoolingHttpClientConnectionManager - Connection leased: [id: 0][route: {s}->https://restcountries.eu:443][total kept alive: 0; route allocated: 1 of 5; total allocated: 1 of 10]
18:23:59.697 [main] DEBUG org.apache.http.impl.execchain.MainClientExec - Opening connection {s}->https://restcountries.eu:443
18:23:59.775 [main] DEBUG org.apache.http.impl.conn.DefaultHttpClientConnectionOperator - Connecting to restcountries.eu/172.67.204.7:443
18:23:59.775 [main] DEBUG org.apache.http.conn.ssl.SSLConnectionSocketFactory - Connecting socket to restcountries.eu/172.67.204.7:443 with timeout 30000
18:23:59.884 [main] DEBUG org.apache.http.conn.ssl.SSLConnectionSocketFactory - Enabled protocols: [TLSv1, TLSv1.1, TLSv1.2]
18:23:59.884 [main] DEBUG org.apache.http.conn.ssl.SSLConnectionSocketFactory - Enabled cipher suites:[TLS_ECDHE_ECDSA_WITH_AES_128_CBC_SHA256, TLS_ECDHE_RSA_WITH_AES_128_CBC_SHA256, TLS_RSA_WITH_AES_128_CBC_SHA256, TLS_ECDH_ECDSA_WITH_AES_128_CBC_SHA256, TLS_ECDH_RSA_WITH_AES_128_CBC_SHA256, TLS_DHE_RSA_WITH_AES_128_CBC_SHA256, TLS_DHE_DSS_WITH_AES_128_CBC_SHA256, TLS_ECDHE_ECDSA_WITH_AES_128_CBC_SHA, TLS_ECDHE_RSA_WITH_AES_128_CBC_SHA, TLS_RSA_WITH_AES_128_CBC_SHA, TLS_ECDH_ECDSA_WITH_AES_128_CBC_SHA, TLS_ECDH_RSA_WITH_AES_128_CBC_SHA, TLS_DHE_RSA_WITH_AES_128_CBC_SHA, TLS_DHE_DSS_WITH_AES_128_CBC_SHA, TLS_ECDHE_ECDSA_WITH_AES_128_GCM_SHA256, TLS_ECDHE_RSA_WITH_AES_128_GCM_SHA256, TLS_RSA_WITH_AES_128_GCM_SHA256, TLS_ECDH_ECDSA_WITH_AES_128_GCM_SHA256, TLS_ECDH_RSA_WITH_AES_128_GCM_SHA256, TLS_DHE_RSA_WITH_AES_128_GCM_SHA256, TLS_DHE_DSS_WITH_AES_128_GCM_SHA256, TLS_ECDHE_ECDSA_WITH_3DES_EDE_CBC_SHA, TLS_ECDHE_RSA_WITH_3DES_EDE_CBC_SHA, SSL_RSA_WITH_3DES_EDE_CBC_SHA, TLS_ECDH_ECDSA_WITH_3DES_EDE_CBC_SHA, TLS_ECDH_RSA_WITH_3DES_EDE_CBC_SHA, SSL_DHE_RSA_WITH_3DES_EDE_CBC_SHA, SSL_DHE_DSS_WITH_3DES_EDE_CBC_SHA, TLS_EMPTY_RENEGOTIATION_INFO_SCSV]
18:23:59.884 [main] DEBUG org.apache.http.conn.ssl.SSLConnectionSocketFactory - Starting handshake
18:24:00.103 [main] DEBUG org.apache.http.conn.ssl.SSLConnectionSocketFactory - Secure session established
18:24:00.103 [main] DEBUG org.apache.http.conn.ssl.SSLConnectionSocketFactory -  negotiated protocol: TLSv1.2
18:24:00.103 [main] DEBUG org.apache.http.conn.ssl.SSLConnectionSocketFactory -  negotiated cipher suite: TLS_ECDHE_ECDSA_WITH_AES_128_GCM_SHA256
18:24:00.103 [main] DEBUG org.apache.http.conn.ssl.SSLConnectionSocketFactory -  peer principal: CN=sni.cloudflaressl.com, O="Cloudflare, Inc.", L=San Francisco, ST=CA, C=US
18:24:00.103 [main] DEBUG org.apache.http.conn.ssl.SSLConnectionSocketFactory -  peer alternative names: [sni.cloudflaressl.com, *.restcountries.eu, restcountries.eu]
18:24:00.103 [main] DEBUG org.apache.http.conn.ssl.SSLConnectionSocketFactory -  issuer principal: CN=Cloudflare Inc ECC CA-3, O="Cloudflare, Inc.", C=US
18:24:00.119 [main] DEBUG org.apache.http.impl.conn.DefaultHttpClientConnectionOperator - Connection established 192.168.0.176:49673<->172.67.204.7:443
18:24:00.119 [main] DEBUG org.apache.http.impl.conn.DefaultManagedHttpClientConnection - http-outgoing-0: set socket timeout to 30000
18:24:00.119 [main] DEBUG org.apache.http.impl.execchain.MainClientExec - Executing request GET /rest/v2/all HTTP/1.1
18:24:00.119 [main] DEBUG org.apache.http.impl.execchain.MainClientExec - Target auth state: UNCHALLENGED
18:24:00.119 [main] DEBUG org.apache.http.impl.execchain.MainClientExec - Proxy auth state: UNCHALLENGED
18:24:00.119 [main] DEBUG org.apache.http.headers - http-outgoing-0 >> GET /rest/v2/all HTTP/1.1
18:24:00.119 [main] DEBUG org.apache.http.headers - http-outgoing-0 >> Accept: application/json
18:24:00.119 [main] DEBUG org.apache.http.headers - http-outgoing-0 >> Host: restcountries.eu
18:24:00.119 [main] DEBUG org.apache.http.headers - http-outgoing-0 >> Connection: Keep-Alive
18:24:00.119 [main] DEBUG org.apache.http.headers - http-outgoing-0 >> User-Agent: Apache-HttpClient/4.5.5 (Java/1.8.0_144)
18:24:00.119 [main] DEBUG org.apache.http.headers - http-outgoing-0 >> Accept-Encoding: gzip,deflate
18:24:00.119 [main] DEBUG org.apache.http.wire - http-outgoing-0 >> "GET /rest/v2/all HTTP/1.1[\r][\n]"
18:24:00.119 [main] DEBUG org.apache.http.wire - http-outgoing-0 >> "Accept: application/json[\r][\n]"
18:24:00.119 [main] DEBUG org.apache.http.wire - http-outgoing-0 >> "Host: restcountries.eu[\r][\n]"
18:24:00.119 [main] DEBUG org.apache.http.wire - http-outgoing-0 >> "Connection: Keep-Alive[\r][\n]"
18:24:00.119 [main] DEBUG org.apache.http.wire - http-outgoing-0 >> "User-Agent: Apache-HttpClient/4.5.5 (Java/1.8.0_144)[\r][\n]"
18:24:00.119 [main] DEBUG org.apache.http.wire - http-outgoing-0 >> "Accept-Encoding: gzip,deflate[\r][\n]"
18:24:00.119 [main] DEBUG org.apache.http.wire - http-outgoing-0 >> "[\r][\n]"
18:24:04.088 [main] DEBUG org.apache.http.wire - http-outgoing-0 << "HTTP/1.1 200 [\r][\n]"
18:24:04.088 [main] DEBUG org.apache.http.wire - http-outgoing-0 << "Date: Fri, 18 Jun 2021 12:54:02 GMT[\r][\n]"
18:24:04.088 [main] DEBUG org.apache.http.wire - http-outgoing-0 << "Content-Type: application/json;charset=utf-8[\r][\n]"
18:24:04.088 [main] DEBUG org.apache.http.wire - http-outgoing-0 << "Transfer-Encoding: chunked[\r][\n]"
18:24:04.088 [main] DEBUG org.apache.http.wire - http-outgoing-0 << "Connection: keep-alive[\r][\n]"
18:24:04.088 [main] DEBUG org.apache.http.wire - http-outgoing-0 << "Access-Control-Allow-Origin: *[\r][\n]"
18:24:04.088 [main] DEBUG org.apache.http.wire - http-outgoing-0 << "Access-Control-Allow-Methods: GET[\r][\n]"
18:24:04.088 [main] DEBUG org.apache.http.wire - http-outgoing-0 << "Access-Control-Allow-Headers: Accept, X-Requested-With[\r][\n]"
18:24:04.088 [main] DEBUG org.apache.http.wire - http-outgoing-0 << "Cache-Control: public, max-age=86400[\r][\n]"
18:24:04.088 [main] DEBUG org.apache.http.wire - http-outgoing-0 << "CF-Cache-Status: DYNAMIC[\r][\n]"
18:24:04.088 [main] DEBUG org.apache.http.wire - http-outgoing-0 << "cf-request-id: 0ac0c881d90000de52ad277000000001[\r][\n]"
18:24:04.088 [main] DEBUG org.apache.http.wire - http-outgoing-0 << "Report-To: {"endpoints":[{"url":"https:\/\/a.nel.cloudflare.com\/report\/v2?s=WNxn6l8juPU4hwULQh3PcHOnmkAbLpm0EJND8bQduhzFiav5hZGx8Dam3nPMJNHwTTwYuHWtlbeto52pTH365SF7ForOENur51omitpZLICPiLb6AD1Oawz6r9W0oQ%3D%3D"}],"group":"cf-nel","max_age":604800}[\r][\n]"
18:24:04.088 [main] DEBUG org.apache.http.wire - http-outgoing-0 << "NEL: {"report_to":"cf-nel","max_age":604800}[\r][\n]"
18:24:04.088 [main] DEBUG org.apache.http.wire - http-outgoing-0 << "Content-Encoding: gzip[\r][\n]"
18:24:04.088 [main] DEBUG org.apache.http.wire - http-outgoing-0 << "alt-svc: h3-27=":443"; ma=86400, h3-28=":443"; ma=86400, h3-29=":443"; ma=86400, h3=":443"; ma=86400[\r][\n]"
18:24:04.088 [main] DEBUG org.apache.http.wire - http-outgoing-0 << "Expect-CT: max-age=604800, report-uri="https://report-uri.cloudflare.com/cdn-cgi/beacon/expect-ct"[\r][\n]"
18:24:04.088 [main] DEBUG org.apache.http.wire - http-outgoing-0 << "Server: cloudflare[\r][\n]"
18:24:04.088 [main] DEBUG org.apache.http.wire - http-outgoing-0 << "CF-RAY: 6614a9e2fc18de52-BOM[\r][\n]"
18:24:04.088 [main] DEBUG org.apache.http.wire - http-outgoing-0 << "[\r][\n]"
18:24:04.088 [main] DEBUG org.apache.http.wire - http-outgoing-0 << "10ab[\r][\n]"
18:24:04.088 [main] DEBUG org.apache.http.wire - http-outgoing-0 << "[0x1f][0x8b][0x8][0x0][0x0][0x0][0x0][0x0][0x0][0x3][0xdc][0x99][0xcf]o[0xdb][0xc8][0x15][0xc7][0xff][0x15]bP [0x87][0xd2][0x8a][0xa8][0xdf][0xd6]M[0x91][0x9c][0xac][0xd7][0xf2][0xf]X[0xf6]b[0x9b] ([0x9e][0xa4][0x11][0xc5]x4T[0xf8][0xc3][0xa9][0x1d][0xe4]`+[0x9][0xd2]l[\n]"
18:24:04.088 [main] DEBUG org.apache.http.wire - http-outgoing-0 << "[0xf4][0xd0][0x2]E{[0xd9]8@[0xbd][0xb6][0xd3][0x6][0xae][0xdb]b[0xb3]Yl[0xf]r[0xf][0x9b][0xbf][0x80]Jn+[0x14]h[0xff][0x8b]b[0x86]?[0xc4]!)[0xcb]F[0xd1][0x1e][0xaa][0x83][0xac]y[0x9c]y|3[0xe4][0xe7][0xfb][0xde][0x8c][0xef]<D[0x14]z[0x18][0x95]Q[0xa5][0xa3]v[0x81]j[0xa6][0x5][0x14][0xc9][0xc8][0xd2][0xfb]u[0xbc][0x8d]IM[0xef][0x81]FQ[0xf9][0xe]JA[0x7][0xdd][0x95][0x11][0x90]~[0x17]2U[0xbd][0xcd][0xc7][0xdc]D[0x9e]%[0x1b]Xn![0x19][0xb5][0x80][0x10][0x8d][0xaa][0xcc]f[0xb2][0xb1][0xf3]Y6[0xb4][0x5]}[0xcd][0x2][0x82][0xca]h[0x9][0x9a]6[0xe1]C[0xad]F[0x1f][0xf3][0xbe][0xbc][0x1f][0xf7]W[0xe9][0x9c][0xbf]<[0xdf]c[0x91][0x9c][0xef]Q6[0xce][0xc0][0xaa][0xa6]S[0xe6][0xdc][0xd4][0x0][0xc9][0xc8][0xb4][0x9b][0x81][0xa9][0xa1][0xdb]V[0x17][0x1b]T[0xf2][0xae][0xf5][0xf5][0xbe]M[0xc0][0xe2][0x17]3[0xc5]B[0xbe][0xa8][0xe4][0xf2]2"`[0x11][0xaa][0xa2][0xf2][0x9d]l6[0x95][0x96][0xb][0xf9]T[0xfa][0xae][0x8c][0xda][0xb8][0xa7][0xd3][0x9d]^0u[0x16][0x8f][0x81][0x1][0x95][0xb][0xf9]L&[0x9b]N[0xa5]e[0xa4]jTc~R%[0x19]YZ[0xf][0xef][0xea][0xd4][0x9d][0xd0][0xe6]F[0xf5][0xc7][0xe9]\9[0x9b]f[0xf1]5u[0xa3][0x8d][\r]n_\_A2Z[0xab],![0x19]m,-#[0x19]m[0xde][0xbe][0xc1]~[0xca],[0xd5]OVX[\n]"
18:24:04.088 [main] DEBUG org.apache.http.wire - http-outgoing-0 << "[0x96][0xb6][0x8d]W[0xdc]ew[0xe]G{[0xce]7[0xce][0xe1][0xe8][0xa9]s[0xe6][0x1c][0xb3][0xbf]HF[0xd4][0xee]aCkyk[0x9a]N[0xe7][0xd8][0x9a][0xda][0x86][0x81]iK[0xe3][0x1]<D-[0xbd][0xd9][\r][0x85]G([0x81]"
18:24:04.103 [main] DEBUG org.apache.http.headers - http-outgoing-0 << HTTP/1.1 200 
18:24:04.103 [main] DEBUG org.apache.http.headers - http-outgoing-0 << Date: Fri, 18 Jun 2021 12:54:02 GMT
18:24:04.103 [main] DEBUG org.apache.http.headers - http-outgoing-0 << Content-Type: application/json;charset=utf-8
18:24:04.103 [main] DEBUG org.apache.http.headers - http-outgoing-0 << Transfer-Encoding: chunked
18:24:04.103 [main] DEBUG org.apache.http.headers - http-outgoing-0 << Connection: keep-alive
18:24:04.103 [main] DEBUG org.apache.http.headers - http-outgoing-0 << Access-Control-Allow-Origin: *
18:24:04.103 [main] DEBUG org.apache.http.headers - http-outgoing-0 << Access-Control-Allow-Methods: GET
18:24:04.103 [main] DEBUG org.apache.http.headers - http-outgoing-0 << Access-Control-Allow-Headers: Accept, X-Requested-With
18:24:04.103 [main] DEBUG org.apache.http.headers - http-outgoing-0 << Cache-Control: public, max-age=86400
18:24:04.103 [main] DEBUG org.apache.http.headers - http-outgoing-0 << CF-Cache-Status: DYNAMIC
18:24:04.103 [main] DEBUG org.apache.http.headers - http-outgoing-0 << cf-request-id: 0ac0c881d90000de52ad277000000001
18:24:04.103 [main] DEBUG org.apache.http.headers - http-outgoing-0 << Report-To: {"endpoints":[{"url":"https:\/\/a.nel.cloudflare.com\/report\/v2?s=WNxn6l8juPU4hwULQh3PcHOnmkAbLpm0EJND8bQduhzFiav5hZGx8Dam3nPMJNHwTTwYuHWtlbeto52pTH365SF7ForOENur51omitpZLICPiLb6AD1Oawz6r9W0oQ%3D%3D"}],"group":"cf-nel","max_age":604800}
18:24:04.103 [main] DEBUG org.apache.http.headers - http-outgoing-0 << NEL: {"report_to":"cf-nel","max_age":604800}
18:24:04.103 [main] DEBUG org.apache.http.headers - http-outgoing-0 << Content-Encoding: gzip
18:24:04.103 [main] DEBUG org.apache.http.headers - http-outgoing-0 << alt-svc: h3-27=":443"; ma=86400, h3-28=":443"; ma=86400, h3-29=":443"; ma=86400, h3=":443"; ma=86400
18:24:04.103 [main] DEBUG org.apache.http.headers - http-outgoing-0 << Expect-CT: max-age=604800, report-uri="https://report-uri.cloudflare.com/cdn-cgi/beacon/expect-ct"
18:24:04.103 [main] DEBUG org.apache.http.headers - http-outgoing-0 << Server: cloudflare
18:24:04.103 [main] DEBUG org.apache.http.headers - http-outgoing-0 << CF-RAY: 6614a9e2fc18de52-BOM
18:24:04.166 [main] DEBUG org.apache.http.impl.execchain.MainClientExec - Connection can be kept alive indefinitely
18:24:04.197 [main] DEBUG org.apache.http.wire - http-outgoing-0 << "[0xfb]$[0xd9]J[0xed][0xf4][0x9a]:[p[0xe7][0xb][0xf4][0xe8].[[0x7][0xaa][0xda][0xa0]z.4S/d[0xe7][0xaa][0xa0]2[0xea][0x9b]H[0xf6][0xdb][0x19][0xd6][0xb6][0xcd][0x89][0xdb]50[0xbb][0x96][0x8e]"[0x81][0x8f][0xbe][0xfb][0xf0][[0xe7]x[0xf4][0xc]=[0x92][0x5]W[0xf6][0xae][0xe8][0xca][0xde]mN\m[0xee]6[0xf1]V[0xd4][0xd3][0xea][0xfb]w[0xdc][0x1c]qdm[0x89][0x8e],{k[0xe2]h[0xc3]6[0xb6]z[0x98]F]m[0xc][0xbf]u[0xed]l[0xb6][0x96][0x1][0xd4]t_[0x6][0x13][0x95][0x1f][0xa2]v[0xfc]5g+[0xc1]L[0xdc]2|[0xc9]L[0x1d]#[0xd6][0xeb][0x1e][0xa0]2[0x1a][0xef][0x1f][0x8c][0x7][0xbf][0x1e][0xef][0xbf][0x1e][0xf][0xbe][0x18][0xef][0xbf][0x1d][0xef][0xff]m<8c[0x11]Z[0xb1][0xfe]M[0xd7][0x5][0xf6][0xdc][0xbe]bk[0xd7][0xb7][0xe2]6JbC[0xbb]F( n[0xe9]@[0xf2][[0xf2]HF[0x1d][0x2]**[0xa3][0xae]e[0xf5][0xcd][0xf2][0xf5][0xeb][0x6]6[0xad][0x96]nS[0xcb][0xd0][0xb0][0x99][0xc2][0xf6][0xf5]6Xp[0x1d]:j[0xca][0xdc]V[0x91][0xcf][0x11][0x90][0x1b]Do[0xb9]o[0x0][0xb4][0xc][0xf][0x81]F[0xa5][0xb2]^[0x9d],/[0xc7][0x8a]3[0xc5][0xc8]2[0xf5][0x96][0xc6][0x97]Q[0xea][0xe8][0x86][0xb4][0xee][0xb9][0x91][0xaa][0xba][0xde][0xc7][0x86][0xb][0x9b][0x8c]t[0xc6]a[0xc5]u[0xc8][0xbc][0xdf][0xf5]L[0xec][0xc9][0xf0]6{$-Moy*[0xc1][0x9e][0xb6]w[0xb7][0xe1][0x13][0x2][0xb4]--[0x9a][0xec][0x8f]9E}~[0x16]W[0x9f][0xcf]c[0xea]S[0xaf]$[0xa8]O6_[0x12][0xe5]g[0x19][0xc][\r]w[0xa1]G[0x93]$[0x88]9[0xad][0x0][0x8b][0x84][0xfd][0xf0][0xff]v[0xb7]1[0x5][0xda][0x3][0x10][0x4]i[0xc1]6[0xf4]>[0x8e]H[0xd2][0x8a]n[0xb8][0x92][0x14]\[0x15]D[0xa9]T*[0x86][0x15][0xa9][0x90]N)J[0xa1]P([0xca][0xca]|j^[0x90]%wY4[0xb3][0x1b]([0x93][0x92]/[0x85]t[0x89][0xda][0x84]$[0xe9]R[0xa6][0x9c][0x8e][0xe8]RTt\[0xcf]1[0xa1][0xc9][0xe4]JS[0x85]fas}[0xf2]z[0xb0][0x99][0x85][0xe5][0xe5][0x87][0xfd][0xd7][0x17][0xeb][0x8b][0xb9]-[0xb2]l>[0xc0][0xa1][0x97][0xed][0x1][0xf6]f)[0x4]incjn[0xc1]t[0x94][0x83]Y[0xb8][0x14][0xf3][0xc5][0x2][0x9f][0xe0][0xe0][0xa2][0x7][0xef][0xf1]x[0xf0][0xed]xp4[0x1e][0x9c][0x8d][0x7]?[0xff][0xe7][0xc9][0xd7][0xff]8[0xfb][0xab][0xf][0xef][0xa2][0xa9][0x13],[0xf9][0x8f][0x9a][0xc3][0xbb]H[0xba]`J[0xed][0x89][0x95][0xe3][0x1b][0xb3]r[0x80][0xdd];a[0x8d][0x7][0xc][0xbb]VsK[0x93]tKoi[0x1][0xc8][0xaf][0x9d]?9[0x87][0x1f]_8[0xa7][0x92]s8z<z[0xea][0xbc][0xb9]<[0xc9][0x4].A[0xf2][0xc2][0xa6][0xf8][0x9c][0xfa][0x18][0xa8][0xb4]I[0xaf][0xe]i[0x98][0xd0][\n]"
18:24:04.197 [main] DEBUG org.apache.http.wire - http-outgoing-0 << "i[0x2][0xe5][0x8b][0x9b][0x84]&[0x89][0xa3]Y[0x8f][0xa3]y#[0x11][0xcd][0xbc][0x88][0xe6][0x86]f[0x0][0x85]$.[0x99][0xc7]F[0xf7][0xbe][0xd6][0x1f][0x9e][0x18]Z[0xf8]7[0xf8][\r][0x16][0xe0]L:[0x83][0x82]a[0x1a][0x9d][0x85]t[0xa6][0x10][0xe2]3[0xa7][0xa4][0xd2]r&[0x1d][0xad][0x18][0xdc][0xf5][0x98][0xd4][0xc][0x99]R1W[0x9a][0xa0][0x99][0xcd][0xa5][0xf2]Ih*14[0xd1][0xf2][0xca][0x2][0x92][0xd1]-[0xae][0xbe][0xcb]K5$[0xa3][0xa5][0xd5]F[0xac]L[0x10]f[0x1b]-[0xf][0xa6]S[[0xa9][0xd7]C[0xe5][0x81][0x17][0xb4]Dx[0xe][0xe][0xe8][0xad][0xcf]`[0xf7]~[0x84][0xdd][0xfb]Z[0xdc]'J[0x8a][0xf7][0x82],[0xcc][0x87][0xe1]I[\n]"
18:24:04.197 [main] DEBUG org.apache.http.wire - http-outgoing-0 << "[0xe][0xde]/7[0xfd][0xba][0x97][0x85][0xd4]{2[0x1e][0xfc][0x92][0xa7][0xde][0x83] [0xe9][0x6][0x83][0x9a][0xde][0xa0][0xe1][0x81][0xdb][0xee][b[0xdb]M[0xb4][0xbc][0xfb][0xf0]$[0xc8][0xb2][0xbc]}[0xf][0x2]4[0xf]F[0x8f][0x9d][0xaf]Xn[0xfd][0xf8][0xe2][\n]"
18:24:04.197 [main] DEBUG org.apache.http.wire - http-outgoing-0 << "L6/[0xc1]du[0xe1][0xe6]Fe[0xb2]hUL-[0x3][0x88][0x14][0xe0]y[0xd3][0xc0]X[0xda]0[0x80]I[0x8b]j`[0xdc][0xc3][0xd4][0xba]jJ[0xad][0xdf][0x10][0x81]U[0xb1]1[\r][0xd8][0xf6]n[0xc][0xd8][0xda][0xed]([0xb0][0xb5][0xdb]I[0xb9]4[0xa3]DJ[0xf9][\n]"
18:24:04.197 [main] DEBUG org.apache.http.wire - http-outgoing-0 << "Q5[0xf6]&[0xc7][0x89][0xe5].k[0xbb][0xb0][0x83][\r][0x9e]I[0xd5][0xe1][0x91][0xa1]a[0xb1][0xa0][0xef][0x18]Z[0xb][0xa6][0xe5][0xcf][0xe0]j[0x98][0xd0]\:[0x97]f[0x9f][0x10][0xa2][0x19][0x6]^6F(_[0x80][0x10][0xa1][0xd9][0x92]R[0xe4]4[0xfb][0x8c][0xe6]S[0xd9]K2[0xba][0xb1][0xc9][0xaa][0xec][0xfa][0x8d][0x9f] [0x19][0xad],[0xb0]D[0xb8][0xd0][0xf8][0x84][0xf1][0xba][0xbe][0xc1][0xbe][0xeb][0x8b][0xec][0xbb][0xb2][0x9e]T[0xdc]?v[0x15][0xdf][0xf9][0xbd]s[0x1a]'W[0xc9]L%[0xb7]v[0xbb][0x16][0xa6][0xcc][0x9d][0x8c][0xd4][0xd6]([0x18]Ba[0xff]&[0xe5][0xcc][0xc8][0xbd]|@[0x88]_0 [0xe4][0xd9][0x80][0xa6][0xd6]BIq[0xbf]uN[0x9d][0xaf]F[0xcf][0x9d][0xa3][0x8b]0fq[0x85]06TL[0xc2][0x18]{[0xcf]\[0xe4]x[0xff][0xeb][0xf1][0xfe][0xe1]xp,[0xa0][0xec][0xbf][0xae].[0xca][0x86]:<"![0x94]'m[0xf]e[0xd6][0xfd][0x1e][0x9e][0xa0][0xfc][0xf7][0xef]4#T,?[0x9e][0xe4][0xd9]K[0xa3][0xdc][0xde][0xbd]Lz[0xad]l[0x86][0xf7][[0xec][0x5][0xbd]|vu#;t[0x8e][0x9d]?8[0x87][0xce][0x1b]^[0x1]8[0xaf]F{[0xce][0xe9][0xe8][0xf9]h[0xf4][0x9c]m[0x17][0x99]+[0x9][0xb8]c[0x8d]b[0xd7]2|[0xa5]{0[0xf0][0xd4][0xc8],gT[0xb0][0xf4][0xf4]{ =[0x0]n[0xdb][0x2]t[0x97])A([0xe6][0xba][0xf8][0xc0][0xa5]:[0x6][0xd5][0xc6][0x97][0x8a][0xf8][0xb5]s8z[0xe2][0xbc]u[0x8e][0xdc]h[0xdf][0x8c][0x9e][0x8d][0x1e]K[0x91][0xf7]CF[0x9f][0x9e][0xef][0xf5][0xb4][0xf7][0xef][0xc0][0x92][0xa0]=W[0xb3][0x1f][0x0][0x91][0x80][0xcc][0xbd][0xc7][0xee]v~[0xb2][0x3][0xac][0xb8]so*[0xe9][0x1d][0x89][0xc7][0xd0][0xb0][0xc0][0xc2]&[0x12]5L[0xd8][0x16]T8+@[0xa5][0x6][0xf4][0xf4]i[0xb5][0x87][0x19][0xaf]=[0x1a][0xb1][0xda][0xa3][0xb1][0x9c] eJ[0xa1][0x94][0x13][0xb5]l[\r]T]b_I[0xf5][0x7][0xf3][0xca]#[0xda][0x2][0xa9]q[0xbe][0xe7]FT[0xe9]a"[0x18][0xdc][0x1f][0x92]g[0x17][0xc4]n[0xb5][0x85][0xbd]t[0x15]V[0xbb]5[0x9d][0xec]P[0x1c]?[0xbc][0xc8][0x17][0x15]A[0xe4][0xe6][0x94]\*[0xeb]}[0xe4]9[0xa5][0x18][0xab]H[0x84][0xc5][0x9a][0xc8][0x9e]2??k[0xc7]0[0xa7](3w[0xc][0xb1]g[0x11]U[0xb2][0xc2]T%[0xdb]l[0x84][0x94]l[0x93]j[0x16]n[0xbb][0xf]_[0xaa][0xe9][0x84][0x88]r[0xf6][0xa3][0x8b][0xa5][0x8c]+MH[0xca]0UC[0xc5].UI[0xc2]6[0xc2]7GN[0x17][0xcc]^[0xa4][0xaa][0xe9][0xe9][0xa1][0x1d][0x89][0xbf][0x86][0x82]'[0x15]T[0xa0] u[0xe0][0x1a]x[0xcb]0][0x18][0xdd]"
18:24:04.197 [main] DEBUG org.apache.http.wire - http-outgoing-0 << "[0x17][0x85]jf[0xab];[0xe7]/[0x19][0x97]H[0xde][0x90][0xfc][0xe5][0xc][0xa4][0xd2]5C[0x8f][0xe9]%'[0xdf][0x14]D[0xf3]%[0x97][0xcb][0x93]}[0xf9][0x9b][0xf1][0xfe]_[0xc6][0x83][0x83][0x90]t[0x8a][0xe][0xb1]/[0xa1][0xf1][0xfb][0xf4][0xad]D[0xb3]+[0xa8]n[0xbc]@[0xcd][0xe0][0x1][0xbb][0xc2][0xca][0xec][0xe7][0xbf][0xd8][0x82][0xc0][0xec]*[0xec][0x19]S[0x85][0xd1]3[0xe7][0xe0][0xe3][0xb][0xc9]9[0x18]=qN?[0xbe][0xf8]p[0xe4][0x1c]^[0xbe]n2{S[0xc4]6$[0x7][0x8d][0x8a] [0x7][0xb4][0xad][0x1b][0xc6]4[0x1d]h[0xc7]u[0xa0][0x16][0xd3][0x81][0x95]Z[0xd2][0x1e][0xa4]X[0x88][0x94]4[0xee][0x8d]$[0x2][0xd2]g[0x98][0x90][0xc4][0xdd][0x8]s[0xb4]fh[0xb4][0xa5][0xf5][0x81]h[0xd6][0xe][0x97][0xb5] @[0xff][0x8a]%[0xb5][0xaf][0xf9][0xd6][0xff]pgR,[0xa5][0x95]\x_[0x92]I[0xe5]e%[0x95][0x17]E[0xc0][0xbd][0xd7][0x84][0xfe]\[0xa1]4[0xfb][0xbc] [0xa1][0xe0][0xb9][0xb9]^[0xe1]E[0xce]Z[0xac][0xa4][0x99]L2[0xa2][0x0][0x99][0xf4][0xe9][0xec][0x80][0x97][0x80]!R[`[0x85]Ji[0xb0][0xd8]YM[0x14][0xd5][0x16]3[0xf][0xbf][0xbc][0x0][0xd0]`[0x1a]n[0xe1][0x12]4[0xdd][0xc2][0x85]7[0xc5][0xba][0x85][0x9d][0x1b][0x8c][0x7]GA[0xc5][0x12][0x8c]h[0x1a]B[0xb3]/^[0xa5]Dhv[0x83][0xce][0xe1]}[0xc7]S[0x96]W[0x9d][0xd3][0xab][0xf0]C[0xdb][0xb3][0xf9]Y[0xa9][0x89][0xfc][0xa8]:[0x99][0x86][0x8f][0x1e][0xc7]g5[0x86][0xcf][0xad][0xd5][0xa4][0x1d]A.[0x92]E[0xeb]6[0xd0]v"4l[0xf8]:[0xee][0xf][0xbf]i[0x12][0xad][0x5][0xfc] [0xc5][0x8f][0xe9][0xfd][0xde][0xf7][0xbf][0xeb][0xdb]M[0x9e]L[0xdb]X[0x2]z[0xed][0xfb][0x97][0xdf][0xff][0x8a][0xc0][0xec][0xed][0xc2][0xb2][0xd6]n[0xb3][0xe3][0x9b][0xa4][0xcd]B&_*[0x94][0xd2][0x91]<[0xca][0xc1])[0xc5][0xc8]a[0x81][0x84][0xd2]f&W([0xa6]C[0x87]m[0xf9]R[0xaa]pIx[0xaa][0xab][0xec] [0xd5]U[0xa6][0x11][0xb7][0x97][0xd9][0xb1][0xc7]Je9[0x1]$o[0xea]Q[0x8e].8[0xec]_[\r]m"[0xbd][0x88][0xa5][0xad][0x7]@w!L[0xd4][0xd2][0xee][0x8c][0xc3]~+r[0xd8][0xaf][0x1b][0xa1][0xc3]~[0xdd][0xb0]l[0xd5][0xc6]&[0x8e]2[0xe5]][0x19][0x1e][0x9b][0x17]a[0xe5]M[0xca][0xa3][0xca]kyPy[0xad]0S[0xfb][0x16][0x98][0xf2]z4[0x85][0xfe]}[0xe1][0x9a][0x7][0x94][0xd7][0xea][\n]"
18:24:04.197 [main] DEBUG org.apache.http.wire - http-outgoing-0 << "=[0x3][0x9e]>[0xf0]:[0xf5]*<[0xa9][0xfa][0xff]O[0xf1][0x1f][0x96][0x80][[0x11][0x9][0xb0]52U[0x4][0xb4][0xb8][0x8],[0xc6]D`1[0xe9]X@[0xc9][0x14]"*[0xb0][0xd1][0xc5][0xd2]g@[0x8][0xde]IR[0x82]E[0x91]k[0xb7][0x1c]1#dW[0xc1][0xd0][0x9a]M[0xcc][0xa9][0xc]S[0xad]ds[0xf9]L[0x8]i[0xa5][0x94][0xca][0xe4][0xe5][0xb9]B6[0xc5][0xe][0xd2][0xd9]'[0x8a]6[0x9b]t[0xf8],`^[0x99]Y[0x13][0xa7]s[0xb3]k[0xe2][0xc9]j[0x8a][0xc][0x17][\n]"
18:24:04.197 [main] DEBUG org.apache.http.wire - http-outgoing-0 << "[0xd3]s[0xe1][0xe7][0xd5]P5[0xbc][0x0][0xa6]%[0x5][0xd3][0x94][0xda][0xff][0xd3]z[0xf8][0x2][0x86][0xfd]i[0xf9][0x14][0xfb]m[0x9f]c[0xbf]-[0x90][0xfc]G[0x91]d[0xbf]Os2&[0xc][0xb3][0xd7][0xf4]i[0xf6]{[0xfb]<okq[0xa0]?[0xbe][0xb8][0x2][0xd2][0xff][0x6][0x0][0x0][0xff][0xff][0xd4][Io[0x1b]7[0x14][0xfe]+[0x3]_[0xd2][0x2][0x92][0xaa]e[0xb4][0x1d]%[0xd5]PZ[0xd4]K$[0xb]F|[0xa3]$[0xc6][0x9a]T[0x1a])[0xd4][0x8c][\r][0xdf]l[0x7][\r]|H/=t[0x1]z[0xa8][0x91][0x1a][0xb6][0xdc][0x6][0x89][0xf]6\7i[0x80][\n]"
18:24:04.197 [main] DEBUG org.apache.http.wire - http-outgoing-0 << "[0xe8][0xd9]>[0x8c]a'[0x17][0x15]A[\n]"
18:24:04.197 [main] DEBUG org.apache.http.wire - http-outgoing-0 << "[0xf4]_[0x14][0xe4]l[0x8f][0xe4]h[0xab][0x8b][0x0][0xbd]8[0x9c][0xe1][0x82]7[0x14][0xbf][0xef][0xf1][0xbd][0xf7][0x5]}[0x84]44[0xd6]E[0xf2][0xe0]0[0x10][0xa9][0x19][0xb6][0x17][0x9][0x82][0xc7][0x3][0x19][0x1e]w$x,[0x5][0xc1]#[0x95][0x8e][0xf3][0xe8][0x90]1[0x1][0xf1][0xb0][0xd8]v[0x8e][0x1][0x0][0x83][0x88][0x1][0xc1][0xab][0xa5][0xd5]H*[0x19]R#j[0x86];[0xfb][0xbe]?[0x8b][0xa8][0xb3][0xe9]qG>A[0x8f]|[0xc8][0xf6]k[0xb0][0x9d][0x4][0xed][0x14]h[0xa7]A;[0xe3][0xb7]cQ[0xd0][0x8e]O[0x0]#[0xb0][0xef]bX9[0x1c]H[0xb9][\n]"
18:24:04.197 [main] DEBUG org.apache.http.wire - http-outgoing-0 << "L[0x90][0x99]][0x9a]Q[0xd5][0x86][0x81]([0xe4]M+[0xe6][0x17][0xfd]iy[0xa2][0x19]Z[0xb7][0xa1]t[0xda]&[0xab][0xe7]xS~[0xf2][0xde][0x2]Qb[0xf2]K[0x11]Xz/[0x99][0xdd]n@v[0xfd][0xfc][0x87][0x8b][0x87][0x17][[0x17][[0xe7]g[0xe7][0xa7][0xe7][0xbf][0x8c][0x82][0xb2][0x81][0xc8][0xe7][0x6][0xf5][\n]"
18:24:04.197 [main] DEBUG org.apache.http.wire - http-outgoing-0 << "[0x1e][0x98][0x8d][0xfe].1[0xb4]:[0x80][0xb3][0xbd][0xfd][0xf]L[0xef][0xbe][0xfb][0xee][0xcb]o[0xfe][0xda];~[0xf7][0xe3][0xfe][0xdf][0xdf][0x9d][0xfa][0x88]6[0x10][0x9d][0x87]}H[0x83][0x95][0x1c]T[0xd3]75[0xe7][0x95][0x83]l[0xf0][0xdb]6[0x88]h[0x92]S[0x12][0xbb]~t[0xbd]su[0xf0][0xfa][0xd9]tumcjxk[0xab]&Rh[0xa5]9[0x8f]H[0xd5][0xac][0xf][0xc3][0xf9][0xaa][0x8c][0xf3][0xa2][0x8c][0xf3]b[0xb0][0x1b][0x14]J[0xcd]e[0xa4][0xe9][0x86][0xf2]i[0xbb][0xa1][0xdf][\n]"
18:24:04.197 [main] DEBUG org.apache.http.wire - http-outgoing-0 << "[0xca][0x91][0xe7][0x8a]7q[0x84][0x99]T<[0xb]k[0xc9][0xb1]t$J[0x1d]a,[0x92][0x11]< [0xfb]t=[0xe4]~8[0x8][0x10][0xd5][0xf8][0xe3][\n]"
18:24:04.197 [main] DEBUG org.apache.http.wire - http-outgoing-0 << "[0x83]6W[0xbc][0xd9]f[0xfe][0xd7]^[0xd1][0xfe]B[0x93][0xfb]B[0x17]S[0xac]k[0x3]t[0xb8][0xd0][0xa2][0x1d]al[0x84][0xfd][0x1e].[0xa2]|[0xf4]v[0xfb][0xc9][0xdb][0xed][0xe7][0xec][0xf1]WV[0xe0]z[0xf1][0xf6][0xe1][0xd7][0xec][0xef]&@[0x1e][[0x1e][0x83][0xe5]=[0x4]>[0x15]{<$J=. [0xed][0xc5]t[0xd0][0xd3][0xf0][0x8c]]C[0x8a][0x6][0xbf][0xc2][0x8b]O[0xf][0xdf]<[0xa6].[0xf8]j_[0xb9][0xde]Qh[0x95][0x8c]%w[0xae][0x9e]M[0xe3][0x90][0x8d]I[0x94]([0x85]\[0xe9][0x93][0xc2][0xc2][0x1c][0xc][0xf1][0xdd][0x93]Ph[0xb7]Z[0xa6][0xae][0x19][0x1b][0x93]\[0xb7][0xb]m:[0xb6][0x8e][0xea]J[0x1d]7[0xed][0xe3]D[0xb9][0xcb]^[0x3][0x99]F[0xbf]g[0xbf][0xec][0xf7][0xb0][0xce][0xee][0xda][0xec][0x89]&[0xec][0xb0]R[0xc4]-[0x8c][0xf5]n[0xad][0x81]:[0xc2]uz[0x89][0xa3][0x14][0xb2][0x8a]uC[0xd3][0x87][0x11][0x9][0x91][0x89][0xa4]$[0x11]I)[0x88]H[0x92][0xc2]m:ob[0xbd][0xdd]Ur[0x1a][0xc1][0x81]4B[0x97]u[0xad][0xc1]J[0x9][0xb3]P[0xba][0xc6][0x87][0xdb][0xbe][0xb5][0x13]P[0x8e]#[0x0][0xb2];[0xc5][0x12]\"[0x99][0xa5]U8x[0xff]H[0xa8][0x91]h([0x9c]R[0xc5][0xac][0xb4]k[0x13],[0xc4][0xa5]3t[0xb6]O;j`[0xb1][0xdc][0xb9][0x8e][0xf0][0xa1]u~[0x81][0x96]2[0xf2],;U[0xb8]M[0xdb][0x8b]%Z[0x94][0xab][0x94][0xee][0xca][0x1]"
18:24:04.197 [main] DEBUG org.apache.http.wire - http-outgoing-0 << "6[0xf8]u[0x4]&J[0xc][0xaf][0xbb][0xe5]JeX,q[0xb7][0xb4][0x83][0xbb][0xed]i(H[0xd0][0xd3]u;[0xa0][0xe6]V[0xee][0xd0][0xc4][0xb0]LA[0xdd][0xe][0xea][0x1f][0xb5][0x9b][0xe2][0x5]aU[0xa0][0xb3]U[0xa2][0xfb]k[0x15]MD[0x90][0xde]*.[0x96][C[0xfd]#|[0xeb][0xcf][0xb3][0x97]#([0xcd][0xf9]:[0xa1][0x80][0xe7][0xee][0xd9]=[0x2]w@[0xac][0xe1][0xbd]`[0xfc][0xb5][0x5]5p`n[0x95][0x8]/:[0xe2][0x8][0x9b][0x8d]\[0xb]@U[0x1e]Z`[0xd3][0xcf][0xd5][0xd1][0xeb]o[0x99][0xf4][0xed][0xf0][0xcd][0xe3]i.[0x8]d[0x12][0xba][0xa9][0x94]s[0xf3]\y[0xa2][0xad][0xd3]\.w[0xfe]ue[0xde][0xd9]:[0x99]wf*[0xf3][0xb9]2[0xcb]o[0xb2][0xc6]gL[0xf2][0x99]c:O[0x9e][0x8f][0x9c][0xc0][0xbd][0x8e][0x95]yT[0xd3][0xe8]AW[0xca]&An&[0xbe][0xeb]G[0xfb]lH[0xbf][0xcc][0x86]4[0xc3]9a[0xc]V[0xd6][0x90][0xae][0xac][0x98]Z=[0xec][0xe7][0xed]1[0xb3][0x91][0x9d];[0xc1]v;A[0xc1][0xd1]X[0x89][0xcf][\n]"
18:24:04.197 [main] DEBUG org.apache.http.wire - http-outgoing-0 << "[0x90][0x16][0x1e].[0xee]i[0xc9]$6'[0x93][0xd8]\`b]`[0xb1][0xbb][0x98][0xe0]5[0x14][0xa8][0xba][0xa3][0xf3]o[0xa3][\r][0xe4][0x88][0x1e]][0x6][0xb3][0xab][0x85][0xae]y[0xd6][0xa6][0xb5]k[0x1d][[0xbb][0xd6]K[0xeb][0x95][0xb5]k[0x9d]X?)[0xec][0xd5][0xc9]%[0xfd]{f[0xed]Y[0xaf][0xac][0xd3][0xcb]m[0xab]g[0x1d][0xb3]O[0xc6][0xa9][0x87][0x97]q[0xd7][0x18]&[0x1e][0xce]fU[0x9e][0xe3]TJY[0xaa][0xa4][0x1d][0xb6][0xad][0x3][0xf4][0x96]M[0xab][0x9][0xa0]2[0x88]F[0xb2][0xc1][0xe2]a[0x89][0xdc]r+L[0x9]4K[0xd3][0xa4][0xb6][0x90]x[0xa9]"k[\n]"
18:24:04.197 [main] DEBUG org.apache.http.wire - http-outgoing-0 << "[0xc4]M[0x90][0xd9]-[0x19][0x1b][0xce]ns0hrLW[0xea][0x4][0xb5][0x0][0xb9][0xd1]k[0xe0]Hvkl[0xf0][0x8c][0xd4][0xd8][0xc0][0xf2][0xaa]3[0xc1]v[0xef]]nZ{[0xd6][0xc9]{[0x8d][0x82][0x98]E[0x90][0xe4][0xdc][0x3][0xe5]P\[0xab][0xdf][0xb]P[0x1b][0xed][\n]"
18:24:04.197 [main] DEBUG org.apache.http.wire - http-outgoing-0 << "j#oV[0xd5][0x9d]u[0x8][0xd5]F[0xf6]*[0x80][0xda][0xe8]p[0xc8]k[0xf4][0x19][0xa8][0x8d][0xf6][0xaf][0x8e][0xae][0xbf][0xf8]7z^[0xd2][0x9a]D[0x5]([0xc8][0x0][0x11][0x93][0xf2][0xce][0xd6][0xda]z[0xbb][0xa5][0xd5][0x86]&-gfs[0xb3][0x95][0x99][0x91]:[0xa3][0xd2][0x1c][0xcf][0x1d]fu[0x18]s[0xac][0xcb][0xcc][0xb1],1G~9[0xa8][0xa6][0x90]M[0xf3][0xcc][0xb1]@[0x90]~[0x1f]w[\r]T[0xf]"[0x8f][0xe5][0x1b]e[0x13][0xa3][0xe9]D[0x16]V[0xd6]X[0x81] [0x9c][0xca]F[0xb2][0x81][0xd9]D[0xfa][0xc1][0xa0]N0^[0x90];Q[0xfc][0xe4]l#[0x8f][0xe4]d"1[0x1c][0xc9][0xcb]E[0x88]9j[0x94]r[0xaf][0xd9]&[0x9a][0xe][0xaf])|5[0xfa][0x9e][0xa2]7y[0xd8][0xe9][0xcd][0xba][0xbf][0xea][0xc7][0xa6]Q[0x93]n)[0xf3][0xb8][0x8e][0x89][0xad][0xd3][0x16] [0xdc][0x11][0xea]t[0x1d][0x4][0xee])[0x1f][0xd0][0xa0][0xe][0x13][0xfd]Ce[0xd1][0xd4][0xef][0xa3][0xaa]&[0xae];88[0x1c][0xf4][0x9e][0xf][0xe][0xbe][0x1f][0x1c][0xfc]68[0xf8]y[0xd0][0xdb][0x1c][0x5]h{[0xb7][0x1c]4[0xdb][0xf][0xe][0x96][0xed][0x7]^6[0xe8]C[0xd8][0xee][0xad][0xc2][0xa1][0x1d][0xd8][0xe3]@[0xd7]~h[0xc0]a[0xde]][0x84][0xa6]*[0xa6][0x9]z[0xaa][0xeb][0xe3][0xb]u[0xa5][\n]"
18:24:04.197 [main] DEBUG org.apache.http.wire - http-outgoing-0 << "[0x87])7[0x99]5[0x4]W[0xa6][0x8c][0xab][0x8a][0x84][0xab]J9([0xf][0x19][0xe3]aU@z[0x15][0xdb][0x85]I[0x9]T[0x95][0x9][0xc4]+[0x9e][0xa5],[0xf0][0x9f][0xc7][0xeb][0xca][\n]"
18:24:04.197 [main] DEBUG org.apache.http.wire - http-outgoing-0 << "v[0xa5][0xf3][0x9c]3Uc[0xb1]t"[0xc5]E[0xc][0xf1]t$[0x1a][0x8a]%$[0xdd][0x9e][0x97][0xc9][0xf3]0[0x96]Ne[0xe3][0xd1][0xb8][0xca][0xf9][0xd4]@u-[0x9f][0xa7]L[0x8c][0xcb]SF[0xb3][0xfe][0x18].g[0x19][0x5][0xef]c[0xd2][0xf2][0x91][0xb0][0xb]~.1[0xce]H[0xdd]8}[0xf9][0xf][0x0][0x0][0x0][0xff][0xff][0x1a][0xa0][0xd1][0xe][0xa8][0x83][0x90]*M$_B[0xb2][0x1a]L[0x9][0xda][0x1a][0xfb][0xa6][0x9d][0x8f][0x9b];[0xc0]+[0xed]Q[0x16][0xf8]!iO[0x82]k?[0xbc][0x10]y[0x91][0x1f][0xb2][0x8]$#B5![0xd5][0xa2]P[0x11][0x94]z[0x14]T[0x83]n[0x4]M[0xa7][0xdd][0xee]!%c[0x96][0x16][0x13][0xce][0x98][0xa1][0xc1][0x18][0x19][0x13]g[0xb6],[0xc1][0xcc][0x96]![0x98][0xd9]2[0x4]K[0xb6]4A[S[0x1b][0x96][0x99][0x9a][0x87]}[0x11]<H[0xf7][0xe1]i[0xa0][0x92][0xb4](5[0x13]\8[0xfb][0xa3]pR[0x11]<[0x82][0xeb]M`[0x8d]_[0xac][0xcb]M,[0xcc][0x8d]L-[0x8d][\r][0x91][0x9b][0xbf][0xe6][0x88][0xf5]g[0x86][0xc6]p6f[0xe6]E[0xce][0xba][0x16][0xc6][0x16][0xe6]HsmFf 6q[0x93][0xe8][0xe0][0xc6][0xb0][0xb][0xb8][0x19][0xe3][0x1]^~[0xeb][0x9][0x9e]Z[0xf1][0xf1][0x4][0x89][0x7][0x87]y[0x83]I?[0xf0]8[0x80]+F#[0x19]5[0x8c][0xd0]r[0xa5][0x9][0xad]V[0xaa][0x80][0x7][0xc7][0x91][0xb2]bJj)RO=[0xb5]([0x17][0xb3][\r][0xeb][0x92]ZZR[0x9c][0x8c]''[0xa2][0xfa][0x4][0x91][0x15][0x91]3bIQfr[0x6][0x8e]|[0x88][0x91][0x9][0x11]Y[0xf0][0xf0]B8[0x1f][0x9c][0x1][0x91][0xf8][0xe0][0xec][0xe7][0x9f]_\[0x92][0x9a]W[0x94][0x99][0x95][0x8d][0x92][0xfd]P3[0xdf]*[0xd0][0xd2][0xaf][0x1b][H[0xc8]v%[0xf4][0xdc][0xc4][0x2][0xca]p[0xc8]9[0xb8]*[0xb5]()13[0xb][0xe7][0x1e]W[0xcc][0x95][0xf1][0x8e][0x18]+[0xe3]![0xfd]4[0x8c]=[0xae][0x96][0xf0][0xde].[0x0][0x0][0x0][0xff][0xff][\r][\n]"
18:24:04.197 [main] DEBUG org.apache.http.wire - http-outgoing-0 << "16ca[\r][\n]"
18:24:04.197 [main] DEBUG org.apache.http.wire - http-outgoing-0 << "[0xec]][0xcb]o[0xdc]F[0x9a][0xff]W[0x8]c[0x81][0xcc][0x2]R[0xa3][0xd9][0xec][0xe7]Q[0xb4][0x9e]#K[0xf2]tK[0xf2][0xc4][0x8b]=[0x14][0xd5][0xa5]nJlR[0xe1]C[0x86]t[0xb2][0xa5][0x8c][0xed][0xbc][0xc6][0x1b][0xc][0x16][0x9b]l[0x82]M[0xe2]I[0x9c]([0x8e]a;[0xb2]7Nb{[0xe]=9[0xec]b[0xf][0xad][0x9b][0x94][0xb9]x"8[0x98][0xf9]/[0x16][0xf5] Y[0xaf]nu[[0x8e]c[0x7]s[0xb1]E[0xb2][0xaa]X[0xac][0xe6][0xf7][0xe3]W[0xdf][0xe3][0xf7]Q[0x9b][0x1d]X[0x8d]T2|V[0xdc][0xdf][0xb2]s[0x1a][0xd9][0xfc][0x9f]w}[0xb]l[0xa0][0x8d]{[0x15][0x6]4$&[0xf8][0xf3][0xed]cle+%#[[0x10][0xb7][0xb2][0x85][0xa1]|I[0x8c][0x81]I&b[0xa7][0x2]\,[0xb2][0xa6]:[0xc3][0xc8][0x94][0xfa][0xdd][0xcd]b[0x9b][0x0][0xbb][0x9b][0xad]b[0x9d]D[0xb5][0xa7]e[0x9e]Z[0xf1][0x11][0xed][0xb1][0x9d]=[0xcb]f[0xbf][0xa6][0xd3][0xd7]Z[0xc0][0xc5]Qb}oi[0x81][0x90][0xb5][\n]"
18:24:04.213 [main] DEBUG org.apache.http.wire - http-outgoing-0 << "6[0xa1]rdQ~[0x1][0xf3]{[0xd5]m[0xc7][0xee][0xf1]I[\r][0xf0] udUN[0xbf][0xaa]d[0xe4][\r]6[0xf5][0x14][0x9f]j[0xdf][0xac][0xaf][0xf0][0xb9][0xa7][0xc8][0xe2][0x86]s`[0xb6]>F[0x11][0xf4][0xdb]dMo[0xec]+d[0xf9][0xcc][0x19]6[0xf9][0x94];E>[0xb0][0xe8][0x14][0xb4][0xeb][0x9b]+L[0xf2])n[0xb6]R[0xff][0xee]![0x93]~zu[0xff][0x16]2[0xf8][0xe3][0x88][0xfa]/[0x6][0xdb][0xae]n[0xc2][0xa3]?[0xb3]g[0xc7]X!5A[0x13][0xb4]@[0x97]<PK[0xe][0xf8]6[0xa5][0x80]os[0xb2][0xa6][0xf4][0xce][0xe5][0x5]7[0xfc],[0x8][0x2][0xa0][0x12]R<$r[0x15]x[0xee]9[0x8][0x9c][0xb0][0x89][0x4]5l"w[\n]"
18:24:04.213 [main] DEBUG org.apache.http.wire - http-outgoing-0 << "[0x99][0xdb]16[0x9c][0x6][0xb6][0xb3][0xf9]+y[0x1c][0xbf]R*[\n]"
18:24:04.213 [main] DEBUG org.apache.http.wire - http-outgoing-0 << "[0xaa]0[0xbe][0x17][0xfb]5[0xd5][0x8d][\n]"
18:24:04.213 [main] DEBUG org.apache.http.wire - http-outgoing-0 << "kZ[0xea][0xb6][0xdd],[0x1c][0xb9][0xdd]LWX[0xfc]4v[0xf]>3[0xd9]0[0xee]xj[0xcf][0x89][0xba][0x9a]>[0xf][0x96][0xaa][0xf4][0x10]KTzH[0x84][0x9][0xb9][0xd9][0xae][0x1c]n[0xff]W,=[0xe9]u[0x8b]o[0xbe]F[0xae][0xc6]K[0xe5]$[0x17]8[0xff]n[0x10][0xcb][0xb]Y[0x8a]DRP[0x2][0xd9]%[0x9c]3[0xd1][0xbf]*j5[0x83][0x17][0xdc]1f[0x8e]L[\n]"
18:24:04.213 [main] DEBUG org.apache.http.wire - http-outgoing-0 << "[0x12][0xec][0x3][0xbb][0xcb]7[0xd6]j[0xca][0x12]<)KpU[0xf5][0x8d]-[0x19]b&[0xb7][0xb]Z*M[0x19][0x8f]8m[0xbb][0x8d][0xba][0xd7]B[0xb2][0x9b][0xce]h[0x6][0xb4][0x1c][0xb0][0x8a]2U[0x9c]a[0x13][0xfc][0xf5][0xde]'>[0xd8]p[0x8f][0xf1]u[0xd5][0xf3][0xd9]|[0x85][0xcf]GCZn![0x9b])[0x14]DqFS[0xb0][0x99]}m[0xe1][0xe8][0xe0]l[0xe3]Ha[0xfe][0xe1][0xfc][0x15][0x1c]K[0xf8][0xd9][0xfe][\r][0x1c]K[0xa8] [0x90][0xe8][0x91][0xd7]mN[0xf2]b[0x8d][0xa7]([0xe7][0x99]eP[0xa2][0xd9]g?[[0xa2]Y[0xfa][0xf3][0xc5][0x2][0xee]C[0xdb]e[0x4][0xdc][0x87][0xed][0x9b].'[0xe1][0xf7][0xf][0xb7][0xbf][0xc0][0xff][0xee]2rN{Y>wH[0xe5][0xdc]o[0xef][0xb4][0x18]9[0xa7][0x17][0x9b]|[0xdb]X[0xca]o [0xbd]w[0x80][0xef][0xa0][0xd5][0xf4][0xfb][0x9]0}A2[0xb5][0xcc][0xea],/[0xef]n[0xc3][0x1]u[0x88][0xa1][%[0xf2]rv[0x86])eg[0x98][0x13][0xaa][0xec][0x8c]r9[0xcb][0x8b][0xfc]h[0x13][0xac]*%[0x1e][0xa7]d@o[0xcd][0x81]/[0x5][0x1a][0xab]`s[0xb3][0x9b]h[0xdf]q[0xdb]w[0xd6][0xfc][0xf6][0x9d][0x15][0x10][0xb6][0xef][0xa0]_[0x89]mp[0xc][0xba][0x19][0xbd][0xa8]g[0xb3][0xc5]RE[0xf8][0xb4]g[0x87]*Y[0xe9][0xc3][0x1e][0xdf]/[0x5][0x3]=_*[0x94]XM;[0x97][0xd1]UxPTd[0x90][0xcf] [0xac][0x9c][0x9a][0x1d]=![0xe7][0x99]'[0x17][0xbd]D[0xdd]w[0xc1][0xe6][0xe8]<[0x8b][0x9][0xc9]d[0xb5][0x90],}[0x82][\n]"
18:24:04.213 [main] DEBUG org.apache.http.wire - http-outgoing-0 << "[0x8f]>[0xdd][0xed][\r][0x9][0x96][0xf0][0xb5][0xb7] c[0x13]6[0xa1][0xdb][0x0][0x8e]l[0x9][0xbe][0xf6][0xc5][0xa3]k[0xf][0x1f]][0xdb]zt[0xed][0xcb]G[0xd7][0x1e][0xf6][0x2][0x5]:[0xb3]tk[0xcc]=0[0xc5][0x6][0xe6]L[0x8a][0xe][0xbb]([0xea][0x6][0x19][0xa9].[0x1d]n}u[0xb8][0xfd]I[0x8a][0x11]LsK[0x1a]`[0x8d]mC[0xf6][0xdc][0x14].[0x98]FM[0xb6][0xdb]w[0x1f][0xa5][0xa0][0x81][0xc3]XQ[0xc][0xf8][0xcd][0x1]6[0xcc]V[0xa3][0xfe][0xdc][0xf1][0xb7][0x98]#[0x82][0xf8][0xfb][0x16][0xa8]{[0xdd]4vK[0x16]~S[0x12][0xfe][0xaa][0xa9][0xd6][0xd8][0x85][0xdc],[0xd3][0xb7][0xeb][\r][0x18]z[0xe7]T^d[0xd3]<[0x8e]^[0x9e]+[0x17][0xf8][0xa0]Z=[\r]([0x1f][0x1a].T2[0x5][0x95][0xc9][0x8b]<;[0xab][0xa5][0xe7][0x8d][0xa7][0xe2][0x12]b[0x16]U[0x94][0xdc][0xee][0xd1]+[0xa6][0xc9]}[0xcd][0xe9][0xd4][0x9e][0x1b]-=y"*[0xac][0xc9]1[0x15]Ut[0xc]99%[0xac][0xf][0xaf][0x1d]n}[0x9d]Jh[0xd2][0xcb][0xf2][0xf9][0xe3]5[0xe1]:[0x15][0xcd][0xe4][0xb8])[0xb4]O4v[0xb2][0xb7][0xc5]IX[0xbb][0xfd][0xb][0xa6]o[0xbd][0xf0]Z{[0x95][0x13]c[0xe8][0x0][0xe2]wWI[0xf1][0x86],[0xc5]/KR|[0xaa][0xaa][0x8c][0x3][0x11]H^fl7XU[0xc9]/[0x1a][0xd0][0xb4][0xf1]4[0xbe]{O0[0x93][0xa5][0xb3][0xeb][0xbc][0xdd][0xb9][0xdb][0xf9][0xb6][0xf3]p[0xef]<[0xf5][0xff][0xdf][0xdb][0xbb][0x82]N[0xd8][0xb9][0xbb]w[0xa1][0xf3][0xa7][0xbd][0xed][0xce][0xed][0xce][0xb7][0x9d]{[0x9d]o:[0xb7]4[0xda][0xf6][0x16]m[0xfb]&[0xba][0x1]t<[0x1f]E[0x14]l[0x0]|[0x8b][0xd8][0xc8][0x16][0xdf][0xe1][0x87][0xf3][0xef][0x1e]m<[0xa7][0xee]L[0xb5][0xf1][0xbc][0x92][0xaf][0x94]K[0x1c][0x94][0x14][0xd0][0xb6][0x1d][0xf1]T[0xf0][0xd8]An[0xc8]E[0x8f]dK[0x9c][0xc1]-WT[0xbb][0xba][0x14][0xb1]q[0xa7][0x16][0xb1]}|[0x1e][0x99]NO[0xe3]89bp[[0x98][0x96][\r]n[0xec][0xb2][0xfc][0xdf][0x5][0xba]0<[0xcc][0xe8]=[0xc8])[0xcc][0x97][0x19][0xbb][0x1b]r[0xfb][0xa5]O[0xa2][0xf9][0x91][0xe5]@[0x16]jL[0x9f][0x8d][0xbf]7_f,[0xec]sN[0xfd][0xc8][0xae]=[0xd5][0xb]([0xaa][0x17][0xe][0xab]^0[0xab][0xcb]?[0xfd]m[0xf6][0xa5]@[0xef][0xc9][0xde][0x15][0xad]s[0xbf][0xf3][0xb0][0xf3]e[0xe7][0xd6][0xb3][0x8c]L9[0x3][0xed][0xf6][0x7][0xe8]]d[0x89][0xac][0x90][0x0]x>[0x9e]y[0x82][0x8c]v{[0x87][0xbe][0xb4][0xc]<[0xbe][0x8b][0x15][0x98][0xeb][0xd8][0xd8][0xff]U[0x2][0x8f]v[0xfc]z'v~:`[0xfb][0x1b]zr-T[0x9c][0xc4]Xy[0xc6][0xe][0x87][0xab]Q<[0x1b][0x2][0x97]+d<[0xd6][0xea][0xff][0x19]Vbn[0xf][0x86][0x96][0x8e][0xff]s"
18:24:04.213 [main] DEBUG org.apache.http.wire - http-outgoing-0 << "[0x86][0xad] d[0xe2][0xa1][0xae]aG[0xad].P[0x7]e[0xa8][0x1b][0x93][0xa0]n[0xec][0x94][\n]"
18:24:04.213 [main] DEBUG org.apache.http.wire - http-outgoing-0 << "[0xea]r[0xa2][0xba][0x12][0x5][0x1]tT1[0xbb]xH<[0xf][0xec][0xde][0xc4][0xc1][0xe4][0xf]7[0xfe][0x8b][0xa4]e[0xb0][0x96][0x8c]d[0xea][0xd3][0x9e]k[0xbb][0xab][0xc8]?[0xa3][0xa5][0xe3]T[0xbd][\r][0x10][0xb5] [\n]"
18:24:04.213 [main] DEBUG org.apache.http.wire - http-outgoing-0 << ""d[0xfb][0xb7][0xff][0xdb][0xb5][0x1b][0xd8][0x8b][0xa4][0xc5]78[0x9e][0x83]P[0xd7][\r][0xbd]R[0xd0]Y[0xf]a![0x9b])[0xc7][0x1e][0xc2][0xbc][0xc]u[\r][0x16][0xe7][0x8c]l!W[0xe6][0xfc][\n]"
18:24:04.213 [main] DEBUG org.apache.http.wire - http-outgoing-0 << "[0xd9][0x81]R[0xd3][0x89]c[0xf0][0xd4][0x2]b[0xeb][0x9b]=[0xa5][0xd8][0xf9]$[0xb]"*O[0xc5][0x9f][0xc8][0xf9][0xf7]4Ci[0x96][0x5]K[0xca]2kI[0x19]GS[0x97][0x6][Fa[0xc0][0x9f][0x2][[0x1a][0xeb][0xa7]pJ[0xa6][0xef](A[0xac][0xf6][0x8e][0xd3] q[0xe2][0x4][0xae][0xd2][0x17]/[0x85][0xaa][0xeb]8C[0xf0]~[0x82]S[0xa8][0x8d][0x97]@T:[0x2]A[0xa7][0xf4][0x98](q[0xc9][0xcf][0xd9]Ln[0xc0][0x3][0xd2][0xf7][0xef] [0x6][0x8a][0xfe][0xe1][0x8]:[0xcf][0xd2][\r][0x89][0xd0][0x82][0x87][0x1f][0x1b];[0x98]T[0xe8]#[0xbb] [0xcd][0xb3][0xb2][0xa2]uV[0x95]5[0x90][0x15][0xe2]{L[0xe8][0xb4][0xbc]5e[0xc4][0xad]y[0xb6][0xaf][0xbd][0x12]e*S'[0x2][0x18][0xa5][0xac][0xc1][0xef][0x98]J[0xd8][0x93]Q.gJ[0x5]Q[0xfc][0xed]M.[0x9] W)[0x16][0x99][0xec]zCe[0xed][0x18]VY;&[0xe6][0x91]2=3[0xf6][[0x95][0xcc][0x93]U[0x15]D[0xbe][0xdc][0xc3][0xa9][0xc1][0xb2]l[0x91][0xfe][0xcf]x[0xb3]4[0xf4][0x14][0xf3][0x6]z[0x88]+Y[0x18]"[0xad][0xd0][0xb1][0x97] #[0xab][0xe4]Z*[0xa9]$|[0xe0][0x1b]FRI[0xb][0x8b]k[0xbf][0xc6]][0x8b][0xa5][0x94][0x1c]5[0xb9][0x96][0x89][0x8c][0xfe][0xe5][0xcd][0xfd]/[0x7]P[0x18]6_[0xc8][0xed][0xd5][0x10]?[0xbd][0xa9][0x9a][0xcc][0xfb][0x97][0x84][0xe6]O[0xb9]!l[0x10][0xb][0x8c]V[0xdb][0x8]B[0xd8]R)7[0xb5][0xa9][0x93]#r>A[0xcd]F[0xed]1[[0x86][0x3][0xe2][0x91][0x96]p[0x8e][0x1][0xbe][0x8f][0x97][0xa4][0x16][0xc][0xf1][0x9b][0xbe][0xa9][0xb3]<[0x14][0xb9]][0x1d]5+2[0x12][0xfd]Z[0xd6][0x83]fU[0x1][0xbc][0xb9][0x8a]@[0xad][0xe5][0xf9][0xa1]7<[0xeb][0xad][0xab][0xb8][0xb5][0xf0][0xa8][0xfc]^[0x8f]L[0xaa][0xda][0xde][0xc1]'_[0x89][0xa0]V[0x8f]4[0x13]EX[0xbb]GS[0x82]$[0xde][0x1a][0x15]'[0x88][0x9e]-[0x16][0x8c]b[0x81][0x8d][0xf8][0xad]d[\n]"
18:24:04.213 [main] DEBUG org.apache.http.wire - http-outgoing-0 << "C[0xb9]LN[0x84],[0x17][0xd1]0[0xc1][0xd4]B[0xab][0xe7][0x8a]9&[[0xd2][0xe8][0x9f][0x11][0xc4][0x1c][0x1f]I[0x98][0x3]g'[0xd0][0xdf][0xf3][0x13]s2~[0x91][0xc7][0x93]Xy{[0xd0][0xff]vn<}[0xbd][0xd0]c[0xc7][0xc4][0x10][0xda][0xc9][0xf1][0x11][\r][0xe9][0x4]K,[0x90][0x8d][0x1f][0xb1][0x9f]:[0x9e][0xde][0xd1][0x1d]~\[0xc6]u[0x3][0xdd][0xf6][0x8d][0xd4]s[0x13]?r[0x8a]>[0xaf][0xb3][0x1e][0x1b][0xda][0x93]"[0x8f][0xcb]xk[0xa0]k[0xa7][0xce][0x1a]z[0xa5][0xc9]6Kl[0xae][0x83][0xb9]i[0xa0][0xfb]K[0xe4][0x1]AR[0xca][0x9][0xbd][0xdf][0xea][0x9a][0xff]l[0xc9][0x19]?[0xa6][0x94][0xf1]c[0xce],[0xa8][0xec][0xb5][0xf9][0xbc][0xa0][0x81]L[0x82][0x96][0xed][0x84][0x9e]R[0x3]A[0x83]"[0x9a][0x10][0xca][0xfb]M[0x4]?[0x9e][0x18][0xba]@[0x8f]HNS[0xb][0xfa][0x1]j[\n]"
18:24:04.213 [main] DEBUG org.apache.http.wire - http-outgoing-0 << "[0xfb][\n]"
18:24:04.213 [main] DEBUG org.apache.http.wire - http-outgoing-0 << "[0xbe]HID[0x95][0x9a]KQ[0xaf]p[0x8]`[0xe4][0x18]r[0xbd]b^V_[0xd0]D[0xd8][0xfd]K![0xff]Tl[0xbc][0xc9][0xe3][\n]"
18:24:04.213 [main] DEBUG org.apache.http.wire - http-outgoing-0 << "*K[0xf][0x2][0x11]s[0x86]SY[0xe8][0xc4][0x9e][0x17][0x13]o[0xf2]@T[0xd8][0x93][0x1f][0x90]*[0x1b][0xe8][0x18][0xf2][0xa1][0x18][0x1f][0x1c]n[0xc2]g<[0xa7][0xa3]X>?[0xca]Z[0xc8][0x1f]S[0xf1][0x8f][0x9b]7[0xd3][0xe6]lD[0xc6]m[0xcc]U7H[0xaa][0xb2][0xd5][0x8a][0x8e][0x8c]Z2[0xc7]x[0x93]B3[0xea]Z:[0xc3][0x92]c[0x83]M)6[0xd8][0x9c][0x9f]U[0x86]<[0x88][0xc][0xd9]M[0xbb][0xb5][0xd6]T[0x6]-[0xcd][0xb][0x96][0x2]2[0xa3]c[0xb8]4K[0xa5]B1[0xc7][0xf9]3K[0x99][0x2][0xf2]g[\n]"
18:24:04.213 [main] DEBUG org.apache.http.wire - http-outgoing-0 << "[0xe2][0x81]o[0xc4]~+[0x8d][0xb2]Q[0xc9]s[0x9f][0xca]~[0x9d][0x99][0xa8]F[0x86][0xda][0x99][0xf9][0xbf][0xf7]-?j[0xc]o[0xe0][0xca]![0xa2][0xbc][0xf4]P[0xf1][0xe7][0x19][e2S[0xcd]mDN[0xe8]Gl[0xde][0xdb][0x89][0xd9]([0xc3][0x9a]*[0xa7]f[0x19]{[0xc0][0x94]['&[0xca]5[0x8]y[0xbb][0xc0][0xd7]G[0x4][0x5][0xb][0x91][0x85][0xf5]M[0x86]hrt[0xd3]s[0x1b][0xab]M [0xf9]@[0x1f]\}[0xf4][0xf0][0xfa][0xa3][0x7][0xf7][0x1f]=x[0xf5][0xd1][0xfd]7[0x1e]=[0xb8][0xd0]C[0xe6][0xe2][0x17][0x8f][0x88]\[0xc4][0xd6][0xb1]0[0x9b]^[0xc4][0xd6][0xb0] [0xdc][0x2]\[0xe9][0x8a][0xa4];[0x91][0xb5][0x88][0xad]W[0x91][0x1c][0x11]9[0x8b][6iK[0xc0]~g/[0xf][0x98][0xc7]f[0x85][0xee][0xf3][0xe7][0xd7][0x9c][0xe4][0x12]qL[0xcf][0xb1][0xd7]m[0xa0][0xfd][0xea][0xb4][0x13][0xf9][0xb6][0x8b]G[0x4][0xe]%/[0xf5][0x96][0xff][0xb9][0x8b][0xb0][0xcb]\z[0xa6][0xc4][0xa5]G[0x12][0xd9][0xa5][\r]|E[0xf8]|[0xd6][0xa2]%LC([0x89]:[0x1a][0xd0][0x8c][0x1c][0xfb][0x1c]vb[0x9c]I[0xfe]R[0xcf]T[0xa3]O[0x82]8[0x1d]Q[0x12][0x9d][0xa7][0xd1]vK[0xa4][0x1d]2[0x16]&-[0xe8][0xb0][0xda][0xc]h[0x1][0xc7][0x1][0xaf][0x84][0xcc][0x1d][0xb4]Z[0xb4][0x81][0xa0]g[0x1e][0x86][0xed]?j[0x8b][0x9e][0xd3][0xbe][0xb1]n[0x1f][0x9b]P@[0xcf]V[0xca][0x85]l[0xa1][0xc2][0xd1][0xf4][0x95]0[0xa1][0x80][0x98]nK[0xa7][0xc9][0xc4]D[0xa2][0xbe]e&[0xc7][0xa0]PT[0xd1]z[0xf][0xab]C[0x94]'[0x94]l[0x2][0xa7][0xc7]d[0x8f]I[0xba]>"[0xf4][0xf4][0x88][0xad][0x9a]3[0x19][0xe8][0xa1]3[0xd7],[0xfa][0x7]g^4[0x83][0xcc][0xb3]c[0x14][0x0]B[0xfe].[0xd8]h1[0xfa][0xec]F+[0xe][0xdc]b[0xe3][0x9c][0xd1]Y[\r][0xf8][0x91]8[0xd6]+[0x82]{[0x84][0x98][0xfd][0xe8]X[0xbf][0x89][0xe0]R3[0x92][0x6][0xab]F.[0xd0]jv[0xab]G[0xb4]4Y-[0xc6][0xc4][0x98],?[0xc1]5r9[0xc5][0xb5][0xf7][0xb1][0xd9][0xe2][0xf][0x87][W[0x1f][0xfc][0x9f]?[0xde]z[0xfb][0xc7][0xff][0xb8][0xf2][0xf8][0xbd][0x7][0x9][0xc6]%[0xbd]-[0xda][0x9b][0xbc][0xb7]1[0xcc][0xa5][0xc7][0x4][0xe8][0x92][0xe6][0xcd][0xf4]f[0x9c][0xb9][0xf1]22f F[0xb2][0xfe][0xe1][0xce]s[0xfe][0xc1]F[0xa0]d#@P[0xc8][0x81][0xae][0xb]l[0x1f][0xe]i5[0xc4][0x9c]4[0x16][0x5]![0x8][0xed]([0xc0][0x19][0x86]5[0xd0]5[0xd9][0x18][0xbd])[0x19]W[0xae]Db[0xfe]F[0xb6]X[0xd4][0x94][0xd0]+[0xe6][0x1c]O[0xfb][0xc0][0x81]"
18:24:04.213 [main] DEBUG org.apache.http.wire - http-outgoing-0 << "n[0x9d][0xa4][0xbf]H[0x0][0x8c][0x86]5=[0x17][0xda]~t[0xac][0xec][0xe3]R>[[0xe6][0x93][0x8f]u[0x94]}\[0xce][0xe4]P[0xdc]I[0x89][0x3][0xbf][0xd8][0x8b][0x10][0x13][\r]<[0x9d]=[0x8]YoE[0xf2]qapJ[0xef]`[0xf0]}[0xc8][0xf1][0xfc]&[0xdd][0xf1]C[0xfd][0x16]E[0xe9][[0x84][0xa6]B[0x96][0x8d]BJ[0xdc][0x3]Qv[\r][0xe3].[0xc8][0xba][0x7][0xc3][0xb8][0x3][0x82][0x1a][0xd2][0x81][0x82]J[0x97][0xe]q{[0xcb][0xe7][0x96]w-[0xe4]W[0xdb][0x89]GC C'[0x92][0xc0][0xcb][0xc5][0x81]J[0x17]X[0xf0][0xc8]\F[0x9c][0x1][0xc3]JY[0xe0][0xd2][0xb4][0xdd]I[0xe8]o[0xc2][0x86][0xb7][0xde][0x95][0xc7][0xc8][0x2][0xb2]T[0x8d]HR55[0xa9][0xf2][0x87][0x96]K"[0x1f][0x9a][0xf]V[0xa0][0xda][\n]"
18:24:04.213 [main] DEBUG org.apache.http.wire - http-outgoing-0 << "8[0x82]E[\n]"
18:24:04.213 [main] DEBUG org.apache.http.wire - http-outgoing-0 << "[0xcd]k[0x98][0x9f]S[0xe7][0xed][0xce][0xc3][0xbd][0xb][0x9d][0x7]([0x9e][0xe3][0x9e][0xd6][0xf9][0xa4]sw[0xef][0xfc][0xde][0xc5][0xce][0xdd][0xce].v[0xd9][0xdf]CW[0x8e][0xcb][0xaf]m[0x14][0xc]][0xe7]T[0x90]<[0x12]/][0x8a][0xd9][0xc0][0x13]t[0x87][0x98]e[0xe3][0xec][0x2]z.[0xcb][0x10][0xee][0x1b][0xc5]L[0xae]O[0x1b][0xe1]du[0x11][0xf9]5p5[0xa0]Z[0xd5]T( [0x81][0x8b][0xd8][0xb9]&[0xa1][0xbf][0x94].[0x8d][0xa0][0x8c][0x94]z[0xd8][\r]FfXeD[0xf5][0xf3]kK[0x9e][0xbb][0xe][0xfd][0xd0][0xb6][0x1c][0xa8][0xb5][0x80][0xbf]:H[0x6][0x95]%(([0x96][0x17][0x88][0xf7][0x93][0x1c][0x8d][0x96][0x17][0x0][0x17][0xd5][0xc8]Z[0x81][0x9b][0xb6]T[0x0][0xb0])X#[0x9b][0xfe]:cK[0xf7]=[0x10]*[0x86]l[0xfa][0xeb] [0xec]:d [0xc][0x19][0xf8]k[0x8c][0x16][0x5]}K1[0xe2][0xde][0x85][0xbd][0xf3][0x9d]?[0x91]`[0xe]m[0xef][0x9d][0xce][0xdd][0xce]W([0xb8][0xa8][0x17][0xf6][0x4][0x88]n[0x4]c[\r]][0xdd]s[0xe4][0xd7][0xa2][0xaa][0xc]^[0xfb][\r]A[0xf0]([0x8][0xa1][0xae][0xf8][0xf5]o[0xef][0xe0]K[0x9c][0x8e][0x83]r:[0xdf][0x88][0xc9][0xe2][0xde][0xc1][0xb1][0x1f][0xaf][0xa2]Z*[0x88]E[0xf9][0xf][0x87][0xdb][0xaf][0xa7][0xfa][0xe][0xbe][0x5][0xac]kc[0xec]-[0xa8][0xab]u[0x97]\[0x14][0xee]O[0xfd][0xae][0xea][0x8b]T-[\n]"
18:24:04.213 [main] DEBUG org.apache.http.wire - http-outgoing-0 << "[0x10][0xa3][0x9][0xe2][0x8e][0xe3][0xaf]6[0xfd][0xae][0xef]g[0xba];[0xdc]E[0x98][0x86][0xd8][0xe3][0xe].[0xed][0xdf][0xde][0xff][0x92][0x12][0xba][0xe][0xb0]_[0xb4][0x9b][0xcf]G[0xa5]%[0x84]t[0x1c][0x92][0x86][0xc1]9[0xd0][0x15];e[0x12][0x14]S"A1[0xcf](K-[0x15][0x5][0xec][0x9c][0x0][0x96][0xe7]{[0xae]r?xF[0xf4][0xa0][0xa4][0xb3]:[0x5][0x97]A[0x18]4[0xb1][0x9b](9}[0xa4][0xf]%5[0xb])[0x89][0xd5][0xf5][0xbc][0x9e][0xcb][0x16]9>[0x7][0xe4][0x1a][0xc9][0x89]q[0x1f]3[0xe9]<(@[0x96]sY6[0xc0][0xad][0xa8][0xab]#?d[0xde]X[0xcc][0xa2]>t[0xe2],.[0x12]Kx[0xd5][0xcf][0x9e][0x19]S[0xe0]drG[0x11][0x1c]{[0x4][0xb4][0x9d]aYa[0xe9][0x8][0x1a]z^V[0x93]9[0xfd][0xcc][0xfc][0xc0][0xa1]0T[0x18]0q[0xf3][0xf3][0xc9][0xf3]q[0x15][0xd7] }[0xee][0x1e][0xb8][0x94][0xac][0xc][0x5][0xa2][0xe4][0x98][0x82]Or[0x9c][0xee][0xaa]^=[0xdc][0xbe][0xc9]!K[0xd2][0xc6][0x8a][0xfb]DL}[0x11][0xe6][0x98]bF[0xd2][0x9e][0xa2][0xc4][0xd2]:[0x10][0x90][0xe1][0xf3][0xfd]][0xc4],ypq[0x10][0x3][0xed][0xb9]_P[0xb1]&v/4[0xcf]cK[0xb4][0xe]C[0xea] [0xe9][0x2]0[0xeb]2[0xc0],J[0x0][0xb3][0xa8][0xa2][0x9d]8[0x8a][0x92][0x9a][0xc]D[0xe6][0xd0][0xbe][0x87][0xcd]K[0xe4]`[0x18][0x1f][0xb1][0x10][0xd2][0x9b][0xac][0x9a][0xe3]})[0xe4]3[0xf9][0xd8][0xd5]bd[0xf2]j[0xba][0xea]|[0xe5]I[0xca][0x96][0xc8]P[0xc0]L][0x4][0x83][0xee][0x16][0xe3][0xd9][0xb9]i&[0xba][0xd5][0xf3][0xcf]A[0x14][0xba][0xa6][0xad]R[0xec]M[0xe0]`[0xf5][0x8]o*[0xb6][0xf0][0xb0];[0x1b][0xb6][0xce]B2[0xae][0xb4][0xbb][0xf1][0xfc]@[0xd2][\K[0x1c][0xca]RM[0xd1][0xf4]V[[0xed]O[0x1c][0xe5][0x90][0x9a]E/[0x8a]C[0xb]P[0xe3][0xba][0x9e]j[0xe8][0xd9][\r][0x17]OL9[0xb4]K/[0xf6][0x80][0x1e][0xf4]K[0xd8]n[0x80][0x3]t1[0xfa][0xa0][0x97]Z#[0xe7][0x93][0x9a][0xad][0xbf]w`z[0x8a][0xb5]Xo[0xbf]+[0xd4]ke[0xba]&[0x5][[0xd3]SI[0xb5][0xd6][0xf4][0x14]E#tDJ[0xb5][0xc6][0x88]4[0x17]z[0xab][0xcc]<[0xe2]"[0xad]h[0xff]upI[0xc3][0x9b][0xb1][0xcb][0x7][0x97][0xfa][0x7][0xa6][0xf5]p Zj[0xd3][0x7][0x9b][0xb6][0xd3]E[0xb6]e[0x2]Y[0xb3]*g[0xce][0xa8][0x94][0x7][0xb1][0xae][0xaa][0xe9][0x83][0xa0]}[0x83]p[0xeb]Hb[0x8e][0xc6]D[\r][0xf0]<[0xc6][0xd1][0xee][0x1a][0xff][0xc4]|[0x12]]<O[0x86]Q6i[\n]"
18:24:04.213 [main] DEBUG org.apache.http.wire - http-outgoing-0 << "[0xb4][0xba][0xa7][0xd1][0x11][0x8e]i[0xb][0xce]e[0x8b][0xba]Q(W[0xc][0xce][0x18][0x8c][0x14][0x86][0xe1][0x82]d[0xc][0xc6]s[0xe2][0xf8]f[\n]"
18:24:04.213 [main] DEBUG org.apache.http.wire - http-outgoing-0 << "z[0xa1]T,1[0xd6][0xe0][0xbc][0x8a][0xb0]b[0x98][0xa1][0x8a][0xa2]6[0x92]![0x91][0x2]X[0xa5][0x82]P[0x8b]16[0xde][0x9f][0xc4][0xff]N,[0x8c][0xe3]_[0xe6][0xac][0xc7]C'[0xa8][0x15][0xe][0x9f]Y[0x1c][0x93][0xeb][0xbe]'[0xeb]-[0xe2]R[0xf7][0xf8]T[0xb3]z[0x8a][0xa5][0xae][0xa7][0xcf][0xae][0xf9][0x10]8,,U[0xff][0xe9]g+[0xff]B[0x1e][0x8a]5[0xdb][0xc6]OI[0x14][0xc][0xbf][0xbd]C[0xe]S[0xd9][0xde][0xc1]d[0x16][0xd7][0x13][0xfd][0x2]wH[0xa3][0xcd][0xe2][0xfe]k![0xb7]fN[0xba][0x2]LTh[0xfc][0x8a]&~_$[0xc6][0x7][0xaf][0xe][0x90][0xd1][0x3][0xfe]a[0xa3]U[0xdb]h[0xab]#<h[0x91][0xba][0x9][0xd4])[0x8a][0xc9][0xe1][0xb4]y[0xe8][0xfb]v[0xe8][0xf9][0x1b]j0[0xb3]e[0xb7][0xd8][0x94][0xe4][0x16][0x9b][0x9a][0x9b]W[0x96][0x98][0x12][0xb2][0x0]Gm[0xd8][0xf0][0xb4][0x9][0xe0]/)[0x1]mj[0xee][0xe8][0xfd]M[0x9c][0xc0][0xa3][0xdc][0xde][0x18]Bu[\r][0x14][0xa9]Z[0x12][0x8b][0xad][0x91][0x87]O[0xa0][0xa7][0xd8]Ge[0xf6][0xe2][0xd1]*[0xcb]Q++[0xc6][0xb6][0x16][0x9f][0x89][0x91][0xf6][0xa7][0x9][0x16][0xc1][0xcf][0xba][0xd4][0x84]A[0xf2][0x84]v[0xd4][0xd2][0xec][0x16]~zt[0xc1][0xd5][0xe6]h[0xd4]0F[0x93][0xa4][0x15][0xfa][0xd8][0xd8][0xc8][0xcf]m/y8`sn[0xa9][0xbd][0x3]\Ok[0xbf][0xe5][0xd6][0xed]%/[0x6][0x1c][0xda][0xc1][0xf6][0xa1]f[0xf9]v[0x8]\[0x97][0x84][0x12]B[0xcd]y[0xc9][0xc3]][0xf0][0xad] C[0xb4][0xf3]1[0xe]S[0xff][0xfc]p[0xeb]k\l[0xf1]cR[0xf8][0xed][0xc7];o<~[0xff][0xd6][0xe3][0xf]>[0x88]q[0x8a][0x99]J<2[0x99][\n]"
18:24:04.213 [main] DEBUG org.apache.http.wire - http-outgoing-0 << "[0x1a][0x18][0xa2][0xa9][0xd8][0xf8][0x17]L"[0xdc]I[0x87][0xf6]n2[0xf9][0xab][0xa4][0x87]G~cOk[0xdf]"
18:24:04.213 [main] DEBUG org.apache.http.wire - http-outgoing-0 << "h[0xbf]E[0xe7][0xbe][0x16][0xf6][0xd5]!yV[\n]"
18:24:04.213 [main] DEBUG org.apache.http.wire - http-outgoing-0 << "[0x87]v[0x18][0xa0]`T[0xcb][0x86]u[0xe8]j6F[0x8e]x%q'[0xc6]y[0x8f][0xe7][0x8c][0xcc]d[0xa8][0xc1]J[0xb0][0xea][0xe1]Y[0xa3][0x13]!$[0xf][0xb6][0x12][0x3][0xe9][0xc1][0xd6][0xc1][0xab][0xa8][0xc2]#![0xfe]Gl_[0x9f][0x93]"[0xd9][0xfb][0x9f]j[0xfb]7I![0xfb]-t[0x84][0xcb]x[0xec]j[0x7][0x97][0x6][0xaa]jo{[0xe1]/q'[0xc7][0xc2]%/|3[0xb6][0xeb][0xf9][0xda]\[0x14]:[0x1b][0xb6][0xdb][0x88][0xa3][0xdf][0xd4][0xa0][0x19][0xc9]lG[0xb]R,[0xde][0xc2][0xcc][0xd4][0x93][0xec][0xee][0x16]f[0x9e]B [0x1d][0x1f][0xff][0xaf][0xac]H[0x9b] $A[0xc5]>*[0xd1][0x12][0xfd]k[0xc0]2B}.[0xb2][0xe0][0xe4]*[0xeb]O[0x82][0x9f][0xa3][0xcf][0x5]~N;[0xd0]v[0xa1][0x8f][0x84]<[0x80][0x8e][0x5][0x3];[0xdc][0x8c][0xdc][0x6]D[0x82][0xef]k[0x8b][0x10]1[0x96][0xd8][0x8d][0x10][0xba]h[0xda] L[0xb5]2[0xb4][0x1a][0x81][0xb6][0xe0][0x84]>h[0x1][0x14][0x6][0x12]h3[0xd0][0xf5]|[0xf4]e[0x80][0x1a][0x89][0x10][0x9][0x90]x1[0xc9][0xd9]ho[0x16]h-[0xdb][0x85][0x11]j[0x87][0xf2][0x11][0xed][0x86][0xdb][0xde][0xc1]}[0x2][0xad][0xfd]Z[0x8][0xc2]`x[0xc1][0xb5][0x93][0xe0][0xbe][0xc7][0xff]v[0xf9]o[0x1f]]|[0xfc][0xde][0x83][0xbf][0xf8][0xce][0x8f][0xef][0xbf][0xf6][0xf8][0xd6][0x95][0xbf][0xbf]wU[0xd8][0xc6]A4[0xa2][0xe7][0xdb][0x1a][0x89][0xd8]F[0xd0][0xdc]pl[0xbc][0xcc]6[0x9a]@h[0xa3][\n]"
18:24:04.213 [main] DEBUG org.apache.http.wire - http-outgoing-0 << "[0xaa][0xc9][0x9b][0x97]l[0xf5][0xd2][0x9][0x8f][0xda][0x88]2[0x9e]|[0xd4][0x2]y[0xee][0xc9]N[0xb0][0xef][0x1e][0x18]L[0xc9][0xd2]j`[0xb9][0x1][0x1d][0x88]V[0x94][0xec][0x19][0xa1][0x8b][0x15][0xa9]:[0xc4][0xab][0xeb][0xda][0x8d]:$[0xaf]D[0x2][0xac]3[0xc0][0xb1][0xb5][0xa8][0xe][0x9c][0x15][0xe8][0xda][0x9a][0x17]zK[0xb6]V[0x1b][0x19][0x1d][0x6][0xec][0xde][0x92][0x14]&[0xd7][0xbe][0xdf]9[0xb8][0xfc][0xfd][0xc5][0xef]w4[0x8c]Kw[0xfe][0xf2][0xe6][0xc1][0xa5][0x1f][0xce][0xbf][0x89].j[0xb8][0x5]E-[0xed][0xe0]w[0x18][0xba]n[0xa2][0xed][0xe8][0x93][0xd4][0xda][0x8d]Z[0xf6]@[[0xd2]E[0xdb]o[0xd8]n[0x12][0x96][0xfb]+[0xaa][0x93]t[0x9]wZ[0x97][0xcb]%-J[0xe5][0x92][0x16]'[0xd4][0xf4][0xe]b[0x5][0xee][0xaa][0x7][0xea][0xda][0xbc][0x9a][0xdd]aq[0xe2][0x98][0xec][0xe]\[0xfd]\[0xbd][0x9c][0xc9][0x1b][0xba]Q&[0xf1][0xbe][0xc5][0x9c][0x91][0xe5][0xb5];n[0x11][0xa0][0x9f][0xc6][0x1b][0x15][0x9e]J[0xed][0xc0]X[0xcf][0xe3][0xd7]Z[0xd6][0xef]*]m[0xd6][0xe4][0xde][0xf4]'[0xfb][0x97][0xd1][0xed]Z[0xf1][0xec][0xc5][0xd1][0x3][0xb5]_Gnc[0x19][0xfa].6[0x14][0x9]p[0xb5][0xd8][0xbe][0x81]J[0x83]`[0xbc]q[0xb4]*[0xb4]][0x8f][0x8]-[0x8f]P[0x8b]6[0xf4][0x1b]0`[0xf5][0xbd][0xa0][0x9b]v[0xb7]}[0xe7]p[0xeb]#[0x1c][0x10]y[0xef]p{[0xf7]o[0xd7][0xef]I[0xe8][0xb4][0x8][0xd1][0xcf]ckf[0xac][0xe3]5![0xf]C[0xe8][0xf7][0x83]n[0x90]jh@@[0x1d]u[0x3]Vc[0x9b][0x1][0xa0]Q[0x87]n[0x8c]0[0xb2][0x8a]6[0xba][0x2][0xd7][0xed]?[0xbf]E[0xe][0xe6][0x10][0xa4]([0xc0][0x4]y[0xd3][0xf6]o[0xef][0x81]|j[0x92][0x9e][0xd6]7T[0xac]7[0xac]#[0xa1]bj[0xd1][0xec][0x85][0x16][0xb][0x99]Z[0xa6][0x1b]T[0xc8][0x5]F[0x17][0xa5][0x2][0xa3][0x8b]S*[0xe][0x9]]3[0xf2][0x2][0x11][0xd4][0xc9]&[0xf0][0x1d]/[0xc][0xa1]6[0xd2][0xa2]<[0xd4][0x12]d[0xa0][0xd1][0x17]j[0xf8][0xbf]dw+[0x89][0x1c][0x9a][0xb1]x[0xf6]8!=z[0xbe][0x94]7x[0xa8]1[0xf2][0x18]f*F_[0x18]c[0xe4][0x8b][0x19][0xa3]x|[0x90][0x11]~[0x1a]Ja[0xc9]A[0x80][0x84]8[0xe5][0x1e][0xbc]P[0xcf]=[0x92]P[0xe3][0x86];[0x18][0x9a]h[0x8e]J[0xf]P`J[0x17]E[0x7];[0xe4]?[0xc2][0xb0]r}0X[0x89]m9]@[0x85]3[0xe3](0[0x85][0xbb][0x8e]!ETK[0xba][0x80][0xb][0x1b]m[0xd4][\r]B[0x9e]D[0xd3]X[0xb7][0xfd][0xa3][0xe1][0xa3][0xb6][0xc8][0x9b][0x92]"[0x17][0xda][0xda]([0xa2][0xea][0x8][0x80][0x3][0xba]q2[0xb8][0xb2])|V6[0x85][0xcf]*[0x8b][0xaf][0x1a]"1[0xb3][[0x7][0xbe]V[0x83][0x88][0xfa][\r]6[0xc0]9u[0x82]4[0x1a][0x8b]X[0xf1][0x88][0xfd][0x1b][0xcd][0xf3][0xc4][0xd0][0x9],C#[0x96]W[0xc7][0x81][0xd5][0xa7]!X[0x82]}[0xa5]X[0xc]'[0x16]'9[0xcf]"[0xaf][0xeb]<[0x85]$[0xaa][0x88][0xa6][0xeb][0xf9]LQU[0x82][0x84]L[0x85][\r]:[0xea][0x8b]I[0xb2][0xac]`[0x8e]{[0xb9]&[0x19][0xa6]ga[0x3][0xf8]@S[0xfd].[0xa2]n[0xd2][0xc3]T=[0xcb]&)[0x91][0xa1][0x8e]([0xcc]Z[0x9b]`[0xba][0xd4]l[0xb7][0x1][0xd6]<[0xff][0x9][0xb2][0xb1][B[0x1c]R+`[0x2][0xa5]g[0x80][0x83][0x83][0x9f][0xf9]($[0xd0][0x4][0x1][0xd0]f[0xa0][0x3]6[0xa2]^j[\n]"
18:24:04.213 [main] DEBUG org.apache.http.wire - http-outgoing-0 << "}[0x3][0xa8]e[0x9b][0x1e]Q[0xcb]6=J[\r][0xdb][0xd7][0xf][0xb7][0xdf][0xc2][0xf6][0xa3]o[0xf][0xb7][0xcf]c[0xfa][0x83][0xbb][0x98][0xaf][0xe5][0xfe][0xe1][0xf6][0x87][0xa9][0xb5][0x9b]v[0xb3][0xb8]A[0xd6][0xb8]kTW[0xa0]G[0xcd][0xa4][0xe5][\n]"
18:24:04.213 [main] DEBUG org.apache.http.wire - http-outgoing-0 << "[0x97][0xe1]t[0xf9][0xe0][0xe2][0xfe][0xb5]A[0xe2][0x91][0xfd][0xbe][0x12][0x1d]kc[0xac][0xb1][0x9b]M[0xb9][0x88]M[0xde][0x10]U[0xeb]$[0x19][0x19][0xdd]m[0xde]=[0xe3]i[0xf8][0xea]'f[0xe4]4@[0xd7]*[0xb][0x96][0xbc][0xdb]0'd&I%[\r]UA[0xc8]I[0xae]y[0xcb]j[0xd8][0x84][0x18]L[0x93]N[0x9][0x91]LI[0x14]S{[0xaf]w[0xbe][0xed][0xec]">!LEu<[0xf2][0xa8][0x92]^0Jev[0xab][0x82]9[0x9f]s[0x92][0xf3][0x8b]N[0x8a]I[0x85][0xd0][0xb3][0xe5][0x12][0xe3]8[0xcf][0x95][0xd5][0xc1][0x87][\n]"
18:24:04.213 [main] DEBUG org.apache.http.wire - http-outgoing-0 << "[0xbf][0xd6][0x4]N[0xb2][0x99][0x99]F"X[0x9d][[0xa0]![0x88]j[0xb2]v[0xe9]y%[0xe6][0xa8]l[0x8f]([0xc4][0x9]6[0x1b]+~[0x4][0xcd][0x81][0xeb][0xac][0x88]w[0xbe][0xed]|y[0x4][0xf3]SC[0x88]6[0x8c][0x1c][0xc5][0xb8]2[0xf1]S:u[0x1a][0xd0][0xd7]G8[0x1f][0x19][0x8d]qj[0xa5][0xaf][0x3][0x11]~[0xda]@[0x10][0xff][0xad]/[0xf8][0xea][0xb]L7+[0xee][0xd6][0xfe][0x88][0xa9][0xbf][0xc0][0x9e] BOz[0xac][0xa4][0x94][\n]"
18:24:04.231 [main] DEBUG org.apache.http.wire - http-outgoing-0 << "Q[0x3][0xf8][0xc1]*[0xcf][0xc4][0xf4][\r][0xe6][0xaf][0x1b][0xb4][0x8c][0x98][0xd5][0xf0][0x9f])[0x1][0xca][0x2][0x1f][0xe4][0x1f][0xf9][0xab]([0xe0]t[0x1c][0xe0][0xb2][0x9a]*A_[0x96][0x5]}\[0x12][0xf4]qe[0xe0]\Np[0x17][0xcd]E[0xa0][0x1][0xea]^[0xd4][0xf0][0x94]i[0x93][0xe3][0xc7]e[0x14][0xa8]d[0x8d][0xbc]Q)[0xf1][0xd4][0x91][0xd9][0xa1][0xe1][0x9c]$[0xb2][0xf8][0xa9]-[0xc8][0xd4]B[0xcd]UXw[0xb5]"
18:24:04.231 [main] DEBUG org.apache.http.wire - http-outgoing-0 << "Q[0xc9][0x94]e[0x91][0x15][0xd9][0x4]0[0xe5][0xc2][0xc9])[0x14][0x9d]31[0x89]V`[0xe6][0xd4]T[0xc2]/[0xa0]d[0x16][0xe0][0x97][[0xd4][0xf8]_[0x10]~[0x1][0x81]#iY[0x18][0x8b]E[0x80]q[0x12][0xb9][0xc7][0x8d]4[0x1e]9[0xcb][0x91]S[0x87][0xbd]$[0x9d][&*[0xec][0xdc]9*[0xf0][0xdc]9N[0xe8]o`[0x6][0x83]G;[0x80][0xad]4[0xff][0x88][0xef]`)[0x6][0xa1][0x8][0xe0][0xbf][0x12][0xb1]?[0x94]#7l*:[0xa7][0xb1]t[0xb7][0xbf][0xdf]A[0xea][0xfb][0xfe][0xa7][0x7][0x17]Pe[0xa4][0x83][0xcb][0xfd][0x3][0xc2][0xf2]/3[0xa2]n[0xa1]*[0x0]O[0xe4][0xe2][0xe4]p[0x15][0xe6][0xc8][0xf6][0x9]S[0xb2]O[0x98][0xa3]*oK[0xae]P[0x12]+6[0xaf]D-+R[0xd6]V[0xc3][0x83][0xf2][\n]"
18:24:04.231 [main] DEBUG org.apache.http.wire - http-outgoing-0 << "F<+zv[0x15]h[0x1b]/-X[0xe9]i[0x81][0x8][0x85]^8[0x9e][0x97][[0xcf][0xea]z[0xbe][0x90]-pu[0x9c]3[0x85]!#+[0xe3]V[0xc4];[0xbb]s[0xa5][0xb2][0x91][0xe7][0xe8][0xdb][0x8c]>5[0x8d][0x93]sX[0xc7][0xc0][0x11][0xcf][0xf3]gGTPE[0x9f]YT*z[0xe4]YN[0x8d][0xb3][0x1f]:[0xd9][0x9f][0x17][0x9e]|W[0xa4][0x8d]d"x[0xa7][0xed][0xe4]![0xd9][0xc1][0xa6]V[0xe9][0xf9]^[0x8]E;[0xc6][0xe0]D[0xf]c\[0xa2][0x87][0xdc]6d[0xf7]p[0xeb][0x1e][0x83]D[0xb4][0x89][0xc5][0xf7][0x88][0xf1][0xa7][0xfd][\r][0x9d][0x98][0xc3]]n[0xf2][0xad][0x19][0xc0][0xc1];[0x8f][0x9b][0x83][0xec]<[0xea][0xf6]/[0x12]hF[0xa7]X[0xa0]9[0x9]Z[0x96]W[0xef][0xb6][0x8d]Y[0x95]k`LK50[0xa6]'UU[0x95][0xcb]bh[0xdf][0xe9][0xa6][0xeb][0xb5][0xb4][0xd3][0xd0]m*[0xa0]fZ[0xa8][0x83][0x91]L[0xeb][0xb8]&[0xb][0xbd]P[\r][\n]"
18:24:04.231 [main] DEBUG org.apache.http.wire - http-outgoing-0 << "b59[\r][\n]"
18:24:04.231 [main] DEBUG org.apache.http.wire - http-outgoing-0 << "[0xcc][0x15][0xf3][0xf9][0xbc][0xa8][0xf4][0xe8]Yq[0xa3][0x12][0xdf][0x92]-[0x9a][0xaa]g[\r][0xc6]ba[0x94][0xd4]5[0x92]K[\n]"
18:24:04.231 [main] DEBUG org.apache.http.wire - http-outgoing-0 << "[0x92][0xdb][0x11][0x14]34[0x8f][0xb5][0x9e][0xc5][0xd9][0x19][0x9]>[0xa6][0xdb]W[k[0xdf][0xdd]Xj[0xb6]w[0x80][0x82][0xd2][0xb6][0xbb][0xc5]bz[0xb2][0xca][0x92][0x88][0xd1])k[0xbe][\r][0xb9][0xe0][0xba][0xbf]~[0xf0][0xde]O[0xe5][YE&[0x16][0xfb][0xff][0x1][0x0][0x0][0xff][0xff][0xdc][0x9d][0xbf]o[0xd3]@[0x14][0xc7][0xff][0x95][0x8a]=R[0xe3]_[0xb1]Gs-[0x19]BJ[0x87]*"l[0x17][0xfb][0x94][0xa4]Il[0xcb]I[0x8a]:[0x2][0x2]$[0xc4][0xc4][0x84]:[0xa4][0xea][0x18][0x89]?[0x80][0x1]u[0x89][0xf8]#*[0xa6][0xfc]'[0xe8][0x9e][0xaf][0xbe]wg[0xbb]2[0x4]([0xea][0x16][0xc7][0xf6][0xe5][0xce]I>z[0xf7]~|[0x9f]$[0xc6]d[0x84][0xaa][0xb2];[0xa3][0x19]Ku^lW[0xaf][0xb6][0x97][0x9f][0xb6][0xab][0xcf][0xdb][0xcb][0xd7][0xdb][0xd5][0xc5][0x1d][0x91]bX[0xf]W([0xbb]%[0x7][0xac][0xf0]<[0xdf][0xc2]d[0xb][0x1e][0xa2][0x1e]r[0xc0][\r]^r[0xf4][0x15]ma[0xe0][0xb2][0xa1][0xdc][0xc2][0xc0][0xf1]i[0xbe][0x81][0x91][0x87][0xd1]4[0x1f][0xf4]4[0xcf][0xfd][0xcf]f[0xf1][0xfd]:[0xdf][0xbe]p[0xdf][0xe2][0xcd][[0xc0][0xc8][0x97][0xda][0xf8][0x98][0x8c]f[0xff][0x89][0xe3][0x82][0xf8]][0xed][0x1f][0xcf][0xd2]8[0xae][0x90][0x80][0x9][0x8a][0xaa]J[0xa4][0x90][0xc9]A[0xba]e[0x8e][0xb][0xc3][0xd4]l[0x8b]>[0x8d][0x97]Q[0xb8]Y[0x97][0xfc][0xdf]aLlZ[0xa0]YiFDvfYCO[0xad];[0xe][0xc3])[0xab][0xa8][0x4]2Z[0xfb][0x9e][0xeb][0x19][0x88][0x3]<[[0xae]i[0x14])[0x0][0xf3]P[0x94][0xf2][[0xb6]e[0xa9][0x8a]j^[0xdd][0xf6][0x90]P[0x5]tB[0xe] [0x11][0x97];l[0xda]G[0xbc]$[0xbb][0xed]?[0x16][0x1a]k:[0x19][0xd0][0x83][0xd0][0xa8]`T[0xbb]+[0x9e][0xfb]OJ[0xe4][0xfb]v[0xd9][0x2][0xfd][0xc1]"[0xa1][0xbf][0xa3][0xd6][0xd6][0xe1][0xcf]i[0x19]!P0n[0x14] Rd[0xbf][0x1a]L[0x8a]+!C-UeH>[0xca]-(h[0xca][0xd3]S[0x11]*[0xf2]7[0xb2][0x8c][0xb][0x18]W[0x86]?[0xe5]40*[0xc0][0xda][0xa8][0x8d][0x8a]`[0x96]>DK[0x83]SB[0xe1]ND[0xab][0xb4][0xdc][0x82]b[0xe9]6)[0x94]n[0x13][0xbf],l[0xa2])[0xd1]<[,[0xe8][0xcb][0xb2][0xcd]L[0xa6]M[0xb9]k[0x1a][0x99][0xd3][0xb4]m[0xcb][0xc5].[0x14][0xc8][0xa7]mxEk"R[0xdb]mx[0x9e]k9Z[0xe7][0x1c][0xa7],^[0xea][0xa2][0xd4][0xfe][0x16]z[0xed][0xa0][0xd7][0xd5]e[0x1]z[0x17]h[0x9e][0x6]^[0xc2][0x18][0xf1]U[0xe8][0x84][0xa9][0xf6][0xb0][0x10][0xff][0x0][0xdb][0x1d][0xd1]}4[0xec][0xf8]7X[0x11][0x8f]FP%[0xa2][0xe1][0xe6]JBE[0x9c][0x94]H[0xf9][0x80][0xf4][0xe0][0xf2][0xd3][0x83]T[0xb9]7Y([0x87][0xc2][0xe8][0x10][0xd7][\n]"
18:24:04.231 [main] DEBUG org.apache.http.wire - http-outgoing-0 << "[0x8a][0x88]#[0x9][0x91]w[0xd0][0xa7]~L3[0xa0]u[0x2]%G[0xbe]Rw[0xc]?w[0x99]P[0xff][0x9b]U[0xc7][0x8f]NR[\n]"
18:24:04.231 [main] DEBUG org.apache.http.wire - http-outgoing-0 << "jM![0xdb]{:[0x1e][0xa4][0x8c]k[0xda][0xb2]4[0x18][0xc3];[0xfe]l[0xb3][0xe6][0xc3]C>[0xc][0xff]@[0xce][0x16]?[0x8][0xe2]4[0xcc]ohl[0xd6][0xbc][0xdd][0xe8][0x90][0xf1][0xb]x[0xf2]v[0xcb]X[0xcd][0xee]'j;[0x1f]B[0x7]1[0xf]Q[0x87][0x15][\n]"
18:24:04.246 [main] DEBUG org.apache.http.wire - http-outgoing-0 << "[0xd5]A[0xb1][0xe4][0x90][0x14]J[0xe][0xc9]q[0xaf][0xd4][0x94]q[0xb5][0xcd]KJKc00[0xa0]j[0xc7][0xa0]I[0xa1][0x1a][0xa4][0x90][0xe1]S[0xbb]9rm[0xb3]i[0x98]X[0x2][0xa2][0xe9][0x80][0x1b][0xd7]*0([0x81][0x18][0xbe][0xda][0xf6]g[0xdf]D[0xbd]9[0xed][0xd2][0x16][0xf5][0x8d][0x1a]E[0x8b][0xca]B5[0x8e][0x98][0xd5][0x15][0xcc][0xa4]w[0x88]9"&[0xc8][0xdd][0xf5]l[0x1e],CEl[0xea]p[0x1e][0xdc][[0x89]P[0x87]&[0xf9][0xea][0x4][\n]"
18:24:04.246 [main] DEBUG org.apache.http.wire - http-outgoing-0 << "[0xd0]z[0x5][\r][0xe0][0x92][0x85][0xc2][0x83]oP[0x8d][0xc]:[0xf2]o[0xde]K0$[0xf2]^[0x1][0x7]4[0x9a][0xe0][0x3]~[0x9e][0x99][0xa9]A[0x93]3[0xfe][0xed][0xc9][0xd2][0xa1][0x17]l[0xca][0xb3]C[0x17][0xf3][0x9][0xdd][0xcb]]p[0x12][0x1b]?>[0xde]\[0xef]qg[0xc7]/[0xe4][0xb5][0x7][0xc9][0xd9][0x83]4>[0x8e]{*+[0xce]g4[0xba];[0x89]}Rl[0x1d][0xd4])[0xb4][0xe]"[0xfd]2gG[0xd3][0xb4]4oG[0x9b][0xc5][0xe9][0x90]U[0xe5][0x88]v[0xfa][0xbb]dn[0xd9][0xae]a*bL\[0x18][0xba][0xe1][0xea]r[0x97][0xd9][0x9a][0x15]w[0xa8]c[0xed][0xde][0x96][0xf7]'[0x0][0x0][0x0][0xff][0xff][0xec]][0xdb]s[0xd3]X[0x9a][0xff]WTyi[0xba]*I[0xd9][0x8a][0xaf][0x8f]i[0xd9]$`[0x8][0xe9]\[0x9a]&[[0xfb] [0xcb][0xc2]VlKnY[\n]"
18:24:04.246 [main] DEBUG org.apache.http.wire - http-outgoing-0 << "[0x93]<A[0x2][0x3][0xec][0xc2][0xd4]\[0xf6]VS[[0xb3]E[0xf],[0x84]kg[0x18]z[0xb8]Mw[0xd5]:[0xec]C?[0x98]'[0xb6][0xa0][0xfb][0x5]:[0xdd]][0xbb]O[0xf3]/l[0x9d][0xef][0x1c]I[0xe7]&;n[0x3][\r][0xcc]TQE$[0x1d][0x1d][0x9d]#[0xeb][0xfb][0x9d][0xf3][0xdd]~[0x9f][0xe4]e[0xf2][0xe2][0xdf][0xc3]|q[0x84][0xd9]F[0xd0][0xfd][0xbc]![0xb1]Y%[0xdd]BoM[0x12][0x8b][0xa5][0xe9]V[0x93][0xe2][0xac][0xc4]1W[0x9a][0xde][0xb9][0xd5][0xd4]m*[0xc8]j[0xb][0xa2])~[0x17][0x13]R[0x85][0xe7][0xcc][0xc6]Q[0x85][0xe7][0xa8][0xd8])xX[0xc4]i[0x89][0x9b][0xf0][0xb1][0x97]%}[0xb9][0x89][0xc3]-[0x9d][0x98]pK[0xc0][0x84]S[0x83][0xe8]"[0xab][0xcd][0xbe][0xa1]Q[0xda][0xe4][0x11]F[0xb6]8}3X[0xe]cVe[0xd1]a[0xaa][0xed][0x15][0xb7][0xfa]{[0xa5][0xab]rF[0x88][0x90][0xaa][0xfa][0x96]lYF[0xb7][0xf7][0x18][0x17]mb0[0xa0]Y[0x8]=CY[0x19]R[0xf9]|[0x8e][0xcd][0xc9]CNS5[0xc9]/[0xcc][0xec][0xc8][0xa2][0xdc]<U[0xcd][0xe7]R[0xfd]8"[0xe5][0x86][0x6]0[0xc9][0x4][0x86][0x86][0xc8][0xdc]0[0xf][0x96][0xbf][0xf9][0xc2][0x8c][0xc4][0x4][0xf9]y[0xa5][0xf3][0xb9][0xdb][0xf9][0xbc][0xdd][0xb9][0xda]6[0x15][0xaf]sS[0xf9][0xa0]sU?[0xea]vn[0xd6]%[0xba]A[0xea]uZ[0x1f]^[0xa6][0x87][0xa3][0xcd][0x85]`[0xb4]u[\n]"
18:24:04.246 [main] DEBUG org.apache.http.wire - http-outgoing-0 << "%[0xe6]u[0xbb][0xea][0xf0]][0xad]v>[0xb5][0xab][0x9d]O[0xe1][0x95][0xb4];[0x17][0xed]j[0xe7][0xf3]x[0xbc]X[0xc2][0xf3][0xd5][0x8f]R[0x11][0x9d][0xc1][0xd2][0x1c][0xe0][0x7][0xb5][0xf]$5[0xf][0xa2]E[0xc][0xb0][0xa4][0xc7][0xf7]Hp[0xe5][0xbb][0xbb]7[0xbe][0xbf]x[0x13]B8[0xff][0x19][0x87]p~j[0xeb][0xfb]_[0x9f][0xa3][0xd8]#[0xe1][0xa9][0xd4]S[0xa8][0x87][0x0][0xd8][0x8][0xa3][0x18][0xa3][0xd6][0xd2][0x96][0xd7][0xaf][0x5][0xc6]![0xe8]X"
18:24:04.246 [main] DEBUG org.apache.http.wire - http-outgoing-0 << "o[0x8c][0xe1]%[0x17][0xd2]s[0xc9]l[0xcd]z[0x0]K[0xf3][0xae]Y[0xb1][0x97]a[0x92][0xdb][0xe7]e;[0x95][0xa7][0xd7][0x9f][0x9d]zv[0x1a]mTP[0xe][0xc9][0xa7]h+[0xf0][0xcd][0xb9]g[0xeb][0x90]R[0x82][0xac]'_o[0xa2][0x8c][0xe8][0x1]T[0x9f][0xa3][0xef][0xe4][0x16]fr/[0x3][0xb3]5=[0x86][[0xc5][0x13][0xcb][0x16]/[0x8]e[0x8b]14[0x88][0x90][0xca][0xed][f[0xde]+,[0xeb]M[0xd3][0x96]);[0xd0][0xe9][0x82][0x81][0xc7][0xc1](=[0xe4][0x14]k[0xb8][0xc5]-[0x87][0xc2][0xd3]d*[0x95][0xcf]r[0xd5]N[0x91]C&[0x99][0xe7][0x11][0xb5][0xc6]Z[P[0xca][0xe][0xc3][0xdf]$[0x8f]X[0xe9][0x1][0xa5]x[0x9]:[0x0][0xb5][0x1e][0xe9][0x8a][0x18][0x8]Py([\r][0xde][0x9][0xf][0x99][0xb9][0xb7][0x14]2_a[0x85][0xf4][0x85]6yWX[0xa9][0xc2][0xe3]$hr[0x81][0xf8][0x84]O[0xec]l[0xfc]~g[0xe3]l[0xa8]BYp[0x11]+O5[0x9d][0xd2][0x9b][0xc8][0x1][0xc0][0xd3]B{Y[0xd7]C[0xca][0x94][0xed]s[0xb8]wP[0x8e][0xc0][0x9e][0xb2]kH[0xf1][0x8c][0xca];[0x9])[0xd3][0x93],[0xa4]`[0xe][0xb][0xd9]6M[0xa4][0xa8][0xd5][0xe][0x8][0xdb][0xb4]i);x[0x86][0xe7][0xd2][0xb4]=K[0xaf][0xca][0xb8]4[0xa1]K[0x16]I[0xf0][0x88]8[0xcb][0x9][0x9c][0x1d][0x96][0xbd];[0x97][0xcc]s[0xe1][0xeb]cP[0x2]y,+[0xec][0xcf][0xd0][0xf3](4[0xc9][0xa6]3[0xc9][0x4][0xe5][0x0]J[0xab]=[0xca][0x80][0x8d][0xf6][0xe3][0xf1][0x6]>[0x16][0x19]ww0y[0xe]Fz[0xd4]Q[0xd6][0xe]P|pd[0xd4]J[0xcb]l;[0x83]hQ[0xaf][0xa4][0x96]W0[0x17]"[0xe6][0xf8][0x0][0x9b]MjV[0xc3]b[0xe4][0xfc]j$[0xe4][0x11][0xa5]Jp[0xf][0x11]r[0xf2]f[0x1a]T[0x7]D[0xc6]I[0xd7][0xb0][0xaf]@[0xc9][0xa9]'[0x7][0xd9]9[0xd4]v[0xc3]v=KYLgu[0xc3]:j[0x19][0xca]d[0x3][0x91][0xda]@}[0xb2][0xbe][0x92]>[0x89][0x9a][0xae]a[0x3][0xe8][0xac]ntn[0x1c]E|[0x8]\[0x9][0xae][0xbf]F[0xba][0x16]mz[0x1f][0x7]Gq[0xfc][0x94][0x86][0x98]W[0xa3][0xcd][0x88]p$s[0x10][0xe5]x[0xa5][0xd1][0xb4][0x96]-[0xb0][0x14][0x8]h[0x84]n_[0xaa]=:oW[0xab]~[0xe7]6[0x1c]8[0xe8]o'[0xf8][0x13][0x93][0xc4][0xcf][0x9a]N[0xab]a[0xbe][0xd7]V8[0xe4][0x82][0xc1][0xa3][0x8d][0xfa][0xf9]_|w[0xff][0xfe][0xf][0x9f][0xfd][0x8a][0xde][0xa2][0xe3]~k~[0xe7][0x82]2[0xd7][0xd9][0xb4][0x9b][0x9d][0x1b][0xb6]2[0xd5][0xf9][0x83]][0xad]u6[0xe1]i}"]z[0xc5][0xb8]Ld[0xb3])UMfh[0xa2]K[0x8]\[0x91]D[0xb9][0xd4][0xd8]ja[0xf9]L*[0x91]HR[0xb9][0xc2][0xa9][0xac][0x9c][0xe8]R[0x92][0x96]3[0xb9][0x17][0xf0][0xc][\n]"
18:24:04.246 [main] DEBUG org.apache.http.wire - http-outgoing-0 << "[0x97][0x1c][0x84]M[0xd3]ti[0x8a]TE[0x19][0x1d])M.[0x1][0xd7][0x14]"[0xa9]+M[0xa1][0xbf]qP[0xcc][0xc1]I[0x88][0xe1][0x9f]A-g'Ka[0xfd][0xe7][0x85][0xfd][0xa5][0x98]`[0x19][0xf4]J[0xe1][0x1d][0xf2][0xc0][0x18]og[0xd2]f[0x8e]0[0xc0][0x8][0xb5]TV}[0xc0][0xf4][0x10][0x18][0xff][0xeb]Rod\[0xab][0xb1][0xc8][0xb8]Vs[0x84]NG[0xc4][0xb1][0xfe][0xf0]/[0xa7][0x95]=[0xf8][0xe7]>[0xd6][0xd9][0xb4][0xdf][0xef][0x9][0x92][0x11][0xcd]ep[0x10][0x80]$[0xab][0xfb]Ej[0x9e]F[0x91][0xe4][0x6][0xf7][0x4] I)j5[0x8a][0xf3][0xb6]D[0x91][0xdc]~=X[0xa1]1[0xa3]f[0xf7][0xb7][0x7]M[0xb3]~[0x99][0x9a]k[0xb5][0xbd][0xa6][0xde][0xee]I[0x8]i[0xfc]L[0x94][0xe8][0x8f][0x5][0x89][0xfe]X[0x16]h[0x92][0xe1]|[0xbe]{1y[0xc6]^[0x94][0xa8][0xae]9+[0xb2][0xc][[0xe8]:[0xe4]'[0xc2][0xf2][0xca][0x8d][0x92][0x96]?[0xa0][0xae][0x11]Dp[0xd2]o[0xa3]}:![0xa4]F[0xf5][0xc4][0x97]L[0x9d][0xcc][0x90][0xe5][0x86][0xcb][0xaa][0x1c]-\[0x1a]DQ[0x9a]&'y]D[0x87][0x99][0xd8]E[0xb6]\[0xb6][0xbf][0xb5]V[0xec][0x9f][0x93][0xa3]L[0xfc][0x6]cr[0x91][0xb2][0xd7][0x86][0xf3]S[0xca]x[0x1d]6[0xad][0x9a][0xad][0x1b]5[0xaf]-R6[0xc2][0xe2][0xb5][0x82]Je2[0xb4][0x8d][0xe1][0xdb][0x88][0xc][0xb6][0xb7]p[0xa6]=[0xb2][0xd9][0xae][0xdf][0x13][0xf8][0x1b]+[0x16]Z[0xd0][0xf4][0x6][0x93][0xfb][0xca]t[0x13][0xb1]8V[0x1c][0xdc]6[0x12]B[0xd2][0x8a][0xa5]r[0xfc][0xc0]y[0xf4][0x85][0xb5]}[0x1a][0x13]o[0xd4]%l[0x8e]_oB^[0xfc][0xed]g[0xa7][0x6][0xa8]\n[0xfc][0xcc][0x1d][0x88]>Cs[0xc][0xa7][0xad][0xec])[0x99]&[0x92][0x92][0xf7]{[0xfb]F[0xc]C[0x94]VM[0x90]V[0xad][0xb4][0xb]i[0x85][0xf4][0x8c][0xe8]S[0xe7][0x5]U[0xe3][0x5][0x15][0xe5][0xb1][0xc6][0x8f][0x95][0x9c][0x92]&[0xc4][0xf]'[0xc5][0xe9]4[0xa3]*$UTR,[0x13][0x96][0xe]ge[0x18][0xc6]'[0x92]p[0xa4]v[0xc3][0xb5]6[0xd1]O[0x80]c'[0xcf][0xcb]q[0xe6]-[0x95][0xe3][0x92]Sw[0xda]R[0x97][0xb]L[0xdd]Q[0xf0][0x11]y[0x3][0x9c][0x3][0x6]5[0x89][0x84][0xf9]6[0xfc][0xbb][0xf7][0x97][0x87]g [0xc7][0xe5]![0xd4][0xdb][0xb9][0xbd][0xb3][0xfe][0xd9]_[0x1e][0x9e][0x95][0xfa]c[0xe0][0x9]&[0xd5]7[0xed][0x98]!}S~[0x19][0x94]{[0x1f][0x9c][0xc6]2[0x8e][0xe][0x4][0xc7][0xc][0x9a][0x90][0xb3][0x12]O[0x83][0x1][0x9c]:[0x9b][0x88][0x87]l[0xf7][0xf2]m[0xd4][0x7][0x94][0xef][0x86][0xd3],[0xc7]Ev[0x1b]"[0xcd][0xa1]&[0xd0][0x1c]j[0xf2][0xea]_|[\n]"
18:24:04.246 [main] DEBUG org.apache.http.wire - http-outgoing-0 << "[0x89]Su<[0x88]l[0x11][0x84][0xf9][0x10][0xaf][0xde]Gc[0xe2]4[0xfc][0xe0][0xc2][0x90]J~*[0x97]M[0xe7][0xf3][0xe9][0x1c][0x93][0xa3][0x8e]T|![0xce][0x93]<[0x90]NKM%[0xb3][0xa9][0x1c][0xa5][0xe5][0xa7]ea[0x9e]2[0x7])![0xb7]-j[0x8b][0xb0][0xa7][0x9d][0x9][0xd9]Ue[0x8c][0xaa][0xd4];[0xe0][0xe4][0xb7]GU[0xc][0xed][0x10][0xad][0xe8][0x7]c3T[0xfd][0x92][0xd3][0xf0][0x9b]e*[0xf1][0x94][0x9a]![0xde][0xcc][0xe2]c[0x93][0x96][0xd2][0x8d][0x1b][0x10][0xb8][0xfd][0x1b]:j;[0xba][0xad]Ln[0xeb][0xfc][0x91][0x9c]hy[0xdc][0x9]"{[0xe1][0x1d]D[0xec]`$[0xcb]TH[0x4]p[0x2]^[0x19][0x88]\[0xc6]p[0xfe]f[0x14][0xf8])[0x8d][0x2]l[0x9d]-[0xcd]i:[0xae][0x13][0x17][0xb2]!F[0xab][0x97][0xc4]h[0xf5]C[0x7][0xa5]e+[0xb8]4[0xfb][0x83][0xa8]h[0x85][0xcc][0x99][0xc]=[0x86][0xef][0x1e]oG[0x82]1[0xe1][0xd3][0x15]X[0x87][0x9a][0x88][0xb6][\r][0x9d][0xab][0xac]YM[0xb0][0xc0][0x96][0xd0]9[0xdc][0xe5][0xd8]>[0xcf][0xb3]^[0xdc][0xbd][0xb4]}[0xa2][0xa2][0xe8][0x8d][0xb1][0xf][0xfd][0xa6][0xef]n_[0x1b]23.[0x97][0xc8]$[0xd3][0x13][0xdc].%I[0x94][0x8c][0xd1]T[0x8a][0xaf][0x15][0xe]cd"
18:24:04.246 [main] DEBUG org.apache.http.wire - http-outgoing-0 << "[0x12]\2[0x94]U3[0x93][0x92]{[0x9b]'[0xfa][0xaa][0x18][0xe1]<y@[0x8b][0x8f]'-[0x1d][0xa4][0x1d] p[0xff][0x8f]I[0x85]{[0x9][0x9e][0x8a][0xd7][0x11]U[0x1a]|&.[0xfe]$h[0xa8]D[0xbf]H;B[0xca][0xe0]#[0x8a][0x80][0xf2][0xd3][0x9d][0x8d][0x1b][0x11]D[0xa2][0xeb][0x11]@[0x6][0xad][[0x1e]sH[0xc0]1x[0x12][0xc1]F[0xf2][0x1b][0x5][0xc0]x[0x6][0xaa][\r]o[\r][0x0][0x8b][0xcd]w[0xc7]%[0xc2][0xa0][0xec][0xe4][0x1][0xf6][0x9b]Q[0xe][0x98]z[0xd5][0xdf][0x15][0x8a]?[0xbd][0xe][0xf1][0xfe][0xf7][0x9e]n[0xe2][0xd1][0xde]B%[0x17][0x15][0xee][0x13][0x1b][0x1d][0xd9][0xbf]}[0xa2]i}[0xf5]@[0xf7][0x14][0xbd]2V[0xf0][0x8f][0xe9][\r][0x4][0x2]_=@O[0xdb][0xbe][0xb6][0xaa][0xd7][0xa0][0xfe][\r]z([0x82][0x18][0x18][0x3][0xe1][0xbd]b[0x91][0x91]M[\r][\n]"
18:24:04.246 [main] DEBUG org.apache.http.wire - http-outgoing-0 << "2d84[\r][\n]"
18:24:04.246 [main] DEBUG org.apache.http.wire - http-outgoing-0 << "[0xe4]qp[0xec][0x82]lw'[0xd2][0x8f]hS".NII[0xac]U[0x81][0x92]mM_[0xb1][0x1a][\r][0xa9]a[0x5][0xf5][0x1]#[0x19][0xa3][0x1b][0xe][0x17]E[0x93]M%9fkd[0xa0]L[\n]"
18:24:04.246 [main] DEBUG org.apache.http.wire - http-outgoing-0 << "[0xb6]L[0xf4][0xd8][0x6]S[0xcf]9[0xc5]V[0xed]Iew[0x1d]@39[0x85]6[0xab][0xb4][0xef][0x17][0x87][0xd1][0xa0]L[0x1d][0x1e][0xef][0xf8][0xc]%[0xf2]C[0xf0][0xe8][0xf7][0xb6][0xba][0x1b][0x9c][0x8e][0xd7][0xb0][0xa8][0x9c][0xe0][0x3][0x88][0xf2]Hd-@[0xa7];[0x17][0x1a]z[0xaf]m"~K[0x4][0xf7][0xf0][0x1]A=|[0x10]a[0xde][0xed][0x9d][0xf5]?[\n]"
18:24:04.246 [main] DEBUG org.apache.http.wire - http-outgoing-0 << "[0xf1]-A[0xb3]2}O[0x8b][0xbe]Bp[0xcf][0xae]:[0xca][0xdf][0x85]Q)[0x1f]! y&[0x1][0xc0][0x9f][0xa3][0xda]^[0x3][0xc0]_[0xf5][0x9d][0xf4][0x8]O[0x1d][0x12]0E[0xd9]S0[0x9b][0x8e][0x81]Jf[0x18][0x8c][0x8f][0xc3][0xab][0x99]1[0x94][0x89][0x86][0x18][0x82][0xa2][0x15]D[0xc0][0x91][0x86][0xa0][0xa4]8[0xde][0xb3][0x92]e[0xb7][0x11][0xd3][0x95][0xc]mP[0x7][0x85][0xb9]P[0xe2]0[0xf0]P7[0x14][0xe6][0xb4][0xe1][0xb0]'[0x97]N[0xa8][0x19][0x16]|[0x12]2Z#[0x11]{[0xd4][0x89]T*[0x97][0xce][0xed][0xb2] [0xd0]h,[0xf3][0x0][0x6]"L[0xdf][0x10][0x0][0xd1]T[0xc8]E[0x80][0xe3][0xf9][0x10]#[0xc1][0xe8][0xc8]"[0x4][0xa4][0xa0][0x12]c=[0x1][0xaa][0xb3]I~[0xcc][0xde]p[0x95][0xeb][0xa1]}[0x16][0x98][0xcd][0x1a][0x99][0xf9][0xdb][0xc]Rl_u.D[0xb0][0xee][0xd0]$[0x8][0x8e]$D[0xb0]d[0xd5][0xe1]4[0x1f]kx[0x8c]S[0xb0][0x8f][0xd1][\n]"
18:24:04.246 [main] DEBUG org.apache.http.wire - http-outgoing-0 << "[0xf6]1[0x9d]x[0xae][0xb9][0xae][0xda][0xe4][0x2]?C[0xae]du[0xc3][0xa7][0x8a])[0x1d][0xf0][0xcb][0xfa]XI[0xf7]t[0xbb]*Ls[0xa1]][0xb3][0x1a]~[0xb9][0x1f][0x16][0x83][0x98][0x8f]#[0x1][0x7]"[0xd4][0x8][0x97][0x95]=[0xe8][0x9c][0x82][0xae][0xbe][0xcf]`[0xb4][0xb2][0x7]}X[0xe3][0xf0]I[0xc1]%[0x16][0xb1][0xf8][0xec]W[0xdf][0xdd]} [0xc7]m[0xae]O[0x1c][0x90]XP[0x18][0x18][0xa7][0x8e]i$/[0xcc]i,[0x86][0x8f][0xa2]n[0x9c][0xba][0xab][0xcb][0xf3] [0x98][0xe8][0xc2][0x1f][0x81][0xf3][0xef]f[0xe4][0xcf][0xa1][0x2][0x8b][0xf3]N[0xbd][0x8f][0xc5][0xbf]."zIDt[0xa9][0xc5]?[0xc7]m!'Wt[0xd7][0x97][0xe2]98[0x87][0x1f]][0xab][[0xca]{[0xdb][0xc7]-W[0xb7][0xad]]X[0xf0]g[0x9d][0xc6][0xaa]mJ[0xfc][0xe0][0xb9]$[0xbb]kT[0x93][0xe3]jP[0xc3]m,[0x99][0xce][0x8f]g[0xa5][0xe][0xb8][0xe8]]P[0xb6]{u"[0xd3]7W[0x2]S[0xff][0xf7]1[0xde]3/[0x9a][0xc7][0xdc][0x1e][0xd5][0xdd][0x96]([0x8b]=[0xe5][0xa5][0xe8][0xc7]O[0xa9][0x95][0xe8][0xc][0xb][0xea][0xe9]o[0x88][0xad][0x1f][\r]In[0xea][0xc7][0xae]0[0xda][0xb2][0xf]g"/[0xdd][0xc6][0xce][0xfa]-[0xb9][\r][0x1f][0x1a]2[0x86]{8C[0xe7]S[0xe0]3[0x4]W[0x9c]:o[0xb1]G[0xe7][0x9c][0x15][0x7][0x19][0xec][0xb7][0xcf]/[0x9b][0xb1]&[0xfb][0x1]p[0xa4][0xbf][0xb9][0x1e][0x89][0xf]#[0x94]mOW[0xe6][0xf0][0xa6]D&[0x92]b[0x9d]5M[0xa8][0xb3][0xa6][0xcd][0xc9]x[0x9f][0xd2][0x9]1(O[0xd9][0xef][0xb4][0xe5][0xe4][0xc]s[0x82][0xd9][0x9e][0x1a][0x18]o[0xb8][0xf]/[0xed]&[0xa3])Pub[0x8c][0xf7][0xf9][0xc4]D[0x96]Il[0x84][0xf8][0xbc][0x9c][0x90][0xd8][0x18]>[0x94][0xae]h[0x9d][0xa4]5[0xbf]tB^P-#[0xa9][0xd7][0xba]O#f{Qx[0xa9]y[0xf3][0xa2][0x1b][0xaf][0xdd]i[0xc0]R)[0xfc][0xa8][0xb6]b8[0x8d][0xce]m&[0x4][0xe5][0xdb][0xf5][0xb]?It[0x1e]=1[0xb2][0xf0]Sg[0xc8][0x8a]O[0x9d][0x89][0xbc]k[0xf7]v[0xd6][0xbf][0xc4][0x9][0x8][0xd1][0xfa]N5,[0xb][0xb7][0xb6][0x84]6D[0x8][0xa9]3dmo{[0xba][0xcb]$4"n8D[0x18]90[0xc3][0xb3][0xe1][0xee][0x86][0xbc]I[0x9b][0xdc]7/[0xd1][0xc3][0x3][0xdb][0xf4]>[0xdb]3[0xab].fc[0x99]_m{fSfb[0x9f][0xdf][0x87][0xa9][0x5][0xd8]5~[0xde]B[0xed]AD[0x1a]z[0xd0][0x93][0x1]+6I[0x1][0x9][0xec][0xe6][0xa3][0xec]:=[0xa7]1[0x90][0x80][0xcb][0x87][0xcb][0xf1][0xa0]&[0xe2][0xc1][0xb4][0x80][0x7][0xb8]^[0xbb]X[0xf0][0x9e][0x8b][0xfb]_[0xd2][0xab][0xae]Y[0x96][0x80][0x1][0xf4]8[0x8d][0xab][0x95][0xeb]<.[0x84][0xa3][0x8b][0xf8][0xe0][0xc2][0xa6]C[0x16][0xba]O%[0xf3][0x89]L[0x86])t[0x9f][0x8e]l[0xdb][0xc9]4[0x9f][0xec][0x18][0xd5]Y'x[0x90]I[0xe7]Y[0xea][0xb7][0xec].-A[0xa8]p[0xf6][0xe8][0xc8][0xf4][0xe2][0xc]S[0xe7]~td[0xfe]#[0x11]![0xa8][0x17][0xc3][0xe1]C>[0xbe]b[0xcf][0xf4]\I,[0x10][0xaf][0xd4]}[0x9b][0xa9][0xe2]\[0xb7]{#[0xc3]K);[0x1f][0xab] [0xc0][0xfd][0x94][0x9d][0xda]ut[0x83][0xf2][0xe8][0xe1][0xcb][0xcc][0xea]|[0x3][0x92][0x93]N[0xd0][0xe]=[0xd7][0xd1][0xd7]([0x9e][0xeb]t.[0x18][0x94];/:[0xc6][0xf9][0xce][0xd0]i[0x94][0xec]L[0xbd][0xdb][0x0][0xe][0xb6]P[0x1][0xe6][0xa7][0xb7][0x7][0x88][0xf0][0xad][0xb9]+[0xaf][0x93]?V[0x9b]c[0xcd])H[0xb][0x93][0xaf][0xe5][0xbe][0xb8][0x96]/[\n]"
18:24:04.262 [main] DEBUG org.apache.http.wire - http-outgoing-0 << "k[0xf9][0xa2][0xac][0x1c]M[0x9a][0xb3][0x97]L[0xeb][0xa4]T[0xb5][0xb0][0x8e]/[0xf2][0xf2][0x8a][0x87][0xc3][0xad][0xe0][0xe8][0xe4]Pu$[0xd4][0x89]|"A3[0xac][0xa9]I[0x92][0x90][0xcc]-[0xdb]~[0x99]v>%[0xf2][0xb9][0xdc][0xcb][0xc9]G[0xc6][0xd3][0xe2][0x5][0xb0]G[0xd8][0xfc]"[0xbd]@[0xa3]Q)[0x86]c[0xaf][0x98][0xae]g[0x95][0x1b][0xa6][0xcc][0xab]N[0xed][0xaf][0x17]g[0xf9]{[0xdf][0xc]/<~[0x9]XZ[0xf1][0xdf]XT[0xf1][0xdf]DNo[0xec]l\[0x82][0xa8][0x98]_[0x86]B[0x8a][0xaf][0x97][0xa9][0xb6]-[0xea]<^[0xab][0xf1][0xdf]x[0x95]&}[0x7]^[0xa4][0xa7]W[0x6]Y[0x96][0xfd][0xfe]u[[0xd0]G[0xcf][0x88][0x90][0xab]w.[0xeb]q[0x8e][0x8e]c[0xa2][0x18][0x1d][0x16][0xc5][0xe8][0xb0]L[0x8c][0xf2][0x9c][0x3][0xf8]0[0xf2]\4Q}[\r][0x99],[0xa1].[0xd0]X[0xc][0x18]J[0xa9][0xf3][0x7][0xb7][\r]4[0xcd][0x1a]L[0x12][0x87][0x94]FC=[0x80]45[0xea]xV[0xb7][0xda]Jp[0xd3]0[0xc2][0x96]N[0xe5][0xd8][0xa2]-[0xea]x[0x12][0xad][0x8a][0xd9][0xd1][0xb1]Ln</[0x86][0xa6][0x15]|[0xf][0xac]j[0x84][0xfd]#[0x95]z[0x19]e[0xa1][0xa8][0x99]q[0x85][0xea]&[0xe2][0x97][0xbd]I[0x8][0xf9][0xe]5Z[0x4][0xa1]X1[0x9d][0xb4]=[0xf4][0xea]u[[0xa9][0xfa]V[0x3]+[0xe1][0xa1]0[0xfd][0xf7][0xaf][0xfb]T/opu[0xc1][0x1b][0x95][0xe8])[0xc1][0xe4][0xb9][0xca][0x11][0x15][0xf2]d[0xde][0xe2][0x6][0x82]H[0xf3][0x89][0xe8][0x94][0x1d]p[0xf]"
18:24:04.262 [main] DEBUG org.apache.http.wire - http-outgoing-0 << "q[0xc5][0xbf][0xaf][0xcc][0xfa][0xf6][0xb2]^[0x16][0xc]y[0xcf][0xaf]\}[0xbe][0xf9][0xd9][0xf3]+[0xff][0xfe][0xfc][0xca][0x17][0xcf][0xaf]\[0xbe]y[0x9c][0xef][0xff][0xd5]([0xd4][0xd1]o[0x81][0xde][0xe][0xa9][0x99][0xe2][0xb2]W[0x96][0xc3][0xba][0x86]D[0xe8][0xc3]+e[0xae]e[0x8b][0xbb]N[0x0] <[0xe6][0xea][0xb2][0x0][0x4]l[0xc1]>[0xfd][0xf2][0xd3][0xff][0x1c][0xc4][0xce][0xe6][0x1f][0x1b],[0x9c]m[0xb5][0xe5][0xfa]q[0xb6]*[0x91][0xb9]C[0x93]0w[0xcc]J[0xab]-p[0xd1]l3[0x96][0xe1][0xb4][0xe5]\?G@[0xf0][0xff][0xdc][0xc2][0xa1][0x1f][0xa5][0xed][0xad][0xb2][0xbb][0xbd][0xd5][0xe6][0xd7][0xd8]`[0x9c][0xdd][0xdf]>>[0xf5][0xf8][0xf8][0xe3][0x13][0xdd]{[0xdd][0xad][0xee][0xfd][0xee]M[0xa5][0xfb]O[0xdd]?u[0x1f]v[0xbf][0xec][0xde]|[0xa2][0xbb][0xf5][0xf8]d[0xf7]Vw[0x8b][0xea]G[0xd1][0xfc]f[0xcd]w[0xad]U[0xd3][0xb3][0x86][0xdd]<[0xe7]R\[0xd6],[0x84][0x92]#[0xe2][0x1f]vA^m[0xb9][0x96][0xe3]E[0xc9] j[0xff][0xaa]q[0xf2][0xba][0xc][0x1f][0x88][0xd9]l[0xdd][0xdf]>>[0xf][0xf3][0xff][0xf2][0xf1][0xba]du[0x8e][0x8f]U-.[0xce][0xb1][0xbb]1Va[0xbe][0xde]gu[0xe5][0xf0][0xc0]lP|[0xeb]S[0xae]i[0xd6][0x95]=M[0xa7][0x82][0x4][0x99][0x17][0xb5][0xee][0x9d][0xee][0x83][0xee][0x83][0xee][0x9f][0xba][0xee][0xde][0xeb][0xde][0xef]^[0xe7][0xc5][0xd7][0xe3]v[0xdc][0x9e]O[0xd1][\r]- [0xaa]sQ|[0x17]:[0xf][0xdd]z[0xe7][0xb2][0xc9][0xf7]U[[0xe5]v[0xef][0xab]&[0x1d][0x84][0xd0]4m[0xc9][0xee][0xfd][0xc9][0xf1]'[0x17][0x9e][0xdc]yr[0xe9][0x8e]?[0xb9][0xf4][0xa4][0x17]'[0xc1]j[0xcb]tm*[0xb1][0xa4][0xe5]R[0xe9]w[0xab][0xf8]([0xda][0x11][0xfc]+l[0xde][0xef]E[0x9]&-[0xd7][0xa1]2Lp[0xf3] [0xc5][0x4][0x1f]aT[0x8]>ulA[0xb3]Z`]$[0xc5]x[0xa1][0xae][0xf9][0x0][0xd1][0xad][0xab][0xad][0xd7][0xba]O?2[0xcb][0x80][0xcb][0x9a]i[0xd4][0xfa][0x11][0x97][0xac][0x89] [0xb3]$[0x80][0xcc]RQ[0x2]2)5![0xd0][0x89][0xe1][0x0][0x13][0x1]cP[0x8f][0xdb][0xe7][0xcc]v[0xbd]sAq)[0xcf][0x6][0x9c]s[0x86][0xac][0xd9][0x92]L[0xa4][0xd3][0xb9][0xb4][0xca][0x14]m[0xc9][0x8f]g[0xd3][0x12]u[0x1a][0xbd][0x90]([0xff]5[0x97][0xa3]+7[0xa9][0x19]y[0x8a][0x98],[0xaa]b[0x11][0x15]J/[0xc0][0xef]6[0xb][0xd1][0xc4][0xf3][0x1f][0x95][0x4][0xa8][0x90]M[0x98][0xc5][0xb]51[0x11][0xbf][0x9b]_[0xa2][0xd5]i[0xf8]%[0xeb][0x8e][0xcb]i[0xd3][0xa5][0xed][0xf3][0xbd]q[0xc3][0xe0]v[0xe5][0x6][0x8e][0xa4][0xa2]z[0xe5][0xa5]q[0xfb][0xbc][0xf9][0xe8][0x82][0x87]R[0xab]x/`[0x9d][0xdb][0xe0]7[0xea][0xd4][0x6][0xbf][0xe1][0xac][0xe8]u[0xbe][0xaf]v[0xc3]Y1[0xed][0xed][0xf3][0xd0][[0xaf][0xdc]y[0xd3][0xa8][0xf5][0xe7][0x18][0xa9][0x99][0x86][0x94]Z[0xc4]3j[0x9d]+[0x9f][0xf8]&[0x9d]}[0xbb]~yg[0xfd][0xb6][0x94]B[0xc4][0x90]1[0x87],[0x18][0xa4]s[0x81]0[0x84][0x9c][0xf][0xf2][0xf0][0xd1]@#]~[0xfb][0x9c][0xf9][0xe8]B[0x9c][0x8b][0xee][0xe7][0x83][0x98][0xd5][0xd7][0xcc][0xd7][0x8a][0x13]KE[0x1a]'[\n]"
18:24:04.262 [main] DEBUG org.apache.http.wire - http-outgoing-0 << "[0xa6][0xdd][0xd4][0xdd][0xba][0x1c] *[0xa2][0xc7][0xac] x[0xcc][\n]"
18:24:04.262 [main] DEBUG org.apache.http.wire - http-outgoing-0 << "32[0x8f][0x19][0xcf][0x1e][0xa6]9-[0xd3][0xae][0xe9]USF[0x1e][0x6][0x9d][0x16][0xf4]`$[0x14]kz4<[0xe4]'5][0xab]jzJ[0xd0][0xb2]/t[0x84][0xdc][0xa7]R[0xec]Hg[0x93][0xd9][0x4]S[0x9a]6[\r][0x4][0xca][0xbc][0x92]_[0x8][0xf4]W[0xa2]pL$h3[0x9c][0x9a][0x92]A[0x7]Ob[0x1a][0xfd][0x1d][0xc5]J[0x4][0x11][0x13][0x12][0x90]A[0xf0][0xc2]CJ[0xf4]~x [0x89][0xb7][0xdb][0x17]J[0x14][0x90][0xe0]y(u[0xd7][0x1][0xff]kd[0x96][0xeb][0x13][0xe3]P[0xe1]t[0x88][\n]"
18:24:04.262 [main] DEBUG org.apache.http.wire - http-outgoing-0 << "[0xad]C[0x14][0xa4][0xca]}[0x5]qx[0xc5][0x8b]}[0xa1]s[0xd1]6[0xc9]d@[0xd4][0xb][0x96][0x8d]h[0x89]#[0x19]/[0xe8]a[0x3]"[0xd7][0xa7]![0xba][0xfe]wP[0xdd][0xf1]V [0xdd][0xe8][0xe9][0xc1]} [0xd7]tG [0xcf][0xf4][0x9][0x10][0xe4][0x82][0x89]{[0x8e][0x1c]e[0x5]4[0xd8]H[0x90]o![0xaa][0xd2]g[0xa7][0x90][0x89]~[0x0])[0xae][0xd8][0xf5][0xd7])[0xc5][0x85]"[0x93][0xa0]ZX[0xb6][0xca][0x8e][0xef][0xc5]TW[0xa9],[0x8b]b[0xbc]_[0x10][0xe3][0xfd][0xf2][0xea]*[0x9c]i[0x8e]z[0x92] [0xc5][0xa8][0xcf][0xfd]z[0xd9][0xc7][0x97][0xa7][0xc2][0xbf]he[0x82][0xba][0x9f][0x9][0xe9]1[0xe9]+[0xe4][0xd6][0x9a][0xb2][0xd8]l[0xfa][0xbe][0xed]@[0xbf][0xcd][0x9a][0x8f]t[0x9][0xbd]R[0xd1][0x95][0xe0])[0xc3][0x5][0x9b][0xe7][0x13][0x9][0x8e][0x89][0x7]Y[0xf9]R[0xbc]NAO[0x99]8[0xd2]U&$3![0xdf]<[0x88]Q[0xe6]#Epe[0x16][0x17][0x90]9~[0xfe][0x90][0x98][0x17]N=[0x8a][0x13][0xf2][0x1e][0x19][0xad][0x85][0xfd]T,S[0xd0][0xc3]O][0x85][0xe5][0x15][0x12][0xee][0x14][0xda]F[0xcd]*[0xe3][0xb7][0x4][0xe8]q$8[0xc2][0xd0][0x11][0xbd]C[0xa2][0x10][0xdc][0x85]z,'[0x2][0xd0][0x98][\n]"
18:24:04.262 [main] DEBUG org.apache.http.wire - http-outgoing-0 << "[0x9a][0x97][0x83][0xe6][0xf8][0x10][0xe3]Exhs[0x9f];[0xc6][0x8a]G_[0x84][0xf][0xc3][0xcb][0xfe]7[0xe7][0xa0][0x8c][0xc2][0xd5][0x1],[0xf8][0x95][0xe5]w[0xa8][0xe][0xcb][[0x19]w[0x8e][0xc0][0x8e][0x86]O[0xa7]i[0xd9][0xb1]A[\n]"
18:24:04.262 [main] DEBUG org.apache.http.wire - http-outgoing-0 << "[0x15]1%[0xa7] [0xa4][0xe4][0x14][0xe][0xca][\n]"
[...]
Union","otherAcronyms":[],"otherNames":["??????? ????????","Union africaine","União Africana","Unión Africana","Umoja wa Afrika"]},{"acronym":"AL","name":"Arab League","otherAcronyms":[],"otherNames":["????? ????? ???????","J?mi?at ad-Duwal al-?Arab?yah","League of Arab States"]}],"cioc":"TUN"},{"name":"Turkey","topLevelDomain":[".tr"],"alpha2Code":"TR","alpha3Code":"TUR","callingCodes":["90"],"capital":"Ankara","altSpellings":["TR","Turkiye","Republic of Turkey","Türkiye Cumhuriyeti"],"region":"Asia","subregion":"Western Asia","population":78741053,"latlng":[39.0,35.0],"demonym":"Turkish","area":783562.0,"gini":39.0,"timezones":["UTC+03:00"],"borders":["ARM","AZE","BGR","GEO","GRC","IRN","IRQ","SYR"],"nativeName":"Türkiye","numericCode":"792","currencies":[{"code":"TRY","name":"Turkish lira","symbol":null}],"languages":[{"iso639_1":"tr","iso639_2":"tur","name":"Turkish","nativeName":"Türkçe"}],"translations":{"de":"Türkei","es":"Turquía","fr":"Turquie","ja":"???","it":"Turchia","br":"Turquia","pt":"Turquia","nl":"Turkije","hr":"Turska","fa":"?????"},"flag":"https://restcountries.eu/data/tur.svg","regionalBlocs":[],"cioc":"TUR"},{"name":"Turkmenistan","topLevelDomain":[".tm"],"alpha2Code":"TM","alpha3Code":"TKM","callingCodes":["993"],"capital":"Ashgabat","altSpellings":["TM"],"region":"Asia","subregion":"Central Asia","population":4751120,"latlng":[40.0,60.0],"demonym":"Turkmen","area":488100.0,"gini":40.8,"timezones":["UTC+05:00"],"borders":["AFG","IRN","KAZ","UZB"],"nativeName":"Türkmenistan","numericCode":"795","currencies":[{"code":"TMT","name":"Turkmenistan manat","symbol":"m"}],"languages":[{"iso639_1":"tk","iso639_2":"tuk","name":"Turkmen","nativeName":"Türkmen"},{"iso639_1":"ru","iso639_2":"rus","name":"Russian","nativeName":"???????"}],"translations":{"de":"Turkmenistan","es":"Turkmenistán","fr":"Turkménistan","ja":"????????","it":"Turkmenistan","br":"Turcomenistão","pt":"Turquemenistão","nl":"Turkmenistan","hr":"Turkmenistan","fa":"?????????"},"flag":"https://restcountries.eu/data/tkm.svg","regionalBlocs":[],"cioc":"TKM"},{"name":"Turks and Caicos Islands","topLevelDomain":[".tc"],"alpha2Code":"TC","alpha3Code":"TCA","callingCodes":["1649"],"capital":"Cockburn Town","altSpellings":["TC"],"region":"Americas","subregion":"Caribbean","population":31458,"latlng":[21.75,-71.58333333],"demonym":"Turks and Caicos Islander","area":948.0,"gini":null,"timezones":["UTC-04:00"],"borders":[],"nativeName":"Turks and Caicos Islands","numericCode":"796","currencies":[{"code":"USD","name":"United States dollar","symbol":"$"}],"languages":[{"iso639_1":"en","iso639_2":"eng","name":"English","nativeName":"English"}],"translations":{"de":"Turks- und Caicosinseln","es":"Islas Turks y Caicos","fr":"Îles Turques-et-Caïques","ja":"???????????","it":"Isole Turks e Caicos","br":"Ilhas Turcas e Caicos","pt":"Ilhas Turcas e Caicos","nl":"Turks- en Caicoseilanden","hr":"Otoci Turks i Caicos","fa":"????? ????? ? ??????"},"flag":"https://restcountries.eu/data/tca.svg","regionalBlocs":[],"cioc":""},{"name":"Tuvalu","topLevelDomain":[".tv"],"alpha2Code":"TV","alpha3Code":"TUV","callingCodes":["688"],"capital":"Funafuti","altSpellings":["TV"],"region":"Oceania","subregion":"Polynesia","population":10640,"latlng":[-8.0,178.0],"demonym":"Tuvaluan","area":26.0,"gini":null,"timezones":["UTC+12:00"],"borders":[],"nativeName":"Tuvalu","numericCode":"798","currencies":[{"code":"AUD","name":"Australian dollar","symbol":"$"},{"code":"TVD[G]","name":"Tuvaluan dollar","symbol":"$"}],"languages":[{"iso639_1":"en","iso639_2":"eng","name":"English","nativeName":"English"}],"translations":{"de":"Tuvalu","es":"Tuvalu","fr":"Tuvalu","ja":"???","it":"Tuvalu","br":"Tuvalu","pt":"Tuvalu","nl":"Tuvalu","hr":"Tuvalu","fa":"??????"},"flag":"https://restcountries.eu/data/tuv.svg","regionalBlocs":[],"cioc":"TUV"},{"name":"Uganda","topLevelDomain":[".ug"],"alpha2Code":"UG","alpha3Code":"UGA","callingCodes":["256"],"capital":"Kampala","altSpellings":["UG","Republic of Uganda","Jamhuri ya Uganda"],"region":"Africa","subregion":"Eastern Africa","population":33860700,"latlng":[1.0,32.0],"demonym":"Ugandan","area":241550.0,"gini":44.3,"timezones":["UTC+03:00"],"borders":["COD","KEN","RWA","SSD","TZA"],"nativeName":"Uganda","numericCode":"800","currencies":[{"code":"UGX","name":"Ugandan shilling","symbol":"Sh"}],"languages":[{"iso639_1":"en","iso639_2":"eng","name":"English","nativeName":"English"},{"iso639_1":"sw","iso639_2":"swa","name":"Swahili","nativeName":"Kiswahili"}],"translations":{"de":"Uganda","es":"Uganda","fr":"Uganda","ja":"????","it":"Uganda","br":"Uganda","pt":"Uganda","nl":"Oeganda","hr":"Uganda","fa":"???????"},"flag":"https://restcountries.eu/data/uga.svg","regionalBlocs":[{"acronym":"AU","name":"African Union","otherAcronyms":[],"otherNames":["??????? ????????","Union africaine","União Africana","Unión Africana","Umoja wa Afrika"]}],"cioc":"UGA"},{"name":"Ukraine","topLevelDomain":[".ua"],"alpha2Code":"UA","alpha3Code":"UKR","callingCodes":["380"],"capital":"Kiev","altSpellings":["UA","Ukrayina"],"region":"Europe","subregion":"Eastern Europe","population":42692393,"latlng":[49.0,32.0],"demonym":"Ukrainian","area":603700.0,"gini":26.4,"timezones":["UTC+02:00"],"borders":["BLR","HUN","MDA","POL","ROU","RUS","SVK"],"nativeName":"???????","numericCode":"804","currencies":[{"code":"UAH","name":"Ukrainian hryvnia","symbol":"?"}],"languages":[{"iso639_1":"uk","iso639_2":"ukr","name":"Ukrainian","nativeName":"??????????"}],"translations":{"de":"Ukraine","es":"Ucrania","fr":"Ukraine","ja":"?????","it":"Ucraina","br":"Ucrânia","pt":"Ucrânia","nl":"Oekraïne","hr":"Ukrajina","fa":"??????"},"flag":"https://restcountries.eu/data/ukr.svg","regionalBlocs":[],"cioc":"UKR"},{"name":"United Arab Emirates","topLevelDomain":[".ae"],"alpha2Code":"AE","alpha3Code":"ARE","callingCodes":["971"],"capital":"Abu Dhabi","altSpellings":["AE","UAE"],"region":"Asia","subregion":"Western Asia","population":9856000,"latlng":[24.0,54.0],"demonym":"Emirati","area":83600.0,"gini":null,"timezones":["UTC+04"],"borders":["OMN","SAU"],"nativeName":"???? ???????? ??????? ???????","numericCode":"784","currencies":[{"code":"AED","name":"United Arab Emirates dirham","symbol":"?.?"}],"languages":[{"iso639_1":"ar","iso639_2":"ara","name":"Arabic","nativeName":"???????"}],"translations":{"de":"Vereinigte Arabische Emirate","es":"Emiratos Árabes Unidos","fr":"Émirats arabes unis","ja":"????????","it":"Emirati Arabi Uniti","br":"Emirados árabes Unidos","pt":"Emirados árabes Unidos","nl":"Verenigde Arabische Emiraten","hr":"Ujedinjeni Arapski Emirati","fa":"?????? ????? ????"},"flag":"https://restcountries.eu/data/are.svg","regionalBlocs":[{"acronym":"AL","name":"Arab League","otherAcronyms":[],"otherNames":["????? ????? ???????","J?mi?at ad-Duwal al-?Arab?yah","League of Arab States"]}],"cioc":"UAE"},{"name":"United Kingdom of Great Britain and Northern Ireland","topLevelDomain":[".uk"],"alpha2Code":"GB","alpha3Code":"GBR","callingCodes":["44"],"capital":"London","altSpellings":["GB","UK","Great Britain"],"region":"Europe","subregion":"Northern Europe","population":65110000,"latlng":[54.0,-2.0],"demonym":"British","area":242900.0,"gini":34.0,"timezones":["UTC-08:00","UTC-05:00","UTC-04:00","UTC-03:00","UTC-02:00","UTC","UTC+01:00","UTC+02:00","UTC+06:00"],"borders":["IRL"],"nativeName":"United Kingdom","numericCode":"826","currencies":[{"code":"GBP","name":"British pound","symbol":"£"}],"languages":[{"iso639_1":"en","iso639_2":"eng","name":"English","nativeName":"English"}],"translations":{"de":"Vereinigtes Königreich","es":"Reino Unido","fr":"Royaume-Uni","ja":"????","it":"Regno Unito","br":"Reino Unido","pt":"Reino Unido","nl":"Verenigd Koninkrijk","hr":"Ujedinjeno Kraljevstvo","fa":"????????? ???? ? ?????? ?????"},"flag":"https://restcountries.eu/data/gbr.svg","regionalBlocs":[{"acronym":"EU","name":"European Union","otherAcronyms":[],"otherNames":[]}],"cioc":"GBR"},{"name":"United States of America","topLevelDomain":[".us"],"alpha2Code":"US","alpha3Code":"USA","callingCodes":["1"],"capital":"Washington, D.C.","altSpellings":["US","USA","United States of America"],"region":"Americas","subregion":"Northern America","population":323947000,"latlng":[38.0,-97.0],"demonym":"American","area":9629091.0,"gini":48.0,"timezones":["UTC-12:00","UTC-11:00","UTC-10:00","UTC-09:00","UTC-08:00","UTC-07:00","UTC-06:00","UTC-05:00","UTC-04:00","UTC+10:00","UTC+12:00"],"borders":["CAN","MEX"],"nativeName":"United States","numericCode":"840","currencies":[{"code":"USD","name":"United States dollar","symbol":"$"}],"languages":[{"iso639_1":"en","iso639_2":"eng","name":"English","nativeName":"English"}],"translations":{"de":"Vereinigte Staaten von Amerika","es":"Estados Unidos","fr":"États-Unis","ja":"???????","it":"Stati Uniti D'America","br":"Estados Unidos","pt":"Estados Unidos","nl":"Verenigde Staten","hr":"Sjedinjene Ameri?ke Države","fa":"?????? ????? ??????"},"flag":"https://restcountries.eu/data/usa.svg","regionalBlocs":[{"acronym":"NAFTA","name":"North American Free Trade Agreement","otherAcronyms":[],"otherNames":["Tratado de Libre Comercio de América del Norte","Accord de Libre-échange Nord-Américain"]}],"cioc":"USA"},{"name":"Uruguay","topLevelDomain":[".uy"],"alpha2Code":"UY","alpha3Code":"URY","callingCodes":["598"],"capital":"Montevideo","altSpellings":["UY","Oriental Republic of Uruguay","República Oriental del Uruguay"],"region":"Americas","subregion":"South America","population":3480222,"latlng":[-33.0,-56.0],"demonym":"Uruguayan","area":181034.0,"gini":39.7,"timezones":["UTC-03:00"],"borders":["ARG","BRA"],"nativeName":"Uruguay","numericCode":"858","currencies":[{"code":"UYU","name":"Uruguayan peso","symbol":"$"}],"languages":[{"iso639_1":"es","iso639_2":"spa","name":"Spanish","nativeName":"Español"}],"translations":{"de":"Uruguay","es":"Uruguay","fr":"Uruguay","ja":"?????","it":"Uruguay","br":"Uruguai","pt":"Uruguai","nl":"Uruguay","hr":"Urugvaj","fa":"???????"},"flag":"https://restcountries.eu/data/ury.svg","regionalBlocs":[{"acronym":"USAN","name":"Union of South American Nations","otherAcronyms":["UNASUR","UNASUL","UZAN"],"otherNames":["Unión de Naciones Suramericanas","União de Nações Sul-Americanas","Unie van Zuid-Amerikaanse Naties","South American Union"]}],"cioc":"URU"},{"name":"Uzbekistan","topLevelDomain":[".uz"],"alpha2Code":"UZ","alpha3Code":"UZB","callingCodes":["998"],"capital":"Tashkent","altSpellings":["UZ","Republic of Uzbekistan","O‘zbekiston Respublikasi","?????????? ????????????"],"region":"Asia","subregion":"Central Asia","population":31576400,"latlng":[41.0,64.0],"demonym":"Uzbekistani","area":447400.0,"gini":36.7,"timezones":["UTC+05:00"],"borders":["AFG","KAZ","KGZ","TJK","TKM"],"nativeName":"O‘zbekiston","numericCode":"860","currencies":[{"code":"UZS","name":"Uzbekistani so'm","symbol":null}],"languages":[{"iso639_1":"uz","iso639_2":"uzb","name":"Uzbek","nativeName":"O?zbek"},{"iso639_1":"ru","iso639_2":"rus","name":"Russian","nativeName":"???????"}],"translations":{"de":"Usbekistan","es":"Uzbekistán","fr":"Ouzbékistan","ja":"???????","it":"Uzbekistan","br":"Uzbequistão","pt":"Usbequistão","nl":"Oezbekistan","hr":"Uzbekistan","fa":"????????"},"flag":"https://restcountries.eu/data/uzb.svg","regionalBlocs":[],"cioc":"UZB"},{"name":"Vanuatu","topLevelDomain":[".vu"],"alpha2Code":"VU","alpha3Code":"VUT","callingCodes":["678"],"capital":"Port Vila","altSpellings":["VU","Republic of Vanuatu","Ripablik blong Vanuatu","République de Vanuatu"],"region":"Oceania","subregion":"Melanesia","population":277500,"latlng":[-16.0,167.0],"demonym":"Ni-Vanuatu","area":12189.0,"gini":null,"timezones":["UTC+11:00"],"borders":[],"nativeName":"Vanuatu","numericCode":"548","currencies":[{"code":"VUV","name":"Vanuatu vatu","symbol":"Vt"}],"languages":[{"iso639_1":"bi","iso639_2":"bis","name":"Bislama","nativeName":"Bislama"},{"iso639_1":"en","iso639_2":"eng","name":"English","nativeName":"English"},{"iso639_1":"fr","iso639_2":"fra","name":"French","nativeName":"français"}],"translations":{"de":"Vanuatu","es":"Vanuatu","fr":"Vanuatu","ja":"????","it":"Vanuatu","br":"Vanuatu","pt":"Vanuatu","nl":"Vanuatu","hr":"Vanuatu","fa":"???????"},"flag":"https://restcountries.eu/data/vut.svg","regionalBlocs":[],"cioc":"VAN"},{"name":"Venezuela (Bolivarian Republic of)","topLevelDomain":[".ve"],"alpha2Code":"VE","alpha3Code":"VEN","callingCodes":["58"],"capital":"Caracas","altSpellings":["VE","Bolivarian Republic of Venezuela","República Bolivariana de Venezuela"],"region":"Americas","subregion":"South America","population":31028700,"latlng":[8.0,-66.0],"demonym":"Venezuelan","area":916445.0,"gini":44.8,"timezones":["UTC-04:00"],"borders":["BRA","COL","GUY"],"nativeName":"Venezuela","numericCode":"862","currencies":[{"code":"VEF","name":"Venezuelan bolívar","symbol":"Bs F"}],"languages":[{"iso639_1":"es","iso639_2":"spa","name":"Spanish","nativeName":"Español"}],"translations":{"de":"Venezuela","es":"Venezuela","fr":"Venezuela","ja":"?????????????","it":"Venezuela","br":"Venezuela","pt":"Venezuela","nl":"Venezuela","hr":"Venezuela","fa":"???????"},"flag":"https://restcountries.eu/data/ven.svg","regionalBlocs":[{"acronym":"USAN","name":"Union of South American Nations","otherAcronyms":["UNASUR","UNASUL","UZAN"],"otherNames":["Unión de Naciones Suramericanas","União de Nações Sul-Americanas","Unie van Zuid-Amerikaanse Naties","South American Union"]}],"cioc":"VEN"},{"name":"Viet Nam","topLevelDomain":[".vn"],"alpha2Code":"VN","alpha3Code":"VNM","callingCodes":["84"],"capital":"Hanoi","altSpellings":["VN","Socialist Republic of Vietnam","C?ng hòa Xã h?i ch? ngh?a Vi?t Nam"],"region":"Asia","subregion":"South-Eastern Asia","population":92700000,"latlng":[16.16666666,107.83333333],"demonym":"Vietnamese","area":331212.0,"gini":35.6,"timezones":["UTC+07:00"],"borders":["KHM","CHN","LAO"],"nativeName":"Vi?t Nam","numericCode":"704","currencies":[{"code":"VND","name":"Vietnamese ??ng","symbol":"?"}],"languages":[{"iso639_1":"vi","iso639_2":"vie","name":"Vietnamese","nativeName":"Ti?ng Vi?t"}],"translations":{"de":"Vietnam","es":"Vietnam","fr":"Viêt Nam","ja":"????","it":"Vietnam","br":"Vietnã","pt":"Vietname","nl":"Vietnam","hr":"Vijetnam","fa":"??????"},"flag":"https://restcountries.eu/data/vnm.svg","regionalBlocs":[{"acronym":"ASEAN","name":"Association of Southeast Asian Nations","otherAcronyms":[],"otherNames":[]}],"cioc":"VIE"},{"name":"Wallis and Futuna","topLevelDomain":[".wf"],"alpha2Code":"WF","alpha3Code":"WLF","callingCodes":["681"],"capital":"Mata-Utu","altSpellings":["WF","Territory of the Wallis and Futuna Islands","Territoire des îles Wallis et Futuna"],"region":"Oceania","subregion":"Polynesia","population":11750,"latlng":[-13.3,-176.2],"demonym":"Wallis and Futuna Islander","area":142.0,"gini":null,"timezones":["UTC+12:00"],"borders":[],"nativeName":"Wallis et Futuna","numericCode":"876","currencies":[{"code":"XPF","name":"CFP franc","symbol":"Fr"}],"languages":[{"iso639_1":"fr","iso639_2":"fra","name":"French","nativeName":"français"}],"translations":{"de":"Wallis und Futuna","es":"Wallis y Futuna","fr":"Wallis-et-Futuna","ja":"????????","it":"Wallis e Futuna","br":"Wallis e Futuna","pt":"Wallis e Futuna","nl":"Wallis en Futuna","hr":"Wallis i Fortuna","fa":"????? ? ??????"},"flag":"https://restcountries.eu/data/wlf.svg","regionalBlocs":[],"cioc":""},{"name":"Western Sahara","topLevelDomain":[".eh"],"alpha2Code":"EH","alpha3Code":"ESH","callingCodes":["212"],"capital":"El Aaiún","altSpellings":["EH","Tane?roft Tutrimt"],"region":"Africa","subregion":"Northern Africa","population":510713,"latlng":[24.5,-13.0],"demonym":"Sahrawi","area":266000.0,"gini":null,"timezones":["UTC+00:00"],"borders":["DZA","MRT","MAR"],"nativeName":"??????? ???????","numericCode":"732","currencies":[{"code":"MAD","name":"Moroccan dirham","symbol":"?.?."},{"code":"DZD","name":"Algerian dinar","symbol":"?.?"}],"languages":[{"iso639_1":"es","iso639_2":"spa","name":"Spanish","nativeName":"Español"}],"translations":{"de":"Westsahara","es":"Sahara Occidental","fr":"Sahara Occidental","ja":"????","it":"Sahara Occidentale","br":"Saara Ocidental","pt":"Saara Ocidental","nl":"Westelijke Sahara","hr":"Zapadna Sahara","fa":"?????? ????????? ???? ????"},"flag":"https://restcountries.eu/data/esh.svg","regionalBlocs":[{"acronym":"AU","name":"African Union","otherAcronyms":[],"otherNames":["??????? ????????","Union africaine","União Africana","Unión Africana","Umoja wa Afrika"]}],"cioc":""},{"name":"Yemen","topLevelDomain":[".ye"],"alpha2Code":"YE","alpha3Code":"YEM","callingCodes":["967"],"capital":"Sana'a","altSpellings":["YE","Yemeni Republic","al-Jumh?riyyah al-Yamaniyyah"],"region":"Asia","subregion":"Western Asia","population":27478000,"latlng":[15.0,48.0],"demonym":"Yemeni","area":527968.0,"gini":37.7,"timezones":["UTC+03:00"],"borders":["OMN","SAU"],"nativeName":"???????","numericCode":"887","currencies":[{"code":"YER","name":"Yemeni rial","symbol":"?"}],"languages":[{"iso639_1":"ar","iso639_2":"ara","name":"Arabic","nativeName":"???????"}],"translations":{"de":"Jemen","es":"Yemen","fr":"Yémen","ja":"????","it":"Yemen","br":"Iêmen","pt":"Iémen","nl":"Jemen","hr":"Jemen","fa":"???"},"flag":"https://restcountries.eu/data/yem.svg","regionalBlocs":[{"acronym":"AL","name":"Arab League","otherAcronyms":[],"otherNames":["????? ????? ???????","J?mi?at ad-Duwal al-?Arab?yah","League of Arab States"]}],"cioc":"YEM"},{"name":"Zambia","topLevelDomain":[".zm"],"alpha2Code":"ZM","alpha3Code":"ZMB","callingCodes":["260"],"capital":"Lusaka","altSpellings":["ZM","Republic of Zambia"],"region":"Africa","subregion":"Eastern Africa","population":15933883,"latlng":[-15.0,30.0],"demonym":"Zambian","area":752612.0,"gini":54.6,"timezones":["UTC+02:00"],"borders":["AGO","BWA","COD","MWI","MOZ","NAM","TZA","ZWE"],"nativeName":"Zambia","numericCode":"894","currencies":[{"code":"ZMW","name":"Zambian kwacha","symbol":"ZK"}],"languages":[{"iso639_1":"en","iso639_2":"eng","name":"English","nativeName":"English"}],"translations":{"de":"Sambia","es":"Zambia","fr":"Zambie","ja":"????","it":"Zambia","br":"Zâmbia","pt":"Zâmbia","nl":"Zambia","hr":"Zambija","fa":"??????"},"flag":"https://restcountries.eu/data/zmb.svg","regionalBlocs":[{"acronym":"AU","name":"African Union","otherAcronyms":[],"otherNames":["??????? ????????","Union africaine","União Africana","Unión Africana","Umoja wa Afrika"]}],"cioc":"ZAM"},{"name":"Zimbabwe","topLevelDomain":[".zw"],"alpha2Code":"ZW","alpha3Code":"ZWE","callingCodes":["263"],"capital":"Harare","altSpellings":["ZW","Republic of Zimbabwe"],"region":"Africa","subregion":"Eastern Africa","population":14240168,"latlng":[-20.0,30.0],"demonym":"Zimbabwean","area":390757.0,"gini":null,"timezones":["UTC+02:00"],"borders":["BWA","MOZ","ZAF","ZMB"],"nativeName":"Zimbabwe","numericCode":"716","currencies":[{"code":"BWP","name":"Botswana pula","symbol":"P"},{"code":"GBP","name":"British pound","symbol":"£"},{"code":"CNY","name":"Chinese yuan","symbol":"¥"},{"code":"EUR","name":"Euro","symbol":"€"},{"code":"INR","name":"Indian rupee","symbol":"?"},{"code":"JPY","name":"Japanese yen","symbol":"¥"},{"code":"ZAR","name":"South African rand","symbol":"Rs"},{"code":"USD","name":"United States dollar","symbol":"$"},{"code":"(none)","name":null,"symbol":null}],"languages":[{"iso639_1":"en","iso639_2":"eng","name":"English","nativeName":"English"},{"iso639_1":"sn","iso639_2":"sna","name":"Shona","nativeName":"chiShona"},{"iso639_1":"nd","iso639_2":"nde","name":"Northern Ndebele","nativeName":"isiNdebele"}],"translations":{"de":"Simbabwe","es":"Zimbabue","fr":"Zimbabwe","ja":"?????","it":"Zimbabwe","br":"Zimbabwe","pt":"Zimbabué","nl":"Zimbabwe","hr":"Zimbabve","fa":"???????"},"flag":"https://restcountries.eu/data/zwe.svg","regionalBlocs":[{"acronym":"AU","name":"African Union","otherAcronyms":[],"otherNames":["??????? ????????","Union africaine","União Africana","Unión Africana","Umoja wa Afrika"]}],"cioc":"ZIM"}]

]]></system-out>
  </testcase>
</testsuite>