<?xml version="1.0" encoding="UTF-8"?>
<testsuite xmlns:xsi="http://www.w3.org/2001/XMLSchema-instance" xsi:noNamespaceSchemaLocation="https://maven.apache.org/surefire/maven-surefire-plugin/xsd/surefire-test-report-3.0.xsd" version="3.0" name="runner.webClickTest" time="0.873" tests="1" errors="0" skipped="0" failures="1">
  <properties>
[...]
</properties>
  <testcase name="scenario[&quot;Web_Click_Test_Scenario&quot;, &quot;Return_Weather_Details&quot;](1)" classname="runner.webClickTest" time="0.018">
    <failure message="Class file version does not support constant tag 18 in class file automation/library/selenium/exec/driver/factory/DriverContext" type="java.lang.ClassFormatError"><![CDATA[java.lang.ClassFormatError: Class file version does not support constant tag 18 in class file automation/library/selenium/exec/driver/factory/DriverContext
]]></failure>
  </testcase>
</testsuite>