<?xml version="1.0" encoding="UTF-8"?>
<testsuite xmlns:xsi="http://www.w3.org/2001/XMLSchema-instance" xsi:noNamespaceSchemaLocation="https://maven.apache.org/surefire/maven-surefire-plugin/xsd/surefire-test-report-3.0.xsd" version="3.0" name="runner.CucumberFeatureTest" time="10.458" tests="1" errors="0" skipped="0" failures="0">
  <properties>
[...]
</properties>
  <testcase name="Validate_Weather_API_Response" classname="Return_Weather_Information" time="10.02">
    <system-out><![CDATA[18:24:06.398 [main] WARN com.intuit.karate - skipping bootstrap configuration: could not find or read file: classpath:karate-config.js
18:24:06.398 [main] DEBUG org.apache.http.client.protocol.RequestAddCookies - CookieSpec selected: karate
18:24:06.398 [main] DEBUG org.apache.http.client.protocol.RequestAuthCache - Auth cache not set in the context
18:24:06.398 [main] DEBUG com.intuit.karate - request:
1 > GET https://restcountries.eu/rest/v2/all
1 > Accept: application/json
1 > Accept-Encoding: gzip,deflate
1 > Connection: Keep-Alive
1 > Host: restcountries.eu
1 > User-Agent: Apache-HttpClient/4.5.5 (Java/1.8.0_144)

18:24:06.398 [main] DEBUG org.apache.http.impl.conn.PoolingHttpClientConnectionManager - Connection request: [route: {s}->https://restcountries.eu:443][total kept alive: 0; route allocated: 0 of 5; total allocated: 0 of 10]
18:24:06.398 [main] DEBUG org.apache.http.impl.conn.PoolingHttpClientConnectionManager - Connection leased: [id: 1][route: {s}->https://restcountries.eu:443][total kept alive: 0; route allocated: 1 of 5; total allocated: 1 of 10]
18:24:06.398 [main] DEBUG org.apache.http.impl.execchain.MainClientExec - Opening connection {s}->https://restcountries.eu:443
18:24:06.414 [main] DEBUG org.apache.http.impl.conn.DefaultHttpClientConnectionOperator - Connecting to restcountries.eu/172.67.204.7:443
18:24:06.414 [main] DEBUG org.apache.http.conn.ssl.SSLConnectionSocketFactory - Connecting socket to restcountries.eu/172.67.204.7:443 with timeout 30000
18:24:06.445 [main] DEBUG org.apache.http.conn.ssl.SSLConnectionSocketFactory - Enabled protocols: [TLSv1, TLSv1.1, TLSv1.2]
18:24:06.445 [main] DEBUG org.apache.http.conn.ssl.SSLConnectionSocketFactory - Enabled cipher suites:[TLS_ECDHE_ECDSA_WITH_AES_128_CBC_SHA256, TLS_ECDHE_RSA_WITH_AES_128_CBC_SHA256, TLS_RSA_WITH_AES_128_CBC_SHA256, TLS_ECDH_ECDSA_WITH_AES_128_CBC_SHA256, TLS_ECDH_RSA_WITH_AES_128_CBC_SHA256, TLS_DHE_RSA_WITH_AES_128_CBC_SHA256, TLS_DHE_DSS_WITH_AES_128_CBC_SHA256, TLS_ECDHE_ECDSA_WITH_AES_128_CBC_SHA, TLS_ECDHE_RSA_WITH_AES_128_CBC_SHA, TLS_RSA_WITH_AES_128_CBC_SHA, TLS_ECDH_ECDSA_WITH_AES_128_CBC_SHA, TLS_ECDH_RSA_WITH_AES_128_CBC_SHA, TLS_DHE_RSA_WITH_AES_128_CBC_SHA, TLS_DHE_DSS_WITH_AES_128_CBC_SHA, TLS_ECDHE_ECDSA_WITH_AES_128_GCM_SHA256, TLS_ECDHE_RSA_WITH_AES_128_GCM_SHA256, TLS_RSA_WITH_AES_128_GCM_SHA256, TLS_ECDH_ECDSA_WITH_AES_128_GCM_SHA256, TLS_ECDH_RSA_WITH_AES_128_GCM_SHA256, TLS_DHE_RSA_WITH_AES_128_GCM_SHA256, TLS_DHE_DSS_WITH_AES_128_GCM_SHA256, TLS_ECDHE_ECDSA_WITH_3DES_EDE_CBC_SHA, TLS_ECDHE_RSA_WITH_3DES_EDE_CBC_SHA, SSL_RSA_WITH_3DES_EDE_CBC_SHA, TLS_ECDH_ECDSA_WITH_3DES_EDE_CBC_SHA, TLS_ECDH_RSA_WITH_3DES_EDE_CBC_SHA, SSL_DHE_RSA_WITH_3DES_EDE_CBC_SHA, SSL_DHE_DSS_WITH_3DES_EDE_CBC_SHA, TLS_EMPTY_RENEGOTIATION_INFO_SCSV]
18:24:06.445 [main] DEBUG org.apache.http.conn.ssl.SSLConnectionSocketFactory - Starting handshake
18:24:06.492 [main] DEBUG org.apache.http.conn.ssl.SSLConnectionSocketFactory - Secure session established
18:24:06.492 [main] DEBUG org.apache.http.conn.ssl.SSLConnectionSocketFactory -  negotiated protocol: TLSv1.2
18:24:06.492 [main] DEBUG org.apache.http.conn.ssl.SSLConnectionSocketFactory -  negotiated cipher suite: TLS_ECDHE_ECDSA_WITH_AES_128_GCM_SHA256
18:24:06.492 [main] DEBUG org.apache.http.conn.ssl.SSLConnectionSocketFactory -  peer principal: CN=sni.cloudflaressl.com, O="Cloudflare, Inc.", L=San Francisco, ST=CA, C=US
18:24:06.492 [main] DEBUG org.apache.http.conn.ssl.SSLConnectionSocketFactory -  peer alternative names: [sni.cloudflaressl.com, *.restcountries.eu, restcountries.eu]
18:24:06.492 [main] DEBUG org.apache.http.conn.ssl.SSLConnectionSocketFactory -  issuer principal: CN=Cloudflare Inc ECC CA-3, O="Cloudflare, Inc.", C=US
18:24:06.492 [main] DEBUG org.apache.http.impl.conn.DefaultHttpClientConnectionOperator - Connection established 192.168.0.176:49674<->172.67.204.7:443
18:24:06.492 [main] DEBUG org.apache.http.impl.conn.DefaultManagedHttpClientConnection - http-outgoing-1: set socket timeout to 30000
18:24:06.492 [main] DEBUG org.apache.http.impl.execchain.MainClientExec - Executing request GET /rest/v2/all HTTP/1.1
18:24:06.492 [main] DEBUG org.apache.http.impl.execchain.MainClientExec - Target auth state: UNCHALLENGED
18:24:06.492 [main] DEBUG org.apache.http.impl.execchain.MainClientExec - Proxy auth state: UNCHALLENGED
18:24:06.492 [main] DEBUG org.apache.http.headers - http-outgoing-1 >> GET /rest/v2/all HTTP/1.1
18:24:06.492 [main] DEBUG org.apache.http.headers - http-outgoing-1 >> Accept: application/json
18:24:06.492 [main] DEBUG org.apache.http.headers - http-outgoing-1 >> Host: restcountries.eu
18:24:06.492 [main] DEBUG org.apache.http.headers - http-outgoing-1 >> Connection: Keep-Alive
18:24:06.492 [main] DEBUG org.apache.http.headers - http-outgoing-1 >> User-Agent: Apache-HttpClient/4.5.5 (Java/1.8.0_144)
18:24:06.492 [main] DEBUG org.apache.http.headers - http-outgoing-1 >> Accept-Encoding: gzip,deflate
18:24:06.492 [main] DEBUG org.apache.http.wire - http-outgoing-1 >> "GET /rest/v2/all HTTP/1.1[\r][\n]"
18:24:06.492 [main] DEBUG org.apache.http.wire - http-outgoing-1 >> "Accept: application/json[\r][\n]"
18:24:06.492 [main] DEBUG org.apache.http.wire - http-outgoing-1 >> "Host: restcountries.eu[\r][\n]"
18:24:06.492 [main] DEBUG org.apache.http.wire - http-outgoing-1 >> "Connection: Keep-Alive[\r][\n]"
18:24:06.492 [main] DEBUG org.apache.http.wire - http-outgoing-1 >> "User-Agent: Apache-HttpClient/4.5.5 (Java/1.8.0_144)[\r][\n]"
18:24:06.492 [main] DEBUG org.apache.http.wire - http-outgoing-1 >> "Accept-Encoding: gzip,deflate[\r][\n]"
18:24:06.492 [main] DEBUG org.apache.http.wire - http-outgoing-1 >> "[\r][\n]"
18:24:15.555 [main] DEBUG org.apache.http.wire - http-outgoing-1 << "HTTP/1.1 200 [\r][\n]"
18:24:15.555 [main] DEBUG org.apache.http.wire - http-outgoing-1 << "Date: Fri, 18 Jun 2021 12:54:14 GMT[\r][\n]"
18:24:15.555 [main] DEBUG org.apache.http.wire - http-outgoing-1 << "Content-Type: application/json;charset=utf-8[\r][\n]"
18:24:15.555 [main] DEBUG org.apache.http.wire - http-outgoing-1 << "Transfer-Encoding: chunked[\r][\n]"
18:24:15.555 [main] DEBUG org.apache.http.wire - http-outgoing-1 << "Connection: keep-alive[\r][\n]"
18:24:15.555 [main] DEBUG org.apache.http.wire - http-outgoing-1 << "Access-Control-Allow-Origin: *[\r][\n]"
18:24:15.555 [main] DEBUG org.apache.http.wire - http-outgoing-1 << "Access-Control-Allow-Methods: GET[\r][\n]"
18:24:15.555 [main] DEBUG org.apache.http.wire - http-outgoing-1 << "Access-Control-Allow-Headers: Accept, X-Requested-With[\r][\n]"
18:24:15.555 [main] DEBUG org.apache.http.wire - http-outgoing-1 << "Cache-Control: public, max-age=86400[\r][\n]"
18:24:15.555 [main] DEBUG org.apache.http.wire - http-outgoing-1 << "CF-Cache-Status: DYNAMIC[\r][\n]"
18:24:15.555 [main] DEBUG org.apache.http.wire - http-outgoing-1 << "cf-request-id: 0ac0c89abf0000de295f86b000000001[\r][\n]"
18:24:15.555 [main] DEBUG org.apache.http.wire - http-outgoing-1 << "Report-To: {"endpoints":[{"url":"https:\/\/a.nel.cloudflare.com\/report\/v2?s=gzj5A2MjzkCiUnQ5VlBonfcVWsHXPALG2XMsPuVpDW32pVbx3mN6hPooTc1C5Uep5XNFUhrGJLkyCH%2F3AWm2WcuawLQqo6YIt3rZKmet3NJsTKwfH6knyR3RSb%2FNVQ%3D%3D"}],"group":"cf-nel","max_age":604800}[\r][\n]"
18:24:15.555 [main] DEBUG org.apache.http.wire - http-outgoing-1 << "NEL: {"report_to":"cf-nel","max_age":604800}[\r][\n]"
18:24:15.555 [main] DEBUG org.apache.http.wire - http-outgoing-1 << "Content-Encoding: gzip[\r][\n]"
18:24:15.555 [main] DEBUG org.apache.http.wire - http-outgoing-1 << "alt-svc: h3-27=":443"; ma=86400, h3-28=":443"; ma=86400, h3-29=":443"; ma=86400, h3=":443"; ma=86400[\r][\n]"
18:24:15.555 [main] DEBUG org.apache.http.wire - http-outgoing-1 << "Expect-CT: max-age=604800, report-uri="https://report-uri.cloudflare.com/cdn-cgi/beacon/expect-ct"[\r][\n]"
18:24:15.555 [main] DEBUG org.apache.http.wire - http-outgoing-1 << "Server: cloudflare[\r][\n]"
18:24:15.555 [main] DEBUG org.apache.http.wire - http-outgoing-1 << "CF-RAY: 6614aa0aca80de29-BOM[\r][\n]"
18:24:15.555 [main] DEBUG org.apache.http.wire - http-outgoing-1 << "[\r][\n]"
18:24:15.555 [main] DEBUG org.apache.http.wire - http-outgoing-1 << "f6f[\r][\n]"
18:24:15.555 [main] DEBUG org.apache.http.wire - http-outgoing-1 << "[0x1f][0x8b][0x8][0x0][0x0][0x0][0x0][0x0][0x0][0x3][0xb4][0x99][o[0xdb][0xc8][0x15][0xc7][0xbf][\n]"
18:24:15.555 [main] DEBUG org.apache.http.wire - http-outgoing-1 << "1([0x90][0x87][0xd2][0x8a][0xa8][0xbb][0xf5]&[N6k[0xf9][0x2][0xcb]*Z[0x7]FqD[0x8e](F[0xa3][0xa1][0xc2][0x8b]];[0xc8][0x83]-'[0xc8]fS[0xa0][0xf]-P[0xb4]/[0x1b][0x7][0xa8][0xd7]v[0x8a][0xc0]5Zl6[0x8b][0xed][0x83][0xdc][0x87][0xe4][0x13]P[0x9b][0xb7][0x15][\n]"
18:24:15.555 [main] DEBUG org.apache.http.wire - http-outgoing-1 << "[0xb4][0xdf][0xa2][0x98]!E[0xf1]&[A[0xb1]~[0x90]4[0x87][0x9c][0xc3][0xc3][0x99][0xf9][0xfd][0xcf][0x99][0xf1][0xfd]G[0x88]B[0x17][0xa3]2[0xaa][0xb4][0xd4]6P[0xcd][0xb4][0x80]"[0x11]Yz[0xaf][0x86]w0[0xa9][0xea]][0xd0](*[0xdf]G)h[0xa1]m[0x11][0x1][0xe9][0xb5]![0xb3][0xa8]+[0xbc][0xcf][0x1d][0xe4]Y[0xb2][0xbe][0xe5].[0x12][0x91][0xc][0x84]hTe6[0x93][0xf5][0x9d][0xcf][0xb2][0xae]2[0xf4]4[0xb][0x8]*[0xa3]eh[0xda][0x84]w[0xb5][0xea]=[0xcc][0xef][0xe5][0xf7]q[0x95][0xd6][0xd5][0xcb][0xab][0x3][0x16][0xc9][0xd5][0x1]e[0xfd][0xc][0xac]j:e[0xce]M[\r][0x90][0x88]L[0xbb][0xe9][0x9b][0xea][0xba]m[0xb5][0xb1]A[0x5][0xef]ZO[0xef][0xd9][0x4],~1S,[0xe4][0x8b]R./"[0x2][0x16][0xa1]**[0xdf][0xcf]fSi[0xb1][0x90]O[0xa5][0xb7]E[0xa4][0xe0][0xae]N[0xf7][0xba][0xfe][0xab][0xb3]x[0xc][0xc][0xa8]\[0xc8]g2[0xd9]t*-"U[0xa3][0x1a][0xf3][0x93]*[0x89][0xc8][0xd2][0xba]x_[0xa7][0xee][0xb]56[0x17][0x9e][0xce][0x95][0xb3]i[0x16]_S7[0x14]lp[0xfb][0xbd][0x8d]U$[0xa2][0xf5][0xca]2[0x12][0xd1][0xe6][0xf2][\n]"
18:24:15.555 [main] DEBUG org.apache.http.wire - http-outgoing-1 << "[0x12]Qck[0x81][0xfd][0xfe][0x9c]Y[0x16]?[e[0xf7]S[0xb0][0xb4][0x1d][0xbc][0xea][0xe][0xbb]s2<p[0xbe]uN[0x86]O[0x9d]K[0xe7][0x8c]}#[0x11]Q[0xbb][0x8b][\r]M[0xf6][0xc6]4[0x9d][0xce][0xb1]1[0xb5][\r][0x3]SY[0xe3][0x1]<B[0xf2]x[0xbc][0xd9][0x3]CS([0x80]"
18:24:15.555 [main] DEBUG org.apache.http.headers - http-outgoing-1 << HTTP/1.1 200 
18:24:15.555 [main] DEBUG org.apache.http.headers - http-outgoing-1 << Date: Fri, 18 Jun 2021 12:54:14 GMT
18:24:15.555 [main] DEBUG org.apache.http.headers - http-outgoing-1 << Content-Type: application/json;charset=utf-8
18:24:15.555 [main] DEBUG org.apache.http.headers - http-outgoing-1 << Transfer-Encoding: chunked
18:24:15.555 [main] DEBUG org.apache.http.headers - http-outgoing-1 << Connection: keep-alive
18:24:15.555 [main] DEBUG org.apache.http.headers - http-outgoing-1 << Access-Control-Allow-Origin: *
18:24:15.555 [main] DEBUG org.apache.http.headers - http-outgoing-1 << Access-Control-Allow-Methods: GET
18:24:15.555 [main] DEBUG org.apache.http.headers - http-outgoing-1 << Access-Control-Allow-Headers: Accept, X-Requested-With
18:24:15.555 [main] DEBUG org.apache.http.headers - http-outgoing-1 << Cache-Control: public, max-age=86400
18:24:15.555 [main] DEBUG org.apache.http.headers - http-outgoing-1 << CF-Cache-Status: DYNAMIC
18:24:15.555 [main] DEBUG org.apache.http.headers - http-outgoing-1 << cf-request-id: 0ac0c89abf0000de295f86b000000001
18:24:15.555 [main] DEBUG org.apache.http.headers - http-outgoing-1 << Report-To: {"endpoints":[{"url":"https:\/\/a.nel.cloudflare.com\/report\/v2?s=gzj5A2MjzkCiUnQ5VlBonfcVWsHXPALG2XMsPuVpDW32pVbx3mN6hPooTc1C5Uep5XNFUhrGJLkyCH%2F3AWm2WcuawLQqo6YIt3rZKmet3NJsTKwfH6knyR3RSb%2FNVQ%3D%3D"}],"group":"cf-nel","max_age":604800}
18:24:15.555 [main] DEBUG org.apache.http.headers - http-outgoing-1 << NEL: {"report_to":"cf-nel","max_age":604800}
18:24:15.555 [main] DEBUG org.apache.http.headers - http-outgoing-1 << Content-Encoding: gzip
18:24:15.555 [main] DEBUG org.apache.http.headers - http-outgoing-1 << alt-svc: h3-27=":443"; ma=86400, h3-28=":443"; ma=86400, h3-29=":443"; ma=86400, h3=":443"; ma=86400
18:24:15.555 [main] DEBUG org.apache.http.headers - http-outgoing-1 << Expect-CT: max-age=604800, report-uri="https://report-uri.cloudflare.com/cdn-cgi/beacon/expect-ct"
18:24:15.555 [main] DEBUG org.apache.http.headers - http-outgoing-1 << Server: cloudflare
18:24:15.555 [main] DEBUG org.apache.http.headers - http-outgoing-1 << CF-RAY: 6614aa0aca80de29-BOM
18:24:15.555 [main] DEBUG org.apache.http.impl.execchain.MainClientExec - Connection can be kept alive indefinitely
18:24:15.555 [main] DEBUG org.apache.http.wire - http-outgoing-1 << ";[0x93]l[0xa4][0xf6][0xba]M[0x9d][\r][0xb8][0xf3]%z[0xbc][0xcd][0xc6][0x81][0xaa]6[0xa8][0x9e][0xb][0xcd][0xd4][0xb][0xd9][0xf9]_K[0xa8][0x8c]z&[0x12][0xc7][0xed][0xc]k[0xdb][0xe6][0xc4][0xed]:[0x98]mKG[0x91][0xc0][0x87][0xdf][0xff][0xf0]'[0xe7]l[0xf8][0xc]=[0x16]C[0xae][0xec][0xfd][0xb0]+{[0xbf]9q[0xd5][0xd8]o[0xe2]N[0xd4][0xd3][0xda][0x87]w[0xdc][0x1c]qdu[0xc2][0x8e],[0xbb]3q[0xb4]i[0x1b][0x9d].[0xa6]QW[0x9b][0x83][0xef]\;{[[0xcb][0x0]j[0xba][0x8b][0xc1]D[0xe5]GH[0x89]/s6[0x12][0xcc][0xc4]-[0x83][0x97][0xcc][0xd4]2bw=[0x0]TF[0xa3][0xc3][0xe3]Q[0xff][0xf][0xa3][0xc3][0xd7][0xa3][0xfe][0x97][0xa3][0xc3][0xb7][0xa3][0xc3][0x8e][0xfa][0x97],B+v[0xd3]u[0x81]=[0xb7][0xaf][0xd8][0xd8][0xf5][0xac][0xb8][0x8d][0x92]X[0xd7][0xb6][0x11][0x8][0x88][Z[0x90][0xbc]J[0x1e][0x8b][0xa8]E@Ee[0xd4][0xb6][0xac][0x9e]Y[0xbe]}[0xdb][0xc0][0xa6]%[0xeb]6[0xb5][0xc][\r][0x9b])l[0xdf]V[0xc0][0x82][0xdb][0xd0]RS[0xe6][0x8e][0x8a][0xc6][0x1c][0x1]Y [0xba][0xec][0xae][0x0][0x90][\r][0xf][0x81]z[0xa5][0xb2][0xb1]8[0x19]^[0x8e][0x15]g[0x8a][0x91]e[0xea][0xb2][0xc6][0x87]Qh[0xe9][0x86][0xb0][0xe1][0xb9][0x11][0x16]u[0xbd][0x87][\r][0x17]6[0x11][0xe9][0x8c][0xc3][0x8a][0xeb][0x90]y[0xdf][0xf6]Llfx[0x9b]M[0x89][0xac][0xe9][0xb2][0xa7][0x12]l[0xb6][0xbd][0xa7][\r][0x9e][0x10][0xa0][0x8a]p[0xcf]d_[0xe6][0x14][0xf5][0xf9]M\}~[0x19]S[0x9f]Z%A}[0xb2][0xf9]RX~V[0xc0][0xd0]p[0x1b][0xba]4I[0x82][0x98][0xd3][\n]"
18:24:15.555 [main] DEBUG org.apache.http.wire - http-outgoing-1 << "[0xb0]H[0xd8][0x8f][0xf1]w{[0x7]S[0xa0]][0x80][0x90] -[0xd9][0x86][0xde][0xc3][0x11]IZ[0xd5][\r]W[0x92][0xfc][0xab]!Q*[0x95][0x8a]AE*[0xa4]S[0x92]T([0x14][0x8a][0xa2]4[0x9f][0x9a][0xf][0xc9][0x92];,[0x9a][0xd9][0xf6][0x95]I[0xca][0x97][0x2][0xba]DmB[0x92]t)SNGt)*:[0xae][0xe7][0x98][0xd0]dr[0xa5][0xa9]B[0xb3][0xd4][0xd8][0x98],[0xf][0xf6]fAy[0xf9][0xf1][0xf0][0xf5][0xf5][0xfa]b[0xee][0x84]Y6wq`[0xb1][0xed]b[0xef]-CA[0x9a];[0x98][0x9a][0x1d][0x98][0x8e][0xb2][0xff][0x16].[0xc5]|[0xb0]`L[0xb0][0xd1][0x83][0xf7]l[0xd4][0xff]n[0xd4]?[0x1d][0xf5]/G[0xfd]/[0xfe]s[0xfe][0xcd][0xbf]/[0xff]1[0x86][0xf7][0x9e][0xa9][0x13],[0x8c][0xa7][0x9a][0xc3]{[0x8f][0xb4][0xc1][0x14][0x94][0x89][0x95][0xe3][0x1b][0xb3]r[0x80][0xdd]'a[0x8d][0xfa][0xc][0xbb]V[0xb3][0xa3][0x9][0xba][0xa5][0xcb][0x9a][0xf][0xf2]k[0xe7]o[0xce][0xc9][0xc7][0x17][0xce][0x85][0xe0][0x9c][0xc][0x8f][0x86]O[0x9d]7[0xb3][0x93]L`[0x6][0x92][0x97][0x1a][0xe1]y[0xea]a[0xa0]B[0x83]~:[0xa4]AB+[0xa4][0x9][0x94][0xf]n[0x12][0x9a]$[0x8e]f-[0x8e][0xe6]B"[0x9a][0xf9]0[0x9a][0x9b][0x9a][0x1][0x14][0x92][0xb8]d[0x1e][0xeb][0xed][0x87]Zopnh[0xc1][0xdf]0n[0xb0][0x0]o[0xa4][0xd3]/[0x18][0xa6][0xd1]YHg[\n]"
18:24:15.555 [main] DEBUG org.apache.http.wire - http-outgoing-1 << "[0x1]>sR*-f[0xd2][0xd1][0x8a][0xc1][0x1d][0x8f]I[0xcd][0x90])[0x15]s[0xa5][0x9][0x9a][0xd9]\*[0x9f][0x84][0xa6][0x14]C[0x13][0xad][0xac].![0x11][0xdd][0xe5][0xea][0xbb][0xb2]\E"Z^[0xab][0xc7][0xca][0x84][0xd0][0xdb]F[0xcb][0x83][0xe9][0xd4]Vj[0xb5]@y[0xe0][0x5]-[0x10][0x9e][0x83]}zk7[0xb0][0xfb]0[0xc2][0xee]C-[0xee][0x13]%[0xc5]{M[0x16][0xe6][0xdd][0xf0]$[0x5][0xfb][0xeb][0xcb]M[0xbf][0xee][0xe5]P[0xea]=[0x1f][0xf5][0xc7]S[0xef][0xb1][0x9f]t[0xfd]NM[0xaf][0xd3][0xe0][0xd8]m[0xf7][0xac]p[0xdb]M[0xb4][0xfc][0xf6][0xc1][0xb9][0x9f]ey[0xfb][0x1][0xf8]h[0x1e][0xf][0x8f][0x9c][0xaf]Yn[0xfd][0xf8][0xe2][0x13][0x98]l[0xce][0xc0][0xe4][0xe2][0xd2][0x9d][0xcd][0xca]d[0xd0][0x16]1[0xb5][0xc] [0x82][0x8f][0xe7][0x1d][0x3]ca[0xd3][0x0]&-[0xaa][0x81]q[0x17]S[0xeb]SSjm![0xc][0xac][0x8a][0x8d]i[0xc0]*[0xfb]1`[0xab][Q`[0xab][I[0xb9]4#EJ[0xf9][\n]"
18:24:15.555 [main] DEBUG org.apache.http.wire - http-outgoing-1 << "Q5[0xb6][0x92][0xe3][0xc4]r[0x97][0xd5]}[0xd8][0xc3][0x6][0xcf][0xa4][0xea][0xe0][0xd4][0xd0]p[0xb8][0xa0]o[0x19][0x9a][0xc][0xd3][0xf2][0xa7]5Hh.[0x9d]K[0xb3][0xbf][0x0][0xa2][0x19][0x6]^6F([0x1f][0x80][0x0][0xa1][0xd9][0x92]T[0xe4]4[0x8f][0x19][0xcd][0xa7][0xb2]32[0xba][0xd9]`Uvm[0xe1]WHD[0xab]K,[0x11].[0xd5]?c[0xbc]nl[0xb2][0xcf][0xda]=[0xf6]Y[0xd9]H*[0xee][0x8f]\[0xc5]w[0xfe][0xe2]\[0xc4][0xc9][0x95]2S[0xc9][0xad]nU[0x83][0x94][0xb9]/#([0x1a][0x5]#T[0xd8][0xbf]I97[0xe4]^[0xde]![0xc0]/[0x18][0x10][0xf0]l@S[0x93]QR[0xdc]o[0x9d][0xb][0xe7][0xeb][0xe1]s[0xe7][0xf4]:[0x8c]Y\[0x1][0x8c][\r][0x15][0x93] [0xc6][0xde][0x9c][0x87]9>[0xfc]ftx2[0xea][0x9f][0x85]P[0x1e]/W[0x17]eC[0x1d][0x9c][0x92][0x0][0xca][0x93][0xb6][0x87]2[0xbb][0xfd][0x1][0x9e][0xa0][0xfc][0xaf][0xef]5#P,[0x1f]M[0xf2][0xec][0xcc](+[0xfb][0xb3][0xa4][0xd7]J#[0xb8][0xdf]b[0xb]t[0xf6][0xec][0xea]Fv[0xe2][0x9c]9uN[0x9c]7[0xbc][0x2]p^[\r][0xf][0x9c][0x8b][0xe1][0xf3][0xe1][0xe1][0xf0]9[0xdb].2W[0x2]p[0xc7][0x1a][0xc5][0xae]e[0xf0]J[0xf7]`[0xe0][0xa9][0x91]Y.i[0xc8][0xd2][0xd5][0x1f][0x80][0xb0][0xb][0xdc][0xd6][0x1][0xb4][0xcd][0x94] [0x10]s-<[0xe1]B[\r][0x83]j[0xe3][0x99]"~[0xed][0x9c][0xc][0x9f]8o[0x9d]S7[0xda]7[0xc3]g[0xc3]#![0xb2]>D[0xf4][0xf9][0xd5]AW[0xfb][0xf0][0xe],[0x1][0x94][0xb9][0xaa][0xbd][0xb]D[0x0]2[0xf7][0xe1][0x1d]{[0xda][0xd5][0xf9][0x1e][0xb0][0xe2][0xce]}[0xa8][0xa0][0xb7][0x4][0x1e]C[0xdd][0x2][0xb][0x9b]([0xac]a[0xa1]mA[0x85][0xb3][0x2]T[0xa8]CW[0x9f]V{[0x98][0xf1][0xda][0xa3][0x1e][0xab]=[0xea]+[0x9]R&[0x15]J[0xb9][0xb0][0x96][0xad][0x83][0xaa][0xb][0xec]#[0xa9][0xfe]`^yD[0x1d][0x10][0xea]W[0x7]nD[0x95].&![0x83][0xfb]C[0xf0][0xec]![0xb1][[0x93][0xb1][0x97][0xae][0x82]j[0xb7][0xae][0x93]=[0x8a][0xe3][0x87][0x17][0xf9][0xa2][0x14][0x12][0xb9]9)[0x97][0xca]z[0xe2][0x9c]T[0x8c]U$[0xa1][0xc1][0x9a][0xc8][0x9e]4?[0xd3][0x8e]aN[0x92]n[0xdc]1[0xc4][0xe6]"[0xaa]d[0x85][0xa9]J[0xd6][0xa8][0x7][0x94][0xac]A5[0xb]+[0xee][0xe4][0xb]U[0x9d][0x90][0xb0][0x9c][0xfd][0xec]z)[0xe3]J[0x13][0x90]2L[0xd5]@[0xb1]KU[0x92][0xb0][0x8d][0x18][0x9b]#[0xa7][0xb]f7R[0xd5]t[0xf5][0xc0][0x8e]d<[0x86]!O*[0xa8]@Ah[0xc1]-[0xf0][0x86]a[0xba]0[0xba][0xb][0x85]"
18:24:15.555 [main] DEBUG org.apache.http.wire - http-outgoing-1 << "j[0xa6][0xdc][0x9e][0x1b][0xf][0x19][0x97]H[0xde][0x10][0xc6][0xc3][0xe9]K[0xa5]k[0x86].[0xd3]KN[0xbe][0x19][0x12][0xcd][0x97]\.[0xcf][0xff][0xfb][0xd5][0x1f]G[0x87][0x1f][0xf5][0x8f][0x3][0xd2][0x19]v[0x88][0xc7][0x12][0x1a]N[0xcf]J4[0xbb][0x82][0xea][0xc6][0xb][0xd4][0xf4]'[0xd8][0x15]Vf[0xbf][0xfa]m[0x7]|[0xb3][0xab][0xb0][0x97]L[0x15][0x86][0xcf][0x9c][0xe3][0x8f]/[0x4][0xe7]x[0xf8][0xc4][0xb9][0xf8][0xf8][0xe2][0x87]S[0xe7]d[0xf6][0xba][0xc9][0xec]N[0x11][0xdb][0x80][0x1c][0xd4]+!9[0xa0][0x8a]n[0x18][0xd3]t@[0x89][0xeb]@5[0xa6][0x3][0xab][0xd5][0xa4]=H[0xb1][0x10])i[0xdc][0x7][0x9][0x4][0x84]_`B[0x12]w#[0xcc][0xd1][0xba][0xa1]QY[0xeb][0x1][0xd1][0xac]=.k~[0x80][0xe3]+[0x96][0xa0][0xdc][0x1a][[0xff][0xcf][0x9d]I[0xb1][0x94][0x96]r[0xc1]}I&[0x95][0x17][0xa5]T>,[0x2][0xee][0xb3]&[0xf4][0xe7][\n]"
18:24:15.555 [main] DEBUG org.apache.http.wire - http-outgoing-1 << "[0xa5][0x9b][0xcf][0xb][0x12][\n]"
18:24:15.555 [main] DEBUG org.apache.http.wire - http-outgoing-1 << "[0x9e];[0x1b][0x15]^[0xe4][0xac][0xc7]J[0x9a][0xc9]KF[0x14] [0x93][0xfe][0x89][0xce][0xe]x[0x9][0x18] U[0x6]+PJ[0x83][0xc5][0xce]j[0xa2][0xa8][0xca][0xcc]<[0xf8][0xea][0x1a]@[0xfd][0xd7]p[0xb][0x17][0xbf][0xe9][0x16].[0xbc][0x19][0xae][[0xd8][0xb9][0xc1][0xa8][0xea]W,~[0x8f][0xa6][0x11]j[0xf6][0xc2]W)[0x9]5[0xdb][0xfe][0xcd][0xc1]}[0xc7]S[0x96]W[0x9d][0x8b]O[0xe1][0x87]*7[0xf3][0xb3]Z[\r][0xf3][0xa3][0xea]d[0x1a]>z[0x1c][0x9f][0xb5][0x18]>w[0xd7][0x92]v[0x4][0xb9]H[0x16][0xad][0xd9]@[0x95]DhX[0xf7][\r][0xdc][0x1b]|[0xdb]$[0x9a][0xc][0xfc] e[0x1c][0xd3][0x87][0x83][0xf7][0xee][0xd9]M[0x9e]L[0x15],[0x0][0xbd][0xf5][0xfe][0xe5][0xfb][0xdf][0x13][0xb8]y[0xbb][0xb0][0xa2])[\n]"
18:24:15.555 [main] DEBUG org.apache.http.wire - http-outgoing-1 << ";[0xbe]I[0xda],d[0xf2][0xa5]B)[0x1d][0xc9][0xa3][0x1c][0x9c]R[0x8c][0x1c][0x16]H mfr[0x85]b:p[0xd8][0x96]/[0xa5][\n]"
18:24:15.555 [main] DEBUG org.apache.http.wire - http-outgoing-1 << "3[0xc2][0xb3][0xb8][0xc6][0xfe][0x7][0xb2][0xb8][0xc6]4bk[0x85][0x1d]{[0xac]VV[0x12]@[0xf2]^=[0xca][0xd1]5[0x87][0xfd]k[0x81]M[0xa4][0x17][0xb1][0xd0][0xd9][0x5][0xba][0xf]A[0xa2][0x96][0xf7][0xff][0x7][0x0][0x0][0xff][0xff]"0[0xd8]_[0x82]6[0xd8][0x9f]_[0x84]4[0xd8][0x9f]_TR[0x9a]^[0x9a]Z[0x9c][0x8a][0x9e][0xa7][0xa0]2[0x87]W[0x15][0xe3][0xcb]VPOAs[0x15][0x94][0x7][0xcd]TP[0x1e]r[0x9e]j[0xda][0x82][0x92][0xa7][0xa0]*[0x92]P[0xd4][0x17][0xa0][0xc8]A3[0x14][0x94][0x97][0x81][0xa2][0x12][0x9e][0x9f]n[0x81][0xdb][0xa9][0xa4][0xe4][0xa7][0xf4]|[0xea]7[0xfe][0x1][0x0][0x0][0x0][0xff][0xff][0xd4][[0xcb]o[0x13]G[0x1c][0xfe]WV[0xb9][0xd0]J[0xb6]e{[0xd7]k[0xef][0xd1]v#[0x93][0xaa][0x9][0xc1][0x8e][0x9b][0xc2]ml[0xf][0xf1]R{m[0xf6][0x11][0x94][[0x0][0x15]q[0xa0][0x97][0x1e][0xfa][0x90]zhD[0xa3]<Z[\n]"
18:24:15.555 [main] DEBUG org.apache.http.wire - http-outgoing-1 << "9$[0xa2][0x14][0x8a]TK=[0x87][0xc3][0xa2][0x4].[0xa9][0x10][0x95][0xfa]_T3[0xfb][0xfa][0xcd][0xcc][0xae][0x1f][0xa5][0xa2]j[0xe][0xce][0xce][0xce]C3[0xe3][0xf9][0xbe][0xf9]=>[0xff]W[0xc6]?[0xa4][0x80][0x1a]G[0x1][0x8e][0xde]K$[0x1]]$[0x81][0x5][0x81][0x4][0x16][0xe2][0xc2][0x2][0xb9][0xbc][0xca][0xb1][0xc0]J[0x17]K[0x1f][0xa3]^[0xf]o[0xc4]1[0xc1][0x2][0x8b]k[0xcf][0x1c][0xb1]8dW[0x91][0xa9][0xb7]Z[0x98][0xa2][0x12][0xa2]:'+[0x85]<[0x80]t[0xae][0x94][0xc9][0x17]RiU[0xce][0x90]@:[0xf9][0xe3][0xa1]M[0x16][\r]c[0x1]Zn[0xa2]M[0x9c]U&[0xdb][0xc4][0xd1]n[0xb2][0x18]V[0xd5][0xe4][0xbb][0xf0][0x93]*[0xb0][0x86][0xe7][0x91]eK[0xe1]2[0xa5][0xce];[0xb5][0x87][0xc7]`8XV[0x80][0xe2][0xa0][0x1c][0xe0]8(3H[0xfe][0x89]Er[0xd0][0xa6][0x15][0xf5][0x81]`[0xf6][0x8b][0x1][0x9a][0x83][0xd6][0x1][0x9e][0xd7]u[0x11][0xd0][0xaf][0xee][0xce][0x6]i[0x1d]M[0xbc]"Yp[0xd8][0xc8]l[0xdb][0xde]-[0x12][0x7][0x8f]k"<.[\n]"
18:24:15.555 [main] DEBUG org.apache.http.wire - http-outgoing-1 << "[0xf0]X[0x89][0x83][0x87]Z[0xcc][0xb3][0xe8][0x10]1[0x1][0xf1][0xb0]<[0xf0][0x8f][0x1][0x0][0x3][0x8f][0x1][0xee]V+*[0x19][0xb5][0x90]R2J[0x89]9[0xfb][0xd1]}[0x96]Q[0xe6][0x8b][0x93][0x8e][0xbc]L[0x8e]|[0xca][0xbb][0xd7][0xe0]s[0x1]<[0xab][0xe0][0xb9][0x8][0x9e]K[0xd1]s.[0xb][0x9e][0xf3]S[0xc0][0x8][0xec];[0xef]V&[0x3][0xa9][0xdc][0x84][0x1]2[0xc7]"[0x11]U=[0x9]D[0xa9][0xb0][[0xad][0xb2][0x1c]u[0xab][0x98][0xba][0xad][]i8ph>'[0xec][0xf2][0xdb][0xbd]w[0xe6][0x88][0x9a][0xe];[0x94][0x9]S[0xef]u[0xc7][0xb2]b[0xa2][0xeb][0xc7][0xdf]=[0xbf][0xf5][0xfc][0xc6][0xf3][0x1b][0xc7][0x8f][0x8f][0x1f][0x1d][0xff]<[0xe][0xca]62?[0xb5][0xc9][0xad][0x10][0x82][0xd9][0x1e]m[0x99][0xb6][0xde][0x1]p[0xf6][0xb6][0xff][0x9a][0x13][0xda][0xbb]o>[0xff][0xea][0xcf][0xed][0xc3]7[0xdf][0xef][0xfc][0xf5][0xcd][0xa3][0x8][0xd1]6"[0xfd]p[0x4]i0[0x92][0x8f]j[0xf2][0xa6][0xed][0xbf][0xf2][0x91][\r][0xbe][0xdb][0xae][0xc9]O[0xc9]O[0x89][0x9d][0xde]>[0xbd]s[0xb2][0xfb][0xf2][0xc1]lym{fx[0xeb]k[0xe][0x92]H[0xa6][0xb9][0x82][0xcc][0x96][0xd3]I[0xc2][0xf9][0x9a][0x88][0xf3][0x9a][0x88][0xf3]Z[0xfc]5[0xc8][0xa5][0x9a][0x1b]H7l[0xe9][0xc3]A[0xd7]8[0x17][0x17]#/[0xd7][0xde][0xe6]",[0xa9]y[\r][0xe6][0x92]s[0xc5]L[0x96]\[0x84][0xb9]L[0x89][0xbb][0x1][0xe9][0xd2][0x8d]T[0xb0]p[0xe0] *[0xf9][0xe7]*[0x8c][0xdb]\[0xde][0xb2]-[0xfd][0xaf]oEo[0x85][0xe][0xb3][0xc2][0x0]S[0xb4]j[0x3]T[0x4][0xd0]"[0x15]il[0xa7][0xa3][0x1a][0xc6][0xa3][0xbc][0xfd][0xfa][0xe6][0xbd][0xd7]7[0x1f][0xd2][0xe2]/4[0xc1][0xf5][0xe4][0xf5][0xad]/[0xe9][0xe7]&@[0x1e][0x1d][0x1e][0x83][0xe1]C[0x4][0xde][0xe7]kB$[\n]"
18:24:15.555 [main] DEBUG org.apache.http.wire - http-outgoing-1 << "5[0x1] [0xbd][0xc1][0xc]P[0xd3][\r]'[0xbb][0x8e]$[0x1d][0xae]"[0xf4]O[0xf7]_[0xdd]%W[0xf0][0xc9][0x8e]tzG"Y2[0x1a][0xfc][0xbd]s[0xf2]`[0x96][0xb][0xd9][0x9e]F[0x89]R-[0xd7][0x17][0xaa][0x17][0x16][0xa1][0x8b][0x1f][0x9c][0x84][0xea][0xa0][0xdf]w[0xc][0xdd][0xde][0x98][0xc6][0xdc][0xae][0xe]H[0xdb][0xe][0xea]H[0x1d][0xdc][0xf3][0x8e][0x13][0xe1].o[0xc][0xe4][0xd8][0xa3]=[0xef][0xe5]h[0xf][0x1b][0xd4][0xd6][0xa6]%[0x12][0xb0][0xc3]R[\r][0xf7]16[0xac]v[0x17][\r]9sz[0x85][0xa1][0x14]s[\r][0x1b][0xb6]n$[0x11][0x89])[0x12]I] [0x92]z[0x1c][0x91][0x14]8k[0xba][0xe2]`c`Ie[0xdd][0xc4][0xb1]4B[0x86][\r]f[0x83][0xa5]:[0xa6][0xae]t[0x9b]u[0xb7][0xa3][0xd9]NA9[0xbe][0x0][0xc8][0xab][0xe4]SprA#Y8h[0xc8]J&[0x9b]J[0xab][\n]"
18:24:15.555 [main] DEBUG org.apache.http.wire - http-outgoing-1 << "[0x1f][0x95][0xe][0xe6][0x4][0x13]q[0xc5][0x12][0xe9][0x1d][0xd1][0x8e][0x12][0x9b],[0xf7][0xcd][0x11][0xd6][0xb5][0xae]\ [0xa9][0x8c]"
18:24:15.555 [main] DEBUG org.apache.http.wire - http-outgoing-1 << "[\n]"
18:24:15.555 [main] DEBUG org.apache.http.wire - http-outgoing-1 << "[0x8d]NU[0xcf][0x93][0xe7][0xe5]:I[0xca]5[0xeb][0x97]D[0x7][0x1b]|;[0x1c][0x13][0xc9][0xc9]y[0xb7]r[0xbd][0x1][0x93]%[0xc1][0x96][0xe][0xb1]5[0x98][0x85][0x82]8=[0x9d]5[0x4]9[0xb7][0xc6][0x90][0x4][0x86]E[\n]"
18:24:15.555 [main] DEBUG org.apache.http.wire - http-outgoing-1 << "[0xb2][0x86]ht0[0xe8][0xf1][0x6][0xc2][0x1a]Ggk[0xa6][0x11][0x8d]Us[0x90][0x89][0x8c][0xd1]}~[0xb0][0xf2]:[0x1a][0x1d][0xe0]s<~:[0x86][0xd2][0xfc][0xd5]q[0x9][0xbc]`[0xcf][0xae][0x98]p[0x7][0xf8][0x1c][0xde][0x13][0xca]_7[0xa0][0x6][0xe][0xf4]m[0x99][0xdc][0x8b]![0xdf][0xc2]c[0xa3]`[0x6] +[0xf]g[0xe0][0xd1][0xcf][0xc9][0xc1][0xcb][0xaf][0xa9][0xf4]m[0xff][0xd5][0xdd]Y[0xc][0x4]s[0x1a][0xba]i6[0xca]KLzb`[0x90]X.s[0xfe][\r]i[0xc9][0xdf]:[0x91]w[0xe6][0x9a]K[0xe5][0x6][0x8d]o[0xd2][0x87][0x8f][0xa8][0xe4][0xb3]Lu[0x9e],[0x1f][0xf9][0x8e]{[0x7]KK[0xa8][0xad][0x93][0x83].5[0x1c][0x13][0x5][0x91]x+[0xf2][0xf6]i[0x93][0xd1][0xce][0xe8][0x90]6[0xe9][0xa5][0xcb]\[0x1b],[0xad]#C[0xba][0xec][0xe8][0x9d]t[0x14][0xb7][0xc7]t[0x8e][0xf4][0xdc]qs[0xf7][0x2][0x14][0xc][0x8d][0xd5][0xd9][0xa8][0x80][0xd9][0xc7][0xc9][0xe2][0x9e][0xbe]Hb[0x8b]"[0x89]-[0xc6][0x6][0xd6]9[0x16][0xbb][0x84]M[0xbc][0x8e]bUw[0xa4][0xff]y[0xb4][0x81]|[0xd1]c[0xc0]`^[0xb6]0[0x98][0x9e][0xbb][0xe9]n[0xb9][0x87][0xee][0x96][0xfb][0xd4]}[0xe6]n[0xb9]G[0xee][0xf][0x12]}u[0xf4][0x82]|>v[0xb7][0xdd]g[0xee][0xa3][0x17]7[0xdd]=[0xf7][0x90][0xfe]?[0x9a][0xa4][0x1e]^[0xc5][0x96][0x9d]$[0x1e][0xd6]4[0x85][0xe5]8[0x85]P[0x96]"h[0x87][0xbd][0xd9][0x1]z[0xd3][0x8a][0x8a][0xc]T[0x6][0xd9][0x8c][0x16]/[0x1e][0x16][0xc8][0xad]|[0x99]*[0x81][0xe6]I[0x98][0xd4][0x13][0x12][0xaf]4EM[0x1][0xbf][0x9]"[0xbb][0x15]r[0xc9][0xec][0xb6][0x8][0x9d]&[0xea]R[0xc7]D}@n[0xc4][0xc][0x1c][0xcb]n[0xdd][\r][0x96][0x91][0xba][0x1b]X[0x1c]u.~[0xde][0xdb]/6[0xdd]m[0xf7][0xe8][0x9d]zAtF[0x90][0xe4][0x82][0x3][0xe5]S\[0xb4][0x17][0xa3]6[0xda][0xe2][0xd4]Fa[0xaf]V[0xd0]k[0x1f][0xaa][0x8d][0xbc]Q[0x0][0xb5][0x91][0xe6][0x90][0xd7]H[0x19][0xa8][0x8d]vN[0xe]N?[0xfb]'z^[0xb3]?[0x8d][\n]"
18:24:15.555 [main] DEBUG org.apache.http.wire - http-outgoing-1 << "[0x90][0x93][0x1]"*[0xe5][0x9d]o[0xf][0x8c]A_o'[0x6]-[0xe7][0xe6][0xcb][0xf3][0xcd][0xb9][0xb1]:[0xa3][0xfa]"[0xcb][0x1d]N+[0x89]9[0xae][0x8b][0xcc][0xb1]*0Ge5.[0xa7][0xa0][0x15]Y[0xe6][0xb8]`"[0xe3]*[0xb6]l[0xd4][0x89]#[0x8f][0xd5][0xb7][0x8a]&f[0x8b][0xb2][0x6]3k4A[0x90]V[0xb5][0x8c][0x16][0x1b]M$[0xb][0x6]y[0x82][0xc9][0x82][0xdc][0xa9][0xfc]'[0x1b]Y$[0x17]d9[0x19][0xc9][0xab]5[0x88]92)[0xe9]Jo`[0xea][0x6]4S~[0xff]b[0xbc][0x9d]b[0xf4]X[0xd8][0x19][0xbd]N4[0xea][0x7][0x8e][0xdd][0x16][0xac][0x94]%[0xdc][0xc1][0xa6][0xa7][0xd3][0xe6] <[0xe4][0xf2]tC[0x4][0xec][0x94][0xf7][0x88]S[0x87]M[0xe3]}i[0xd9]1[0xae][0xa2][0x96][0xce][0x8f]{[0xb6][0xbb][0xb6][0xf7][0xf0]l[0xf7][0xdb][0xb3][0xdd]_[0xcf]v<[0xdb][0xdb][0x1c][0x7]ho[0xb7]|4{[0x5][0x1f][0xcb]^[0x81][0x95][\r]F[0x10][0xf6]j[[0xb0][0xe9][0x10][0xd6][0xf8][0xd0][0xf5][\n]"
18:24:15.555 [main] DEBUG org.apache.http.wire - http-outgoing-1 << "][0xd8],[0xb4]EH[0xa8]b[0x16][0xa7][0xa7]u}r[0xa2][0xae][0xde]d0[0x15][0x4][0xb3][0x12]p[0xe5][0x88][0xb8]j[\n]"
18:24:15.555 [main] DEBUG org.apache.http.wire - http-outgoing-1 << "[0xb8]j6[0xe2][0xe2][0x90]9[0x16]VUd[0xb4][0xb0][0x97][0x98][0x14]@[0xd5][0x9c]B[0xbc][0x12][0xce][0x94]:[0xfe]K[0xf8][0xba]t[0x19][0x7][0xd2]y[0xe6]2Ur[0xb9][0xa2][0xac]2[0x1e]C[0xbe][0x98][0xc9][0xa6]r[0xb2][0xa0][0xdb][0xb]#y![0xc6][0x8a][0xaa][0x96][0xcf][0xe6][0x15][0xe6]N[0x8d]U[0xd7][0xb2]qJyR[0x9c]2[0xab]Em[0x98][0x98]e[0x16][0xbc][0xcf][0x9]?[0xf2][0x11][0xb0][0xb][0xbe].[0xde][0xcf]P[0xdf]:|[0xf9]7[0x0][0x0][0x0][0xff][0xff][\r][\n]"
18:24:15.555 [main] DEBUG org.apache.http.wire - http-outgoing-1 << "2000[\r][\n]"
18:24:15.555 [main] DEBUG org.apache.http.wire - http-outgoing-1 << "[0xd4][0x9c][0xcf]O[0xd4]@[0x14][0xc7][0xff][0x15][0xff][0x0]%,m[0xb7][0xec][0x91][0x6][0x92]%($[0x80][0x1c][0xb8]M[0xe9][0xc4][0xce][0xb2]-f[0xda][0x8d]aO[0x84]=[0xe8][0xc1][0x84][0x9b][0x9][0x17][0x13]P[0x13]4[0x10]$z[0xd0][0xc4]xY=[0xf8][0x1f][0x90]x[0x12][0xfe][0x11]3[0xaf][0xed][0xce][0x9b][0x99]v[0x84](z[0xd9][0xec]L[0xdb][0xd9]i[0x97][0xcf][0xbe][0xf7]f[0xbe]_ni[0xb5]#[0x9f][0x10][\n]"
18:24:15.555 [main] DEBUG org.apache.http.wire - http-outgoing-1 << "[0x9a][0xe8].3[0xd4][0x8a]S4[0x8d][0xfd][0xfe][0xe7][0xeb][0xde]3P[0xda]+[0x2]?t[0xb9]?[0xb8][0xbc][0x84]E~[0xb8]'[0x3]1[0xbf][0x8]E[0xd1][0xbc]G[0x89][0xa3]"[0x82]^[0x88][0xed][0xb4][0x9f][0xcf]'[0x1][0xb3][0x93][0x8c][0x6][0xf3][0xe1][0x9a][0x1]f%[0x96][0xa9][0x89][0xe5][0xba][0x89][0xe5]z[0x9][0x96][0xb6][0xa6][0xa9][0xdd]`4.[0x17][0xc1][0x8b][0xab][0xfb]/[0xc4]/)[0xa7][0xc]~[0x9c]W[0x94][0x6][0x95][0xad][0x91]z[0x93]"[0xf9]-[0x95][0x9b][0xcc][0xba]3N[0xc3][0xaa][0xe1][0xf4][0xd7][0x95][0xfa][0xb3][0x9a]5xo[0xc2][0x8b][0xd1][0x9d][0xb5]f][0xb4][0xd7]6S[0x17][0xef][0xc7][0xdb]D[0x87]dx[0x1e][0xd2][0x98]&[0xc8]o[0x17]ak[0xe5][0xfe][0xa2][0xe8]_[0xdb]X[0x82][0xd7]eX[0x7]X0[0x92]d[0xf5][0x19]iT[0xda]J[0xa9][0x2][0x8b][0xe3][0x8][0xc5][0x80]vP[0xa5]Nyd[0xe6][0xb0][0xf3][0xb4][0x93]&[CHT[0xef]D[0xa2][0x88]AL9[0xdb][\n]"
18:24:15.555 [main] DEBUG org.apache.http.wire - http-outgoing-1 << "+84 [0x94][0x8][0xf6][0x8f][0x6]m[0x0][0x10][0xb5][0x1][0xbf][0x95][0x9d]$[0xa5]1g[0xad]m[0x5]?[0x15][0xbe]wB[0xfa]u[0xf9]q[0x2][0xec][0xd2][0xbf]ib[0x11][0xc0]a[0x82][0xbb][0x94][0xfb][0x84][0xb5]*=[0xae][0xa6]2~[0xce]P[0xc6]gu[0x9a][0xe1]qm[0xe8]kvd[0xbb]S[0xc6][0xf0][0xa6]^[0xdf][0xe2]9[0xcd]u[0x1c]r[0x9f][0xec][0x8a][0xc2]}[0x95]&[0xb9]$&[0xf9]vq[0x83]R[0xb6][0xe1]Z[0xd3][0x8e]^[0xca]:wmW[0xd7][0xc0][0xc]&[0xc2]$[0xc0][0xf5]:^[0xaa][0xb3][0xac])w[0xdc]j[0x16][0xd6][0x4]p5[0xbb][\n]"
18:24:15.555 [main] DEBUG org.apache.http.wire - http-outgoing-1 << "9IYM[0x8b][0xee][0xba]$[0x88][0xe])g7[0xb1][0xfb]UN[0xff]NDbP[0x89][0x8d]][0xd2][0x12][0xcd][0xb5]J[0xba][0xb4]td[0x9d]_[0x82][0xbe][0xaf][0x80][0xb5][0xd9][0x90][0x90][0x9a][0xc0] [0x81]XU[0x96]Q5[0x1b]y[0x17][O[0xa1][0xab][0x1e][0xb4]T[0xef][0xa9]Xq[0x3][0xf][0xcc][0xfe]k[0xa1][0xa0][0xef][0xbd][0xc2]Ko[0xf8]O[0xc8][0xe7][0xa8][0x7][0x9b]O[0x95][0xae],[0xc0][0x8a].[0xca][0x82]n[0xb][0x99]O[0xe1][0xb4]V[0xf0][0xfd]+[0xb2][0x9f][0x1e]_[0xbe][0x17][0xb][0xfe][0xa0][0xa8]?[0x9d][0xac]\[0xed][0xd2][0xd1]avs[0x1]C[0xea][0x91][0x90]D[0xa4][0xc2][0x7][0xea][0x9b][0x82]o[0xcf][0x10]|{[0xcd][0xb5][0xd2][0xdd]9[[0xdb][0x86]_&IB[0xca] [0x85]![0xc5]V[0xc1]N[0xfc][0x84][0x92]v[0x1a][\n]"
18:24:15.555 [main] DEBUG org.apache.http.wire - http-outgoing-1 << "P[0xd3]Pl[0xa7]ds[0xbb]A[0xc1]i[0xc1][0xfa]7[0xf6][0xaf][0xd8][0xa0]_q[0xeb]Z*[0xc][0x9f][0x85][0xa3]i[0xcd]j[0xe0][0xa5][0xa5][0xaa]r[0xd3][0x19]Yn[0xca]'[0xac][0x87][0xc6]j[0xf1][0x99][0x87]e[0xdc][0xc5][0xd4][0xfe][0x91]tU[0xde][0xf]P%[0x9b]@[0x94]lf0[0x89]m[0xb6][0x83][0xeb][0xde][0xcb][0x82][0x1e]y[0xdc]WO[0x9c][0x1d]-[0x1e]U{p[0xf0]j[0xef]0)x[0xc9][0x1e][0xc5][0x80][0x14]a {[\n]"
18:24:15.555 [main] DEBUG org.apache.http.wire - http-outgoing-1 << "[0x9e][0x89][0xf1]SQ?L[0xfe][0xf3][0x8d]1o[0xae][0xa9][0x11][0xcc][0x9][0xab][0x88][0xb1]~h[0x12][0xdc]4[0x9]^-[0x8b][0xb1][0xae][0xa5];[0xb9]c[0x12][0x95]e[0xca]0[0xe2][0x12][0x8b][0x1f][0x5];[0x91]`W[0xce][0xe8][0x1][0x89][0xda]d[8U[0xda][0xf7]<[0xf2][0xeb][0xd3][0x1b]Nv[0xe3][0x1b]D[0xd7][0x9a]=m7T?[0x9a][0xc8]r[0x9d][0xe9])[0xc7][0xd1]q[0x16]S`[0xa8][0xae]uF[0x8b][0xb3][0xad][0x91]0_[0xed][0x1d][0x80][0x96][0xf0][0xe4][0xf2][0xc][0xb4][0x84]%[0xff]@b[0x88][0xaf][0xdb]k[0xaa]X[0xc3][0x14]M[0x9f][0xd9][0x94]0[0x9a][0x9d][0xdc][0x9a][0xd1]L~}[0x5][0xe0][0x9c][0xb2][0x18][0x1][0xce]i[0xff]<V[0x8][0xff]r[0xdd];[0x85][0xd7][0xf][0x88][0xf3][0xfc]*[0x9f]+[0xcd][0x9c]s[0xde][0x1b]![0xce][0xf3][0x83][0xa1]znA[0xf9][0x99][0xc8]{'[0x88][0x83]~[0xc8][0xc7][0x11][0x98]"[0xa7][0xd6]o[0x0][0x0][0x0][0xff][0xff][0xd4]\Mo[0xdb]6[0x18][0xfe]+[0xc2].[0xbb]8[0x86]$G[0xb2]}[0xc][0x97][0xd4][0xf0][0xea][0xb8][0x83][0x93][0xae]KnR[0xcd][0xc8]J[0x14][0xc9][0x93][0xed][\r][0xe9][0xa9]M[0xf][0xc3][0x80][0x2]Eo-v[0xd8]v[0x98][0xbb][0xa0][0x3][0x96][0xaf][0xae]]Zd[0x7][0xa1][0xb7][0x1d][0xe4][0xdb][0xb0]][0x8c][0xe5][0x8f][0xc]$%[0x8a][0x14]i'A[0xd2],[0xbd][0x89]2ER4[0x9f]G[0xef][0xf7]u[0xce][0xd4][0x2][0xad]&[0x8f]w[0xdf][0xf1][0xac]6[0xc4][0xd4]-[0x83][0xbc][0x98][0x9d][0x1][0x84][0xec][0xc]P[0x93]egT**[0xf][0xf9][0xf9][0x8e][0xb5]!E<N[0xc9][0x80]A[0xd7][0x83][0x1f][0xf7][0x14]V[0xc0][0xe6]VW[0x8b][0xe][0xfd][0xe8][0xb0][0x1b]F[0x87][0xeb]V?:D[0xff][0x12][0xdb][0xe1][0x2][0xe5]f4SSU[0xb3]\[0xcd]}[0xda][0xd5]BU[0x15]>[0xec][0xe9]|[0x19][0x19]h[0xb3]e[0xa3][0xcc]J[0xda]zQ[0x93][0xf1][0x81])[0xc9] _D\Yo[0xce]$~[0xe7][0x99]7[0xcf]{[0x89]&k[0xc1]`~[0x99][0xe5][0x4][0xba]X[0xa5]O[0xb6][0x9e][0xb2][0xc2][0xf8][0xf9][0xc1]tJ[0xb0]s_{[0x1b]26a[0x0]}[0xc7][0xf2]DK[0xf0][0xf0][0x97][0xf1][0xf0]x<[0xdc][0x1e][0xf][0xf7][0xc7][0xc3][0xe3]i[0xa4][0x90][0xac],S[0x8d][0xb9][0x17]N[0xb8][0x81][0xb9][0x93][0xb1][0xc3][0x1][0x8a][0xba]AF[0xaa]oN[0xb6]_[0x9d]<[0xfc])[0xe3][0x8][0xa6][0xbb]-[0xc][0xd0]e[0xfb][0x10][0x9d];[0xa1][0xb][0xa6]S[0x87]}[0xec][0xdd][0x8f][0x19]i[0xe0]0V[0x14][0x3][0xfe][0xeb]9[0x14]f[0xdb]i_[0xbb][0xfa]-`.[0x7][0xff][0xd0][0xb6][0xda][0xc1]$[0x89][0xdd][0x16][0xc1][0xf][0x4][0xf0][0xb7][0x80]\b[0xcf][0xe5]f[0x81][0xd0]m;[0xb0][0x1f]|-[0xf3]"[0x3]p[0x11][0xb9]\[0xaf][0x18]|P[0xad][0x96][0x5][0x94][0x17]f[0x8c]j[0xd1][0x90][0x99][0xbc][0xc8][0xbb][0xb3]R[0xfa]l[0xe9]R\B[0xcc][0xa6][0xe6][0x91];9z[0x5][0x0][0xee]k[0x9e],[0xed][0xda]H[0xe9][0xf4][0x8d][0x12][0xb0][0xd2]v[0x2]U[0xd4][0x86][0x1c]NI[0xd5][0x87]oO[0xb6][0xcf][0x10]J[0x9f][0xb2]C[0xbe][0xdd][0xcd][0xfd][0x9e]@[0x93][0xb6];[0xb9][0xfe]Tb'[0xba]-N[0xc2]:8;0C[0xfb][0x83][0x97][0xda][[0x1c][0x8c][0xa1]g"
18:24:15.555 [main] DEBUG org.apache.http.wire - http-outgoing-1 << "[0x11][0xbf][0xbb][0xc][0xc5]["[0x8a]W[0x4][0x14]7Z[0xd2]8[0x90]\[0x91][0x97]E[0xd7][0xef]m[0xc8][0xf0][0x8b][0x6][0x4].^[0xc6][0xbb][0xef]rf[0xb2]lu[0xf1][0x93][0xf8]e[0xfc]&>[0x1e][0xdd]O[0xfc][0xff][0xaf]G[0x8f][0xd1][0xed][0x1f][0xe2][0x97][0xa3][0x7][0xf1][0x1f][0xa3][0x87][0xf1]^[0xfc]&~[0x1d][0x1f][0xc5][0xbb]J[0xd2]w7[0xe9][0xfb][0x8]M[0x0][0xbd] D[0x11][0x5][[0x16][0x9e]"5[0xb2][0xa5]3[0xfc]{[0xff][0xd9][0xe9][0xc6][0xf3][0xc4][0x9d])7[0x9e]Wg[0xab][0x95]2G%[0x6]R[0xdb]Q[0x9d][\n]"
18:24:15.555 [main] DEBUG org.apache.http.wire - http-outgoing-1 << "[0x9e];[0xc8][0x84]\[0xf4][0x88]Z[0xe6][0xc]n[0xba])wuIb[0xe3][0x1a][0x9f]c[0xfb][0xf8]22[0x9d]~[0x86][0xe3][0xe4][0x88][0xc1][0xed][0xf6]M[0xd1][0xe0][0xc6]n[0xcb][0x9f][0xf][0x92][0x8d][0xe1]iF[0x9b]R[0x9c][0x2][0xac]0v7[0xe4][0xf6][0xcb][0xde]D[0x9][0x7][0xb6][0x7]Y[0xaa][0x1]![0x1b][0xf]V[0x18][0xb][0xfb]-[0xaf]}[0xea][0xa3]S[0xc5][0xb][0x98][0x17]/<V[0xbc]`v[0x97][0xfb]=[0xf6]P[0xa0]s2z[0xac][0xc4]o[0xe3][0xe3]x?[0xde][0xbd][0xca][0xc8][0x94];[0xd0][0x8d][0xbe]Gg[0x91]-d[0x85][0x0][0x10][0x84]x[0xe5][0x94][0x19][0xdd]h'9[0xb4][0xc]=>[0xc3][0x2][0xcc][0xb]l[0xec]E[0xe9][0xd1]M[0x8f]7[0xb5][0xf3]'[0x3]FG[0xc9][0xcd]n_r[0x13]s[0xe5][0x1d][0xb7]?[0xd3][0x1a][0xa4][0xab]!t[0xb9]N[0xc6]c[0xad][0xfe]?c!f[0xef]|l[0xe9][0x85][0xff]g[0xd8][\n]"
18:24:15.555 [main] DEBUG org.apache.http.wire - http-outgoing-1 << "b&[0x9e][0xea][0x1c]w[0xb0]9[0x81][0xea][0xa0]Hu[0xb][0x2][0xd5]-4dT[0xa7][0xe7][0xc5][0x95]A[0xaf][0x7]=Y[0xcc].[0x1e][0x12][0xaf][0x3][0xbb]7[0xf1][0x15][0xa4][0x17]~zE[0xd2]2XK[0x6]][0xfa][0xcd][0xc0]w[0xfd][\r][0xe4][0x9f]Q[0xb2]qZ[0xc1][0x96]5[0xd8][0x84]([0x88][0x90]}>[0xfa][0xcd]w[0x1d][0xec]ER[0xd2][0x9].[0xe6] [0xd4][0xb4][0x92]V54[0xd6]Ch[0xa8][0xc5]J[0xea]![0x9c][0x15][0xa9][0xce]ay[0xae][0xa4][0x1a]z[0x85][0xf3]+[0xa8][0xe7]JM'[0x8e][0xc1][0xc6]mT[0xad][0xaf][0xd9][0x90]h>tC[0xf2][0xc2][0x93][0xf9][0x9e][0x9c][0x97][0x19]J[0xb3][0x96][0xb3][0xa4][0xac][0xb1][0x96][0x94][0x1b]h[0xe9][0xc2]`k([0xc][0xf8][0xb9][0xe5][\n]"
18:24:15.555 [main] DEBUG org.apache.http.wire - http-outgoing-1 << "c[0xbd][0xf][0xa7]dvF[0x9]cE;[0x9e]C[0xe2][0xc4][0x9]]e[0x7]/[0xa3][0xaa][0x17]8C[0xf0]-[0xe5])[0xd4]'[0xa0][0x14][0x95][0x8d]@[0xd8])k[0x13]![0x8e][0xfe][0x9d][0x1d]:[0x1]OH?E[0x15]([0xce]NG[0xd0][0xbb]J7$b[0xb][0x9e]~\[0xec]`[0x92][0xb1][0x8f][0xe8][0x82][0x4][0xab][0xa2][0xa0][0xb5]*[0xcb][0x1a]Ps[0xf1]=[0x0]z[0x9b]AW[0x1a]q[0xb]V[0xcf][0xa4]+%[0x95][0xca][0xe4][0x89][0x0][0xa5][0xb2]Z[0xe2]5[0xa6]2[0xf6]dT*[0xc5][0xb2][0x91][0x87][0xbf]{[0x8f]K[0x2][0xd0][0xab][0xa6][0xc9]d[0xd7][0x97]d[0xd6][0x8e][0x19][0x99][0xb5][0xa3][0xb6][0x8c][0x84][0xe9][0xc5][0x85]/d[0x98]'[0xbb][0x9a][0x83]|e[0x8a]S[0x83][0xad][0xb2]E[0x9e][0xbf]be[0xa9]p[0x89]y[0x3]S[0xe0]J6[0x86][0xa0][0x15]z[0xee]][0xc8]`[0x95][0xfc][0x96]![0x95][0x84][0xf][0x1c]1H%=l[0xae][0x97][0xfb]-E)iu[0xb8][0x9e][0x14][0xa3][0xff]<[0xfa]k[0xff][0x1c][0x2][0xc3][0xbd][0xf]R[0xbd]*[0xf0][0xcb][0xab]/[0x89]u[0xff]hh~[0xdd][0xef]C[0x87]X`[0x94][0xa5][0xad]^[0x1f]n[0xca][0x84][0x9b][0xa5][0xfa]'sb>[0xc1][0x92][0x8b][0xfa][0xe3]j[0x19][0x9e][0x95][0x8e]t[0x17][0xe7][0x18][0xe0]y[0x2][0x9a]ZP[0xe0][0x95][0xbe][0xfa]*OE[0xfe]DG[0xcd][0xba][0xc8]D[0x9f][0x8a]rPS[0x16][0xc0][0xab]Ws[0xa5][0xb5][0x82][0xb0][0x1f][0xcc]4[0x83][0xaf]d[0xb5][0xb5][0xf0][0xa8][0xbc][0xae]G[0x16][0xd5][0x8a]v[0xf0][0xcd]/[0x7]Pi[0xf][0x14][0x80]"[0xac][0xfd][0xd3]K[0x82]Po[0x8d][0xac]&[0x88][0xa6][0x9a]F[0xc9]4[0xd8][0x88][0xdf]j[0xd1]([0xe8]E=OY>*[0xc3][0x4]3[0xb][0xad][0xa6][0x9b]:[0x93]-Y:{E[0x10]pc[0x8e]V[0xe]l[0xd6][0xd0][0xf5]r[0xed]V[0xc6]_[0xff][0x1][0x0][0x0][0xff][0xff][0xec]][0xcb]o[0x1b][0xc7][0x19][0xff]W[0x6]F[0x81][0xa4][0x80]D[0xf0]M[0xea](Z[0xd6][0xa3][\n]"
18:24:15.555 [main] DEBUG org.apache.http.wire - http-outgoing-1 << "%G[0x94][0xe8]&E[0xf][0xb3][0xe2][0x88][0x1c]i[0xb9]+[0xef]C[0x86]|[0xb2]%[0xd7]v[0x1e]n[0x1a][0x4]E[0xd3]:[0x80]c7i[0xa0]8[0x86][0xe3](F[0x9d][0xc4]N[0xf]l/=[0xc9]7[0xc9][0xbd][0xb8][0x15]l$[0xff]E1[0x8f][0xdd][0x9d][0x17])[0xd2]r[0x1c][0xc7][0xc8]E[0xf6][0xee][0xce][0xcc]~;[0xbb][0xf3][0xe3]7[0xdf][0xe3][0xf7]E[0xf8][0xc5][0x1e]Oc[0xe5][0xed]A[0xff][0xfd][0xeb][0xd9][0xf1][0xe4][0xf3]"[0x8f][0x1d][0x11]C[0x80][0xa3][0xe3][0xa3][0x80][0xe8][0x4][0x8b]"[0x90][0x8d][0x1f][0xb0][0x9f]:[0x9c][0xde][0xd1][0x1d]~[0x1c][0xc1]u[0x83][0x9c][0xce][0x8d][0xc4]s[0x13]=r[0x82]>o[0x8a][0x1e][0x1b][0xde][0x93]#[0x8f]#xk[0x90][0x83][0x13]g[\r][0xbf][0xd2][0x12][0x9b][0xc5]6[0xd7][0xc1][0xdc]4[0xc8]y[0x11]y@[0xc8]*[0x95][0x16][0xbd][0xd7][0xee][0x9a][0xff]l[0xe9][0x19]?[0x15]-[0xe3][0xa7]R]0[0xd9]k[0xf3]yE[0x3][0x99][0x84]ml[0x7][0xae]Q[0x3]![0x83][0x12][0x9a][0x10][0xce][0xfb][0xcd][0x16]~$[0x18][0xb9][0xc0][0x8f]XNS[0x1b]y>i[0x8a][0xfa][\n]"
18:24:15.555 [main] DEBUG org.apache.http.wire - http-outgoing-1 << "[0xbe]HHD[0x8d][0x9a]K13"!@.+[0x90][0xeb][0x15][0xf3][0xba][0xfa]B[0x4][0x11][0xf7]/[0x85][0xfc]S[0xb1][0xf1][0xc6][0x8f][0xab][0xa8],=[0x8]D*UIe[0xe1][0x82]=/&[0xde][0xf8][0x81][0xf8]b[0x8f]_ W6[0xc8]1[0x92]C1[0xae][0xec]o~,g<'[0xa3]X[0x9e]<[0xca]j [0x1f][0xf3][0xe5][0x1f]5o%[0xcd][0xc5][0x88][0x8c][[0x94][0xab]n[0x90]Te[0xab][0x1d][0x1e][0x18][0xb5]T9&[0x9b][0x14]Za[0xd7][0xd2][0x19][0x96][0x1e][0x1b]\[0xd1]b[0x83]+[0xf3]3[0xc6][0x90][0x7][0x95]![0xbb][0x85][0xdb][0xab]-c[0xd0][0xd2][0xbc]b)`[0x12][0x1d][0xc2][0xa5]Y*[0x15][0x8a]Y[0xc9][0x9f]YJ[0x15][0x88]?SY[0x1e][0xf4]F[0xe2]oe[0xae][0x9c][0x1b][0xc9]K?[0x95][0xfd]:3I[0x8d][0xc][0xb3]3[0xf3][0xdf]w-/l[0xe][0xaf][0xd3][0xca]![0xea]z[0xe9][0xa1][0xe2][0xcf][0xb][0xb6][0xca]XR[0xe0]4C;[0xf0]B1[0xef][0xed][0xc8]L[0x98][0x12]M[0x95]S3[0x82]=`[0xca]i0[0x13][0xe5]*B[0xb2]][0xe0][0xab][0x3][0x82][0x82][0x95][0xc8][0xc2][0xc6]i[0x81]hr[0xec][0xb4][0xeb]4WZP[0xf3][0x81][0xde][0xbb][0xf6][0xf0][0xdb][0xeb][0xf][0xef][0xdd]}"
18:24:15.555 [main] DEBUG org.apache.http.wire - http-outgoing-1 << "x[0xef][0xdc][0xc3][0xbb]o=[0xbc]w[0xb6][0xc7][0x9a][0x8b]><[0xb6][0xe4]B[0xb1][0x8e]E[0xa5][0xe5][0x86]b[\r][0xb][0xc6]- [0x95][0xae][0x88][0xbb][0xb3][0xb5][0x16][0x8a][0xf5]*[0xe2]#[0xb6][0xce][0xa2][0x96]-[0xde][0x12][0x8a][0xbf][0xb3][0x17][0x7][0xcc]c[0xb3][0x2][0xe7][0xf9][0xf3]kNJ[0x89]8[0x15][0xd7][0xc6]k[0x18][0x82][0x97][0x8f][0xdb][0xa1][0x87][0x1d]:"[0xb4]9y[0xa9][0xbb][0xf4][0xcb].[0x8b]][0xe7][0xd2][0xab]h\z,[0x91]][0xdb][0xc0][0x8f](?[0x9f][0xb5]p[0x91][0xd2][0x10]jK[0x9d][0xc]X[0x9]m|[0x8a]:1N[0xc4][0xff]3K[\n]"
18:24:15.555 [main] DEBUG org.apache.http.wire - http-outgoing-1 << "[0xf8][0x93][0x10]NG[0x92]D[0xe7][0x2][0xde]n[0x91][0xb5]#[0xc6][0xc2][0xb8][0x5][0x1f][0x16]Ta[0x1b][0xda]6<[0x19][0x8]w[0x0][0xb5]p[0x9d]@[0xcf]<[\n]"
18:24:15.555 [main] DEBUG org.apache.http.wire - http-outgoing-1 << ":[0x5]u[0xd7][0xee][0xdc]X[0xc3][0x87]&[0x14][0xc8][0xa4]G[0xca][0x85]taD[0xa2][0xe9]+QB[0x1]5[0xdd][0x96][0x8b])[0xc4]D[0x92][0xbe]e![0xc7][0xa0]P4[0xd1]z[0xf][0x9b]C[0x94]'[0x8c]l[0x2][0xc7][0x8f][0xe9][0x1e][0x93]d~T[0xe8][0xe9][0x11][5[[0x11][0xa0][0x87]K[0xe],[0xfe][0x1f][0xc9][0xbc]X[0xf1]S[0xcf][0x8e]Q[0x0]*[0xf9][0xbb]p[0xbd]-[0xe8][0xb3][0xeb][0xed](pK[0x8c]s&g[0x1][0xf4]Bu[0xac][0x93][0x8a]{[0x84][0x99][0xfd][0xf8]X[0xaf][0x86]h[0xb1][0x15]j[0x83][0xcd][0x85][0xe][0x4]5[0xdc][0xee][0x11]-[0xcd]fK01[0xc6][0xd3][0xcf]p[0x8d]]Np[0xed][0x3]j[0xb6]xo[0xe3][0xda][0xa3][0x8f][0xfe][0xf2][0xf8][0xf3]w[0x1f][0xff][0xe9][0x9d]G[0x97][0xef][0xc5][0x18][0x17][0xf7][0xb6]xo[0xf6][0xdd]F0[0x97][0x1c]3[0xa0][0x8b][0x9b][0xb7][0x92][0x9b]I[0xe6][0xc6][0x8b][0xc4][0x98]A[0x18][0xc9][0xfa][0x87];[0xd7][0xfe][0x99][0x8d][0xc0][0xc8]F@[0xa0]P[0x2]][0x7]b[0xf][\r][0x81][0x1a]aN:[0x16][0xfa][0x1][0xc]p[0xe8][0xd3][0xc][0xc3][0x1a][0xec][0x9a]lL[0xbe][0x94][0x94][0xa3]W"[0xa9][0xbc][0xaa][,jF[0xe8]Us[0x8e][0xa7]=h#[0xa7][0xc1][0xd2]_4[0x0]&[0xc3]V\[0x7]a/<T[0xf6]q)[0x9f].[0xcb][0xc9][0xc7][0x19][0x92]}\NeI[0xdc]II[0x2][0xbf][0xc8][0x8b][0x10][0x11][\r]<[0x9d]=[0x8][0x9b]oC[0xf2]qapJo[0xf0]}[0xc8][0xe1][0xfc]&[0xdd][0xf1][0xc3][0xfc][0x15][0x85][0xc9]WDDa[0xd3][0xc6]!%[0xea]A([0xbb][0x86]i[0x17]b[0xdd]CA[0xd4][0x81]@[\r][0xeb][0xc0]A[0xa5]K[0x87][0xa8][0xbd][0xe5]I[0xd3][0xbb][0x1a][0xc8][0xb3]mG[0xa3][0x11][0x90][0xe1][0x82][0xc4][0xf0]r~[0xa0][0xd2][0x5][0x16]:0[0x97][0x91]f[0xc0][0x88][0xab][0xcc]wx[0xda][0xee]$[0xf2]N[0xa3][0xa6][0xbb][0xd6][0x95][0xc7][0xc8][0x82][0xfa][0xaa][0x1a][0xd5]V[0xd5][0xd4][0xa4][0xc9][0x1f]Z.[0xa9]|h[0x1e]\Ff+[0xe0](]RD[0xae]aY[0xa6][0x9d]ww[0xbe][0xbd]v[0xe7][0x1e][0x89][0xe7][0xb8][0x3]v>[0xde][0xb9]}[0xff][0xcc][0xfd][0xf3];[0xb7]w[0xb6][0xa9][0xcb][0xfe][0xe][0xb9]rX~[0xed]\![0x97][0xc9]H*H[0x9e],[0xaf][0x8c][0x16][0xb3]A[0x5]t[0x86][0x84]i[0x93][0xec][0x2][0x99]lZ [0xdc][0xcf][0x15]S[0xd9]>m[0x84][0x93]su[0xe2][0xd7][0xa0][0xd5][0x80]js[0x15][0x83][0x2][0xe2];[0x84][0x9d]k[0x12]y[0x8b][0xc9][0xd4]([0xca]H[0xa9][0x87][0xdd]`[0xb4]**#[0xa6][0xd7][0xf][0x16]]g[\r]y[0x1][0xb6]l[0x4][0xda][0xd0][[0x19]$[0x83][0xca]R[0x14][0x14][0xcb][0xf5][0xd5][0xfb]i[0x8e]F[0xcb][0xf5][0xa1]Cjd-[0xa3][0xd3]X+[0x0][0xd8]R[0xac][0x91]-oM[0xb0][0xa5]{.[0xc][0xc]C[0xb6][0xbc]5[0x18]t[0x1d][0xd2]W[0x86][0xf4][0xbd]UA[0x8b]B[0x9e]e[0x18][0xf1][0xfe][0xd9][0xfb]gv[0xfe][0xc1][0x82]9[0xc0][0xfd][0xf7]wn[0xef][0xfc][0x9d][0x4][0x17][0xf5][0xc2][0x1e][0x9f][0xd0][0x8d]P[0xac][0xe1][0xb3]{[0x8a][0xbd]-[0xae][0xca][0xd0][0xb9]_W[0x16][0x1e][0x7]![0xd2][0x95]~[0xfe][0x9d]-zI[0xd2]qHN[0xe7][[0x11]Y[0xdc][0xfb]4[0xf6][0xe3][0x1c][0xa9][0xa5]BX[0x94][0xdf][0xdb][0xdf]|3[0xd1]w[0xe8]-P[0x3][0x1c][0x13]o[0xc1]][0xad][0xdb][0xec][0xa2]r[0xee]w5_[0xe4]j[0x91]O[0x18]M[0x8]w[0x9c]|[0xb5][0xe5]u[0xfd]>[0x93][0xdd][0xe1]6[0xc1]4[0xc2][0x1e][0xb7]wa[0xf7][0xd6][0xee][0x17][0x9c][0xd0]u[0x80][0xfd]"n=[0x1f][0x95][0x96][0x8][0xd2]IH[0x1a][0xf8][0xa7]`W[0xec][0xd4]IP*[0x1a][0x9]J[0xe5][0x84][0xb1][0xd4]RQ[0xc1][0xce][0x9]h[0xb9][0x9e][0xeb][0x18][0xf7][0x83]'T[0xf]J"[0xd5]+h[0x9][0x6]~[0x8b][0xba][0x89][0xe2][0xd3][0x7][0xfa]P[0x12][0xb3][0x90][0x91]X=[0x93][0xcf]d[0xd3]E[0x89][0xcf][0x81][0xb8]F[0xb2]j[0xdc]G5[0x91][0x83][0x3]d9[0x9b][0x16][0x3][0xdc][0x8a][0x19]s[0xe4][0x87][0xce][0x1b]KY[0xd4][0x87][0x8e][0xbc]N[0x8b][0xc4]2^[0xf5][0xd7]O[0x1c]3[0xe0]d|G[0x15][0x1c]{[0x4][0xb4][0x9d][0x10]Ya[0xf9][0x8][0x80]<[0xaf][0xa8][0xc9][0x1c]f~[0xe0]@[0x19]*[0xf0][0x85][0xb8][0xf9][0xf9][0xf8][0xf9][0xa4][0x8a]k[0x88]?w[0xf]\[0x8a]g[0x86][0x3]Q|[0xcc][0xc1]'>NvU[0xe7][0xf6]7oJ[0xc8][0x12][0xb7][0xb1][0xa2]>[0xa1]P_D8[0xe6][0x98][0x11][0xb7][0xe7]([0xb1][0xb8][0x6][0x15]d[0xf8]tw[0x9b]0K[0xee][0x9d][0x1f][0xc4]@{[0xea][0x5]*[0xd6]$[0xee][0x85][0xe6]el[0x9][0xd7]P[0xc0][0x1d]$][0x0]fM[0x7][0x98][0xba][0x6]0u[0x13][0xed][0xc4]A[0x94][0xd4]l &C[0xe7][0xe]5/[0xb1][0x83]az$BHo[0xb2]j[0x89][0xf7][0xa5][0x90]O[0xe5]#WK.[0x95]7[0xd3]U[0xe7]G[0x9e][0xa4]l[0x89][0xe][0x5][0x82][0xe8]*[0x18]t[0xb7][0x18][0xcf][0xcc]N[0xb][0xd1][0xad][0xae]w[\n]"
18:24:15.555 [main] DEBUG org.apache.http.wire - http-outgoing-1 << "[0x91][0xd0]5[0xb0][0xc2][0xb1]7[0x86][0x83][0x95][0x3][0xbc][0xa9][0xd4][0xc2]#[0xee]l[0xc4]:[0xb][0xf1][0xb8][0xda][0xee][0xc6][0xf5]|Moq,u([0xcb]$b[0xc5]]iw>[0xb6][0x8d]C[0x2][0x8b]_T[0x87]V[0xa0][0xc6]q\[0xd3][0xd0]3[0xeb][0xe][0x15][0xcc]8[0xb4][0xc3]/[0xf6][0x80][0x1e][0xf2]&[0xb0][0xe3][0xd3][0x0]][0x8a]>[0xe4][0xa3][0x6][0xec]|\[0xb3][0xf5][0xf7]6JN[0x89][0x16][0xeb][0xcd]?+[0xf5]Z[0x85][0xae]q[0xc1][0xd6][0xe4]T\[0xad]59[0xc5][0xd1][0x88][0x1c][0xb1]R[0xad][0x11]"[0xcd][0x6][0xee][0x8a] GT[0xa4][0x95][0xec][0xbf][0xf6].[0x0][0xba][0x19][0xbb][0xb8]w[0xa1]`Z[0xb][0x6][0xa2][0xa5][0xae]x[0xf0]4[0xb6][0xbb][0xac]m[0x9d]@[0xb6]2[0xa7]g[0xce][0x98][0x94][0x7][0xb5][0xae]j[0xc5][0x83]~[0xe7][0x6][0xe3][0xd6][0xd1][0x96]9[0x19][0x93]"
18:24:15.555 [main] DEBUG org.apache.http.wire - http-outgoing-1 << "4[0xa0]r[0x8c][0x93][0xdd]5}[0xc5]r[0x12]]$[0xa7][0xc0]([0x1b]7[0x85][0xa0][0xe1][0x2]>[0xc2]!m[0xc1][0xd9]t1[0x93]+[0x94]Gr[0x92]1[0x98]([0xc][0xc3][0x5][0xcd][0x18]Le[0x92][0xf8]f[\n]"
18:24:15.555 [main] DEBUG org.apache.http.wire - http-outgoing-1 << "[0x99]B[0xa9]X[0x12][0xac][0xc1]y[0x13]a[0xc5][0xb0]@[0x15][0xc5]m$C*[0x5][0xfe][0xb0]I[0x5][0xe1][0x16]cj[0xbc]?J[0xff]N,[0x8c][0xd3][0xbf][0xaf]I[0xd6][0xe3][0xa1]#[0xdc][\n]"
18:24:15.568 [main] DEBUG org.apache.http.wire - http-outgoing-1 << "G[0xcf][0xd4][0x8f][0xe9]u[0xdf][0xe3][0xf9]Vq[0xa9]{|je[0xee][0x15][0x91][0xba][0x9e]?;[0xf0][0x10][0xb4]EX[0x9a][0xfb][0xc5][0x8f]V[0xfe][0x85]=[0x94]h[0xb6][0x8d][0x9e][0x92])[0x18]^g[0x8b][0x1d]&k{[0x8b][0x92]Y\[0x8f][0xf5][0xb][0xda]![0x89]6[0x8b][0xfa][0xaf][0x6][0xd2][0x9c][0xd9][0xc9][0xc][0x8]Q[0xa1][0xd1]'[0x1a][0xfb]}[0xc9]2[0xde];7@F[0xf][0xfc][0xd9]Fk[0xb6][0xd1][0xce][0x8d][0xca][0xa0][0xc5][0xea]&p[0xa7](%[0x87][0x3][0xf3][0xc8][0xf3]p[0xe0]z[0xeb]f0[0xc3][0xba][lJs[0x8b]M[0xcd][0xce][0x1b]KL)Y[0x80]c[0x18]5]0[0x1][0xbd]E#[0xa0]M[0xcd][0x1e][0xbc][0xbf][0x89][0x12]x[0x8c][0xdb][0x9b][0x9c]R][0x83]D[0xaa][0x96][0xd4]bk[0xec][0xe1]c[0xe8])[0xf6]Q[0x99][0xbd]x[0xb0][0xca]r[0xd0][0xcc][0xaa][0xb1][0xad][0xc5]gb[0xa4][0xfd]a[0x82]E[0xe8][0xb3].[0xb6][0x90][0x1f]?![0xe][0xdb][0x0][0xb7][0xe9][0xd3][0x93][0xb][0xe][0x98][0xe5]Q[0xc3][0x14]M[0xe2]V[0xe4][0xc7][0x6][0x13]?7^ti[0xc0][0xe6][0xec]bg[0xb]:.[0xe8]\r[0x1a]x[0xd1][0x8d][0x0][0x87]w[0xc0][0x1e][0x2][0x96][0x87][0x3][0xe8]8,[0x94][0x10][0x1][0xfb]%[0x97]v[0xa1][0xb7]B[0x2][0xd1][0xce]G4L[0xfd][0xd3][0xfd][0x8d][0xaf]h[0xb1][0xc5][0x8f]X[0xe1][0xb7][0xc7]_[0xbe][0xf5][0xe8][0x83][0xcf][0x1f]][0xb9][0x12][0xe1][0x94] J42[0x13][0x85][0xc][0x8c][0x88]([0x98][0xbe][0xc1]8[0xc2][0x9d]u[0xe8]l[0xc7][0xc2]_c=\[0xf6][0x8e]][0xd0][0xb9][0xd1][0xb9][0xc4]e_[\r][0xfa][0xea][0x10]?+[0x87]C[0x1c][0xf8]$[0x18][0xd5][0xc2][0xa8][0x81][0x1c][0x80])rD3I;[0x9][0xce]{*31[0x93][0x91][0x6][0xcb][0xfe][0x8a]K[0xa5]&'[0x2][0xc4][0x1e]l9[0x2][0xd2][0xbd][0x8d][0xbd]s[0xa4][0xc2]##[0xfe]'l_[0x9f][0xb2]"[0xd9][0xbb][0x9f][0x80][0xdd][0x9b][0xac][0x90][0xfd][0x6]9[0xa2]e<[0xb6][0xc1][0xde][0x85][0x81][0xaa][0xda]c7x[0x11]wr"\[0xca][0x8b][0xaf][0x8a][0x1d][0xd7][0x3][0xb3]a`[0xaf]c[0xa7][0x19]E[0xbf][0x99]A3[0xd4][0xd9][0x8e][0x16][0xb4]X[0xbc][0x85][0xea][0xd4][0x93][0xec][0xee][0x16][0xaa]O![0x90]N[0x8e][0xff]7V[0xa4][0x8d][0x11][0x92][0xa1]b[0x1f][0x95]h[0x99][0xfe]5`[0x19][0xa1]>'Yqr[0x95]3O[0x82][0x9f]c[0xcf][0x5]~N[0xdb][0x8];[0xc8]#[0x8b][0xdc]G[0xb6][0x85]|[0x1c][0x9c][0xe][0x9d]&"[0xb][0xdf][0x3]uD[0x18]Kp3@[0xe][0x11][0x1b][0x6][0x89]VFf[0xc3][0x7][0xb]v[0xe0][0xc1]6$a >[0xa8]"[0xc7][0xf5][0xc8]/[0x3][0x2],B[0xc4]'[0xcb]KH[0xce]&{3[0x1f][0xb4][0xb1][0x83]B[0xd2][0x8e][0xe4]#[0xe2][0xa6][0xd3][0xd9][0xa2]}|[0xd0]y#[0x80][0x81]?[0xbc][0xe0][0xe0]8[0xb8][0xef][0xd1][0x1f].~w[0xf5][0xfc][0xa3][0xcb][0xf7][0xbe][0xff][0xf0][0xfd][0xc7][0x1f][0xbc][0xf1][0xe8][0xf3]w[0xbe][0xbf]|M[0xd9][0xc6]!2[0xa2][0xeb]a[0xc0]"[0xb6][0x9]47mL[0xa7][0x19][0x13][0x1][0x2]L*[0xa8][0xc6]_^[0xbc][0xd5]K[0x4][0x1e][0xc3][0x84]2[0x9e][0xfd][0xa8][0xf9][0xba][0xec][0xf1]N[0xb0][0xef][0x1e][0x14]L[0xd9][0xd4][0x2][0xb8][0xd4]D6"3[0xca][0xf6][0x8c][0xc8][0xa1][0x8a]T[0x3][0xd1][0xd9]up[0xb3][0x81][0xd8]'[0x11][0x3]k[0x15][0xda][0x18][0x84][\r]h/#[0x7][0x3]7p[0x17]1[0xa8][0x8d][0x8e][\r]Cqo[0xc9][\n]"
18:24:15.569 [main] DEBUG org.apache.http.wire - http-outgoing-1 << "[0x93][0x83][0x7][{[0x17][0x1f][0x9c][0xb0][0x5](.}[0xf9][0x9f][0xb7][0xf7].[0xfc][0xef][0xcc][0xdb][0xe4]"[0xa0]-8j[0x81][0xbd][0xdf]Q[0xe8][0xba]I[0xb6][0xa3]ORk7l[0xe3][0x81][0xb6][0xa4]u[0xec]5[0xb1][0x13][0x87][0xe5][0xbe][0xcc]u[0x92].[0xe1]Nkz[0xb9][0xa4][0xba]V.[0xa9]>a[0xa6]wP+p[0xcf][0xb9][0xb0][0x1][0xe6][0xcd][0xec][0xe][0xf5][0x89]C[0xb2];H[0xf5]s3[0xe5]T>[0x97][0xc9][0x95]Y[0xbc]o1[0x9b]K[0xcb][0xda][0x9d]4[0x9][0xc8]K[0xe2][0x8d][\n]"
18:24:15.569 [main] DEBUG org.apache.http.wire - http-outgoing-1 << "O[0xa5]v`[0xa4][0xe7][0xc9]s[0xad][0xeb]w#]m[0xd6][0xec][0xde][0xfc][0x95][0xfd]f[0xec][0xb7]]+[0x9e][0xfd]t[0xf4]@[0xf0][0xab][0xd0]i.![0xcf][0xa1][0x86]"[0x5][0xae][0xea][0x9d][0x1b][0xa4]4[0x8][0xc5][0x1b][0x1b][0xcc]![0xec][0xb8]l[0xd1][0xca][0x8]U[0xc7][0xc8]k"_[0xd4][0xf7][0xfc]n[0xda][0xdd][0xe6][0x97][0xfb][0x1b]Wi@[0xe4][0x9d][0xfd][0xcd][0xed][0xef][0xae][0xdf][0xd1][0xd0][0xa9][0x8e][0xc8][0xeb][0xc1][0xa0][0x12][0xe9]x-$[0xc3][0x10]y[0xc8][0xf1][0x13][\r][\r]*[0xa8]cn jlU[0x8][0x9b][\r][0xe4]D[0x8][0xa3][0xab]hc[0xcb]h[\r][0xff][0xf3][0x12];[0x98]%[0x90]b[0x0][0x13][0xe2]M[0xdb][0xbd][0xb5][0xfb][0x19][0xf1][0xa9]izZ[0xdf]P[0xb1][0xd6][0xb4][0xe][0x84][0x8a][0xa9]z[0xa5][0x17]Z,[0xa4]j[0xa9]nP[0xa1][0x17][0x18][0xad]k[0x5]F[0xeb]S&[0xe][0x89][0xc][0xc8][0xe5][0x15]"[0xa8][0xa3]-[0xe8][0xd9]n[0x10] 0[0xda][0xe6]<[0xd4][0x1a]d[0x90][0xd1][0x17]j[0xf4][0x9f]xw[0xab]-9"[0xb1]z[0xf6]0!=[0x99]|)[0x9f][0x93][0xa1]&[0x97][0xa7]03[0x92][0xeb][0xb]cr[0xf9]b*W<<[0xc8]([0xaf][0x86]SXJ[0x10][0xa0]!N[0xb9][0x7]/[0xd4]s[0x8f]$[0xdc][0xb8][0xe1][0xc][0x86]&[0xc0]6[0xe9][0x1][0x6]L[0xe9][0xa2][0xe8]P[0x87][0xfc]U[\n]"
18:24:15.569 [main] DEBUG org.apache.http.wire - http-outgoing-1 << "+[0xd7][0x7][0x83][0x95][0xc8][0x96][0xd3][0x5]T$3[0x8e][0x1]S[0xa4][0xeb][0x14]RT[0xb5][0xa4][0xb][0xb8][0x88][0xd1]F[0xdd] [0xe4]I4[0x8d]5[0xec][0x1d][0xc][0x1f][0xb5][0xba]lJ[\n]"
18:24:15.569 [main] DEBUG org.apache.http.wire - http-outgoing-1 << "[0x1d][0x84][0xc1][0x18][0xa1][0xea][0xf0][0xa1][\r][0xbb]q28[0xba])|F7[0x85][0xcf][0x18][0x8b][0xaf][0xe6]Tbf[0xa7][0x1]=PC[0x84][0xfa][\r]5[0xe1])s[0x82]4[0x19][0x8b]Y[0xf1][0x98][0xfd][0x9b][0xc8]yd[0xe8][0x8]]C[0xa3][0x96][0xdb][0xa0][0x81][0xd5][0xc7][0x11]\D}[0xa5]X[0xc][0xc7][0x16]'=[0xcf]"[0x9f][0xc9][0xc8][0x14][0x92][0xa4]"Z&[0x93]O[0x15]M%H[0x98](b[0xd0]Q_L[0x92]e[0x3]s[0xdc]k5[0xcd]0=[0x83][0x9a][0xd0][0x83][0xc0][0xf4]^T[0xdd][0xa4][0x87][0xa9]zFLRbC[0x1d]P[0x98][0xb5]6!t"
18:24:15.570 [main] DEBUG org.apache.http.wire - http-outgoing-1 << "[0xa9]a[0xa7][0x9]W][0xef][0x9][0xb2][0xb1][0xdb]J[0x1c]R[0xdb][0x17][0x2][0xa5][0xab][0xd0][0xa6][0xc1][0xcf]r[0x14][0x12]lA[0x1f][0x82]*[0xb2][0xe1]z[0xd8]KM[0xe1]_[0x0][0xb7]l[0xf3]#n[0xd9][0xe6]G[0x89]a[0xfb][0xfa][0xfe][0xe6]%j?[0xfa]f[0xf3][0xc][0xa5]?[0xb8]M[0xf9]Z[0xee][0xee]o~[0x98]X[0xbb]y7K[0x1a]dU[0xba][0xc6]u[0x5]~[0xd4][0x8a][.K[0x19]N[0x17][0xf7][0xce][0xef][0xfe]m[0x90]xd[0xaf][0xaf]D[0xc7][0xda]1[0xd1][0xd8]-[0xa6]\D&oD[0xaa]u[0xb2][0x8c][0x8c][0xee]6[0xef][0x9e][0xf1]4r[0xf5][0x93]Jh7a[0xd7]*[0xb][0x96][0xbe][0xdb][0xa8]L[0xe8]L[0x92]F[0x1a][0xaa][0x82][0x92][0x93]\s[0x97][0xcc][0xfe][0xb0][0x9]5[0x98]&[0x11][0x89][0x90]Li[0x14]S[0xf7][0xdf][0xdc][0xf9]fg[0x9b][0xf0][0x9]Q*[0xaa][0xc3][0x91]G[0x95]2[0x85]\[0xa9],nU([0xe7]sVs~q[0xa1][0x84]T[0x88]L[0xba]\[0x12][0x1c][0xe7][0xd9][0xb2]9[0xf8][0xd0][0xe0][0xd7][0x9a][0xa0]I6[0xd5]i[0xb2][0x4][0xe7]f[0x17]x[0x8][0xa2][0x99][0xac]]{^[0x8d]9*[0xdd]#[\n]"
18:24:15.570 [main] DEBUG org.apache.http.wire - http-outgoing-1 << "qB[0xcc][0xc6][0x8a][0x1e][0x1][0xd8]hM\[0xe2];[0xdf][0xec]|q[0x0][0xf3]SS[0x89]6[0xc]m[0xc3][0xb8]:[0xf1]S":[0xf][0xe8][0xeb]#[0x9c][0x8f][0x8d]&8[0xb5][0x92][0xcf][0x81]-~[0xde]@Y[0xfe][0x1b][0x9f][0xc9][0xd5][0x17][0x84]nV[0xd4][0xad]sU[0xa8][0xbf] [0x9e]`[0x8b][0x9e][0xf5]XN([0x15][0xc2]&[0xf4][0xfc][0x15][0x99][0x89][0xe9]k[0xca]_7h[0x19]1[0xab][0xe9]=S[0x2][0x94][0x5]9[0xc8]?[0xf4]VH[0xc0][0xe9]8[0xa4]e5M[0xb]}I_[0xe8][0xe3][0xda]B[0x1f]7[0x6][0xce]e[0x15]w[0xd1]l[0x8][0x9b][0xb0][0xe1][0x86]M[0xd7][0x98]69~XF[0x81][0x91]t.[0x9f][0x1b])[0xc9][0xd4][0x91][0xe9][0xa1][0xe1][0xac][0xb6]d[0xe9]S[H[0xa8][0x85][0x9a][0x1d][0x11][0xdd][0xd5][0xb9][0x91]TY_[0xb2]*[0x9b][0x0][0xa5]\8:E[0xa2]s&&[0xc9][0xc]T_[0x99][0x8a][0xf9][0x5][0x8c][0xcc][0x2][0xf2]t[0xab][0x1a][0xff]O[0x84]_@[0xe1]HZR[0xc6][0x12][0x11]`[0x9c]E[0xee]I#[0x8d][0x87][0xf6]Rh7P[0xaf][0x95].M[0x13]_[0xec][0xd2]9[0xbe][0xe0][0xa5]s[0xd2][0xa2][0xbf]A[0x19][0xc][0xfe]Hv[0x0][0x1b]I[0xfe][0x91][0xdc][0xc1]2[0xc][0xc2][0x11][0xc0];[0x19][0x8a]/[0xca][0xd6][0x1b][0xb6][0xc][0x9d][0x93]X[0xba][[0xf][0xb6][0x88][0xfa][0xbe][0xfb][0xc9][0xde]YR[0x19]i[0xef]b[0xff][0x80][0xb0][0xf4]bF[0xd4]-[0xcc])[0xc0][0x13]:49[0xdc][0x84]9[0xba]}[0xa2][0xa2][0xd9]'*c&oK[0xb6]PR+6/[0x87]m+4[0xd6]V[0xa3][0x83][0xca][\n]"
18:24:15.570 [main] DEBUG org.apache.http.wire - http-outgoing-1 << "F$[0x15]?[0xbb][0x2][0xc1][0xfa]K[0xb]VrZ!B[0xe1][0x17][0xe][0xe7][0xe5][0xce][0xa4]3[0x99]|!][0x90][0xea]8[0xa7][\n]"
18:24:15.570 [main] DEBUG org.apache.http.wire - http-outgoing-1 << "C[0xb9][0xb4][0x8e][[0xa1][0xec][0xec][0xce][0x96][0xca][0xb9][0xbc]D[0xdf][0x96][0xeb]S[0xd3]8:Ku[0xc][0x1a][0xf1]<[0xff][0xfa][0xa8][0x9][0xaa][0xf8]3[0xab]JE[0x8f]<[0xcb][0xa9]q[0xf1][0xc7][0x9f][0xb][0xfb][0xe3][0xc2][0x93][0xe7][0xa8][0xb4][0x91]B[0x4][0xef]4[0x8e][0x1f]R[0x1c]lj[0x85][0x9f][0xef][0x85]P[0xbc]c[0x4]N[0xfc]0[0xc2]%~(mC[0xb6][0xf7]7[0xee][0x8]H[0xc4][0x9b]Xr[0x8f][0x8]:_s[0xc1]l[0xe9]rKn-[0x0][0xe][0xdd]y[0xdc][0x1c]d[0xe7][0xd1][0xc0]/$[0xd0][0x8c]M[0x89]@s[0x14][0xb6]-[0xb7][0xd1]m[0x1b][0xb3][0xa2][0xd7][0xc0][0x98][0xd6]j`LO[0x9a][0xaa]*[0x97][0xd5][0xd0][0xbe][0xe3]-[0xc7]m[0x83][0xe3][0xc8]i[0x19][0xa0]fZ[0xa9][0x83][0x11][0x8b]uX[0x93]E[0xa6]P[0xcc][0x16][0xf3][0xf9][0xbc][0xaa][0xf4]d[0xd2][0xea]F%[0xba][0xa5]X45[0x93][0xce][0x9][0x16][0x8b]\[0xc9]\#[0xb9]d [0xb9][0x1d]%1C[0xf3]T[0xeb][0xa9][0xcf]T5[0xf8][0x98][0xee]\k[0xaf][0xfe][0xeb][0xc6]b[0xab][0xb3][0x5][\r][0x94][0xb6][0xdd]-[0x16][0xd3][0x93]s"[0x89][0x18][0x17][0x19]x[0x18]I[0xc1]u[0xff][0xbd]r[0xf9][0x87][0xf2][0xad][0xac][0x10][0x13][0xb][0xfe]?[0x0][0x0][0x0][0xff][0xff][0xdc][0x9d][0xbf]o[0xd3]@[0x14][0xc7][0xff][0x95][0x8a]=R[0xe3]_[0xb1]Gs-[0x19]BJ[0x87]*"l[0x17][0xfb][0x94][0xa4]Il[0xcb]I[0x8a]:[0x2][0x2]$[0xc4][0xc4][0x84]:[0xa4][0xea][0x18][0x89]?[0x80][0x1]u[0x89][0xf8]#*[0xa6][0xfc]'[0xe8][0x9e][0xaf][0xbe]wg[0xbb]2[0x4]([0xea][0x16][0xc7][0xf6][0xe5][0xce]I>z[0xf7]~|[0x9f]$[0xc6]d[0x84][0xaa][0xb2];[0xa3][0x19]Ku^lW[0xaf][0xb6][0x97][0x9f][0xb6][0xab][0xcf][0xdb][0xcb][0xd7][0xdb][0xd5][0xc5][0x1d][0x91]bX[0xf]W([0xbb]%[0x7][0xac][0xf0]<[0xdf][0xc2]d[0xb][0x1e][0xa2][0x1e]r[0xc0][\r]^r[0xf4][0x15]ma[0xe0][0xb2][0xa1][0xdc][0xc2][0xc0][0xf1]i[0xbe][0x81][0x91][0x87][0xd1]4[0x1f][0xf4]4[0xcf][0xfd][0xcf]f[0xf1][0xfd]:[0xdf][0xbe]p[0xdf][0xe2][0xcd][[0xc0][0xc8][0x97][0xda][0xf8][0x98][0x8c]f[0xff][0x89][0xe3][0x82][0xf8]][0xed][0x1f][0xcf][0xd2]8[0xae][0x90][0x80][0x9][0x8a][0xaa]J[0xa4][0x90][0xc9]A[0xba]e[0x8e][0xb][0xc3][0xd4]l[0x8b]>[0x8d][0x97]Q[0xb8]Y[0x97][0xfc][0xdf]aLlZ[0xa0]YiFDvfYCO[0xad];[0xe][0xc3])[0xab][0xa8][0x4]2Z[0xfb][0x9e][0xeb][0x19][0x88][0x3]<[[0xae]i[0x14])[0x0][0xf3]P[0x94][0xf2][[0xb6]e[0xa9][0x8a]j^[0xdd][0xf6][0x90]P[0x5]tB[0xe] [0x11][0x97];l[0xda]G[0xbc]$[0xbb][0xed]?[0x16][0x1a]k:[0x19][0xd0][0x83][0xd0][0xa8]`T[0xbb]+[0x9e][0xfb]OJ[0xe4][0xfb]v[0xd9][0x2][0xfd][0xc1]"[0xa1][0xbf][0xa3][0xd6][0xd6][0xe1][0xcf]i[0x19]!P0n[0x14] Rd[0xbf][0x1a]L[0x8a]+!C-UeH>[0xca]-(h[0xca][0xd3]S[0x11]*[0xf2]7[0xb2][0x8c][0xb][0x18]W[0x86]?[0xe5]40*[0xc0][0xda][0xa8][0x8d][0x8a]`[0x96]>DK[0x83]SB[0xe1]ND[0xab][0xb4][0xdc][0x82]b[0xe9]6)[0x94]n[0x13][0xbf],l[0xa2])[0xd1]<[,[0xe8][0xcb][0xb2][0xcd]L[0xa6]M[0xb9]k[0x1a][0x99][0xd3][0xb4]m[0xcb][0xc5].[0x14][0xc8][0xa7]mxEk"R[0xdb]mx[0x9e]k9Z[0xe7][0x1c][0xa7],^[0xea][0xa2][0xd4][0xfe][0x16]z[0xed][0xa0][0xd7][0xd5]e[0x1]z[0x17]h[0x9e][0x6]^[0xc2][0x18][0xf1]U[0xe8][0x84][0xa9][0xf6][0xb0][0x10][0xff][0x0][0xdb][0x1d][0xd1]}4[0xec][0xf8]7X[0x11][0x8f]FP%[0xa2][0xe1][0xe6]JBE[0x9c][0x94]H[0xf9][0x80][0xf4][0xe0][0xf2][0xd3][0x83]T[0xb9]7Y([0x87][0xc2][0xe8][0x10][0xd7][\n]"
18:24:15.572 [main] DEBUG org.apache.http.wire - http-outgoing-1 << "[0x8a]"
18:24:15.572 [main] DEBUG org.apache.http.wire - http-outgoing-1 << "[0x88]#[0x9][0x91]w[0xd0][0xa7]~L3[0xa0]u[0x2]%G[0xbe]Rw[0xc]?w[0x99]P[0xff][0x9b]U[0xc7][0x8f]NR[\n]"
18:24:15.572 [main] DEBUG org.apache.http.wire - http-outgoing-1 << "jM![0xdb]{:[0x1e][0xa4][0x8c]k[0xda][0xb2]4[0x18][0xc3];[0xfe]l[0xb3][0xe6][0xc3]C>[0xc][0xff]@[0xce][0x16]?[0x8][0xe2]4[0xcc]ohl[0xd6][0xbc][0xdd][0xe8][0x90][0xf1][0xb]x[0xf2]v[0xcb]X[0xcd][0xee]'j;[0x1f]B[0x7]1[0xf]Q[0x87][0x15][\n]"
18:24:15.572 [main] DEBUG org.apache.http.wire - http-outgoing-1 << "[0xd5]A[0xb1][0xe4][0x90][0x14]J[0xe][0xc9]q[0xaf][0xd4][0x94]q[0xb5][0xcd]KJKc00[0xa0]j[0xc7][0xa0]I[0xa1][0x1a][0xa4][0x90][0xe1]S[0xbb]9rm[0xb3]i[0x98]X[0x2][0xa2][0xe9][0x80][0x1b][0xd7]*0([0x81][0x18][0xbe][0xda][0xf6]g[0xdf]D[0xbd]9[0xed][0xd2][0x16][0xf5][0x8d][0x1a]E[0x8b][0xca]B5[0x8e][0x98][0xd5][0x15][0xcc][0xa4]w[0x88]9"&[0xc8][0xdd][0xf5]l[0x1e],CEl[0xea]p[0x1e][0xdc][[0x89]P[0x87]&[0xf9][0xea][0x4][\n]"
18:24:15.572 [main] DEBUG org.apache.http.wire - http-outgoing-1 << "[0xd0]z[0x5][\r][0xe0][0x92][0x85][0xc2][0x83]oP[0x8d][0xc]:[0xf2]o[0xde]K0$[0xf2]^[0x1][0x7]4[0x9a][0xe0][0x3]~[0x9e][0x99][0xa9]A[0x93]3[0xfe][0xed][0xc9][0xd2][0xa1][0x17]l[0xca][0xb3]C[0x17][0xf3][0x9][0xdd][0xcb]]p[0x12][0x1b]?>[0xde]\[0xef]qg[0xc7]/[0xe4][0xb5][0x7][0xc9][0xd9][0x83]4>[0x8e]{*+[0xce]g4[0xba];[0x89]}Rl[0x1d][0xd4])[0xb4][0xe]"[0xfd]2gG[0xd3][0xb4]4oG[0x9b][0xc5][0xe9][0x90]U[0xe5][0x88]v[0xfa][0xbb]dn[0xd9][0xae]a*bL\[0x18][0xba][0xe1][0xea]r[0x97][0xd9][0x9a][0x15]w[0xa8]c[0xed][0xde][0x96][0xf7]'[0x0][0x0][0x0][0xff][0xff][0xe4]][0xcd]n[0xdb]F[0x10]~[0x15]"[0x97]$@[0xc]X[0x8a][0xac][0x9f]#[0xc3]@VKG[0x10]j[0x15][0x8d]}[P[0x94]HY"[\r]QJc[0xdf][0x9a][0xd4]0[\n]"
18:24:15.587 [main] DEBUG org.apache.http.wire - http-outgoing-1 << "[0xd8][0x5]Z[0xa0]=[0x16][0xa8][0x9b][0x1e]d[0xd4]N[0xd3][0x0]F[0x9b]C[0xf]][0xe7][0x1d]j[0xf7][0x98]8[0xcf]Q[0xec][0xec][0x92][0xdc]?R[0x16][0xdc][0x14]iz#[0xa9][0xe5]rw[0xed][0xf9]vfv[0xe6][0x1b][0xcd]b[0xca][0xe2][0x9f][0xe3][0xbe]X[0x13][0xd4][0x8][0xbe][0x9f]w$6[0xcb]F>Y5M,[0x96][0x85][0xfc]![0xc7]YIc[0xae],[0x84][0x9f][0xe]Q[0xc0][0x5]Y=[0x83]h[0x8a][0xef]2B[0xaa][0xe8][0x9c][0xc5]8[0xaa][0xe4][0x19][0x17];[0x5][0x1f]K9-i[0x13]9[0xf6][0xd2]F[0xfd]![\r][0xb7][0xc]3[0xc2]-[0x1][0x13]v[0xe6][0xb1]E[0xb6][0x86]3C[0xa3],sM[0x90]-[0xc9][0xde][0x8c][0xb7][0xc3][0x8c]]Y=0[0xb5][0xea][0xaa][0xaa]_[0xd7][0xee][0xca]e%B[0xaa]7[0xf1]u[0xdb]2y=g\[0xbc][0x8b][0xc1][0x81]f[0x9][0xf4]\[0xc9][0xcb]P[0xaa][0xd5][0xaa]bN[0x1e]94-[0x16][0xe4][0x8d]Y[0x1c]Y[0x9a][0x9b]W,[0xd6][0xaa][0xa5]Y[0x1c][0x91]zG[0x3][0xb8]dbGC[0xea]nX[0x5][0xcf][0xdf][0xea][0xdd][0xa6][0xc6][0x5]y[0xd2][0xc1]'#|[0x12][0xe1][0xc3][0xc8]5[0xc6][0xf8][0xd8][0xb8][0x83][0xf]Qw[0x84][0x8f]74[0xb6]A[0xe9][0xdf][0xf4]>[0xfc][0x93]'[0x1c][0x91][0x14][0x82][0x11]![0xe]%VQ[0xd0][0xb][0xe5][0xae][0xb6][0xf0]A[0xd0][0xc3][0x7][0xb0]$[0x11]~[0x12][0xf4][0xf0]I6^[0xac][0xd3][0xf9][0xa2].[0x17][0xd1][0x19]o[0xcd]1~pz [0xab]y[0x90]nb[0x80]%9[0xff][0x8f][0xc]W^[0xff]zt[0xf1][0xe4][0x18]B8[0xbf][0xa1]![0x9c][0x17];[0xcf].[0xbe][0xde][0xe3][0xd8]#[0xe1][0xab][0xdc]W[0xb8][0x8f][0x0][0xd8]([0xa3]X[0xe0][0xf6][0xd2][0xcd][0xf1][0xac][0x16][0x14][0x87][0xa0]c4X[0xa0][.[0xa4][0xe7][0xb2][0xd9][0xba][0x1b]1,[0xad][0x8e][0xdc]N[0xd0][0x87]I[0x9e][0xee][0xeb]4[0x95]?:[0xdb]9[0xdb]%[0x8a][\n]"
18:24:15.587 [main] DEBUG org.apache.http.wire - http-outgoing-1 << "[0xc9]!9 [0xaa][0xc0]_{g[0x8f] [0xa5][0x84]xO[0xce][0xa7]$#z[0xe][0xd3][0xa7][0xfb]^[0xaa]0f][0x80]Y[0xf]ep[0xab][0x8c][0xd5][0xb2][0xc5]m[0xa5]l1[0x85][0x6][0x15]R%[0xbd][0xa5]y[0xfd]n[0x1f][\r][0xdd]@g[0xec]@[0xa7]m[0x87][0x8e]C0z[0xd8]#[0xd1]qK[^[0x9]O[0xb][0xa5]R[0xad]"U;%[0x7]2[0x85][0x9a][0x8c][0xa8][0x9e][0xe8]m!);[0x2][0x93]>b%[0x7]J[0xe9][0x16][0xb4][0x2][0xb5][0x1e][0xf9][0x8a][0x18][0x4]Pe([0x8d][0xd7]D[0x86][0xcc][0xea][0x14]2[0xdf]b[0x85][0xf4]v[0xc4][0xd6][0x8a][0x1a]U[0xf4][0x9a]&A[0xb3][0x1f][0xd8][0x99][0xf0]g[0xaf][0x1e][0xff][0xf0][0xea][0xf1][0x17][0x89][0x9][0xe5][0xc3][0x8f][0xd4]x[0xf2][0x10]g7[0xb1][0x1b][0x80][0xa7]v[0xd4]G([0xa1]L9[0xdd][0xa3][0xbd][0x83]q[0x4][0xfe][0x94]KC[0xca][0xd8][0xe9][0xbc][0x97][0x90][0xd2]0EH[0xa1][0x1c][0x16]:5M[0xa5][0xa8][0xb5]V[0x14]5[0xad][0xa1]e[0x7]/[0xcb]\[0x9a][0xc1][0xd8]G=[0x1d][0x97]&t)"[0x9][0x1d][0x91][0xe4]9[0x81][0xa7]We[0xef][0xae][0x16]jR[0xf8][0xfa][0x2][0x94]@^[0xa8]([0xfa][0x19][0xf9][0x1e][0x87]&[0x95][0xa5]ra[0x91];[0x0]Z*[0xe6][0x94][0x1][0xbb]5[0x8b][0xc7][0x1b][0xf8]Xt[0xdc][0xdd][0xf1][0xe4]%[0x18][0xc9][0xa9][0xa3]l[0xad]p|pl[0xd4][0xc6][0xa6][0x1b][0x85][0xf3]XQo[0xa5][0x96]W<[0x17]&[0xe6][0xf4][0x86][0xba]M<[0xe0][0xb]r~[0x98][\n]"
18:24:15.587 [main] DEBUG org.apache.http.wire - http-outgoing-1 << "yJ[0xa9][0x12][0xbf][0xc3][0x84][0x9c][0xad][0xcc][0x80][0xeb][0x80][0xc9]8[0xeb][0x1a][0xf4][\n]"
18:24:15.587 [main] DEBUG org.apache.http.wire - http-outgoing-1 << "[0x92][0x9c][0xfa][0xf9]<[0x9a][0x83]w[0x19][0xb6][0xeb][0x16][0xe7]1m![0xc7][0xef][0xfa][0x8e]a[0xe][0x8][0xa9][\r][0xd4]'[0x9b])[0xe9]&i[0xba]M[0x1d][0xa0]-[0xe4][0xe0][0xa3].[0xe1]C[0x90]Jp[0xfd][0x1f][0xe9]Z[0xac][0xc6][0x7][0x12][0x1c]e[0xf1]S:j^[0x8d][0xd5]T[0xe1]Hw@T[0x95][0x8d]F[0xd7][0xef][0xfb][0xe0])P[0xd0][0x88][0xbc][0xbe][0xee][0xbd][0xdc][0xf]z[0xbd][0x9]~[0xe]7![0xb9][0xe][0xe3]KJ[0x12][0xdf]r[0xc3][0xcd][0x81]{=2$[0xe4][0x82][0xc1][0x13]E}[0xff][0xcb][0xd7]/^[0xbc][0xf9][0xf9]+^E[0xa7][0xfd]z[0x13][0xfc][0xbd][0xf1][0x11][0x9e][0x6]C|[0x14][0x18][0xcb][0xf8][0x97][0xa0][0xe7][0xe1])|mF[0xa4]K^[0x8c][0xcb][0xed]J[0xa5]T,[0x16][0xca]<[0xd1]%[0x4][0xae]h[0xa2]\<[0xb1]ZX[0xad]\Z\,p[0xb9][0xc2][0xa5][0x8a][0x9e][0xe8]R[0x93][0x96]c[0xd6][0x1][0xcf][0xa0]p[0xc9]=P[0x9a][0x1a][0xf6]2[0xab][0x8a]r[0xeb][0x9a]m[0xae][0x3][0xd7][0x14]![0xa9][0xb3][0x97][0xc9]5[\r][0x8a][0xb9]gB[0xc][0x93][0xb4]l[0x99]vR[0xff][0xb9][0xfd][0xa1][0x9d][0x11],C[0x96][0x14][\r][\n]"
18:24:15.759 [main] DEBUG org.apache.http.wire - http-outgoing-1 << "16bc[\r][\n]"
18:24:15.759 [main] DEBUG org.apache.http.wire - http-outgoing-1 << "[0xd6]P[0x6][0xc6]l?[0x93][0xd5]\[0x13][0x80][0x11]j[0xa9]lM[0x0][0xd3][0x13]`[0xfc][0xe3][0xc7]|d[0xdc][0xf6]Dd[0xdc][0xf6]B[0xa5][0xd3]k[0xea]X[0xdf]|[0xbb]k[0xdc][0xa0][0xee]O[0xf1]4[0xb8][0x99][0xb][0x92])[0xcd]e|[0x13][0x83][0xa4]h[0xfb][0xa5]f[0x9e][0xc5][0x91][0xe4][0xc6][0xef][0xc4] [0xc9][0x19]j[0x1e][0xc7]yks$[0xb7][0xe7][0xf3][0x15][0x1a]s[0xbc]`[0xb6]?[0xa8]![0x9e][0xcb]x#?[0x1a][0xf]Q[0x94]K[0x8][0xe9]<T%[0xfa][0xbe]"[0xd1][0xf7]u[0x81]&e[0xe9][0xcc][0xb7]N[0xc9]3[0xea]$Q[0xdd][\n]"
18:24:15.759 [main] DEBUG org.apache.http.wire - http-outgoing-1 << "[0x1f][0xe8]2l[0xa1][0xeb][0x84][0x9f][0x88][0xca][0xab]4J^[0xfe][0x80][0xba]F[0x11]As[0x12][0x11]=[0x9d][0x11]R[0x93]z[0xe2][0xeb].b3[0x14][0xb9][0xe1]*E[0x89][0x16]n[0x9]DQ[0x9b]&[0xa7]Y.f[0xc3][0xdc][0xbe]D[0xb6]\e[0xb6][0xb7]V[0xed]_[0x92][0xa3]r[0xb6][0x82]a~[0xcc][0xf9]k[0x93][0xf9][0xbf]+e[0xbc]>q}/@[0x8e]7[0x8e]T[0xca]F[0xd8][0xbc][0x1e][0x90]R[0x99][0x2]mc[0xb2][0x1a][0xa9][0xc3][0xf6])[0xcd][0xb4]'>[0xdb]G[0xbf])[0xfc][0x8d][0x1d][0x9f]lhh [0xe4][0xbe][\n]"
18:24:15.759 [main] DEBUG org.apache.http.wire - http-outgoing-1 << "[0xdd][0xa4],[0x8e][0x9d][0x90][0xb6]M[0x85][0x90][0xb5][0x12][0xa9][0x1c][0xef][0x84]/[0xf7]Ow)[0xf1][0xc6][0x86][0x86][0xcd][0xf1]|[\n]"
18:24:15.759 [main] DEBUG org.apache.http.wire - http-outgoing-1 << "y[0xf1][0xcf][0xcf]v[0xe6][0xa8]\[0xee]<[0x1c][0xcd]E[0x9f]a[0x85]N[0x18][0x19]7l[0xd7]%RrSs6[0xf2]7[0x0][0x0][0x0][0xff][0xff][0xec]][0xc9]o[0xdb][0xd8][0x19][0xff]W[0x8]_[0x9a][0x1]lC[0x92][0xa9][0xed][0xe8][0x92][0x86][0x17]%[0xb1][0xeb]e[0xd2][0xb8][0xe8][0x81][0x92][0x8][0x8b][0x96]D[0xaa][0x14]i[0xc3]>y[0xe9]Lg[0xd0][0x4][0xe8][0x6][0xb4][0x18][0x14]-\4[0x8d]=I[0x9a][0xb8][0x9e][0xc1]d[0x9b][0x99][0x83][0x94][0x1e][0xe6] [0x9f]\[0xa4][0xe8][0xc5][0x1d][0x17][0xbd][0xce][0xbf]P[0xbc][0x85][0xe4][0xf7][0x16]j[0x19]e[0xb2][0xa1]@[0x80][0x98][0x8f][0xe4][0xe3]{[0xa4][0xbe][0xdf]{[0xdf][0xf6][0xfb][0xa0][0xb4][0x96]Di[0xd5][0x4]i[0xd5][\n]"
18:24:15.759 [main] DEBUG org.apache.http.wire - http-outgoing-1 << "}H+N[0xcf][0x88]~[0xea][0xbc][0xa0]j[0xbc][0xa0][0xa2]<[0xd6][0xf8][0xb1][0xd2]&iB[0xfc]pR[0x9c]N3[0xaa]B2[0x85]J[0x8a]e[0xc2][0xd2][0xe1][0xac][0xc][0xe3][0xf1][0x89]$[0x1c]j?\k[0x13][0xbd][0x4]8v[0xf2][0xbc][0x1c]g[0xde]P9.8U[0xa7])u[0xb9][0xe0][0xa9];[\n]"
18:24:15.759 [main] DEBUG org.apache.http.wire - http-outgoing-1 << "9[0xa2]o[0x80]s[0xc0][0xa0]K"a>[0xc1][0xff][0x1e]}[0xf3][0xf4][0x3][0x9c][0xe3][0xf2][0x14][0xd7][0xdb]9[0xb9][0xd8]{[0xf0][0xcd][0xd3][0xf][0xa5][0xfe][0x18][0xfc][0x4][0x13][0xf4][\r][0x1d]3[0xb4]o[0xe0][0x97]A[0xb9][0xf7]A3[0x91]qt 8f[0xd0][0x84][0x9c][0x8d]x[0x1a][0xc][0xcc][0xa9]s[0x84]x[0xc8][0xfa][0x97][0xef]Ru@[0xf9][0xae]9[0xf5]b\dwI[0xa4]9[0xd4][0x4][0x9a]CM^[0xfd][0x8b]O!q[0xd6][0x1c][0xf]G[0xb6][0x8][0xc2]<[0xcf][0xab][0xf7][0xd1][0x98]8[\r]?81[0xa4][0x92][0xaf][0xe6][0xb2][0xe9]|>[0x9d]cr[0xd4][0x91][0x8a]/[0xc4]y[0xd2][0x7][0xc2][0xb4]T5[0x99]Us@[0xcb]O[0xcb][0xc2]<e[0xe]RJn;[0xa5][0xad][0xe0]=[0xed][0xd5][0x90]]U[0xc6][0xa8][\n]"
18:24:15.759 [main] DEBUG org.apache.http.wire - http-outgoing-1 << "[0xde][0x1]'[0xbf]][0xaa]bh[0xf3]P[0xd1][0xf][0xc6][0xfe]z[0xa8][0xfa][0x5][0xa7][0xe6][0xd7][0x8b] [0xf1][0x14][0xcc][0x90]lf[0xc9][0xb1][0x9][0xa5]t[0xff][0x1e][0xe][0xdc][0xfe]5[0x8c][0xda][0x8e]n+[0xd2][0xdb]Z[0x9f][0xd0][0x86][0x86][0xc7]5P[0xd9][0xb][0xef][0xa0]b[0x87]G[0xb2][0xe]B"0'[0xe0][0xe1]@[0xe4]2%[0xe7][0xff]F[0x81]Wi[0x14]`[0xeb]liN[0xdd]q[0x9d][0xb8][0x90][\r]1Z[0xbd] F[0xab][0xcf]_[0x91][0x96][0xad][0xe0][0xd2][0xec][0xaf][0xa0][0xa2][0x15]2g2[0xee]1|[0xf7]d;[0x12][0x8c][0x89]4[0x97][0xf1]:TG[0xb4]m[0xa8][0xad][0xbc]m[0xd5][0xb1][0x5][0xb6][0x80][0xda]H[0x97]c[0xb3][0x9e]g[0xfd][0xfb][0xe1][0xad][0xf6]nY1jc?[0xf0][0xeb][0xbe][0xdb][0xbe]3df\.[0x91]I[0xa6]'[0xb8]]J[0x92]*[0x19][0xa3][0xaa][0xca][0xd7][\n]"
18:24:15.759 [main] DEBUG org.apache.http.wire - http-outgoing-1 << "[0xc7]cd[0x12]\2[0xc0][0xaa][0x99]Q[0xe5][0xde][0xe6][0x89][0x9e]*F8O[0x1e][0xd0][0xe2][0xe3]I[0xb]W[0xa0][0x3][0x4][0xdf][0xff]mR[0xe1]^[0x80][0xa7][0xe2]eD[0x95][0x6]?[0x13][0x97][0xfc]$ T[0xa2]/[0xd2][0x8c][0x90]2[0xf8][0x11]E@[0xf9][0xa7][0x8b][0xfd]{[0x11]D[0xa2][0xf3][0x11]@[0x6]W7<[0xe6][0x90][0x82]c[0xf0]$[0x8a][0x8d][0xf4][0x1b][0x5][0xc0][0xf8][0x1][0xae]6|<[0x0],[0xd6][0xdf][0x1e][0x97][0x8][0x83][0xb2][0x93][0x97][0xd9][0xdf][0x8c]r[0xd9]4[0xd6][0xfc][0xbe]P[0xfc][0xf9]][0x1c][0xef][0xff][0xe8][0xf9][0x11][0x19][0xed]}TrQ[0xe1]~b[0xa3]#s[0xed][0xdd][0xba][0xf5][0xd5][0x13][0xc3]S[0x8c][0xf2][0x98][0xee]o[0x1a]5[0x4][0x2]_=AOk[0xdf][0xd9]2*[0xb8][0xfe][\r]z([0x82][0x18]<[0x6][0xca]{[0xc5]"#[0x9b][0xc8][0xe3][0x90][0xd8][0x5][0xd9][0xee]N[0xa4][0x1f][0xd1][0xa6]E\[0x9c][0x96][0x92]X[0xa7][0x4]J[0xfe][0xed]mc[0xc3][0xaa][0xd5][0xa4][0x86][0x15][0xd4][0x7][0x1e][0xc9][0x18][0xbc]p[0xb8]([0x9a][0xac][0x9a][0xe4][0x98][0xad][0x91][0x81]2)[0xd8]2[0xd1]ckL=g[0x95][0xad][0xda][0xa3]f[0xfb][0xe][0xa0][0x99][0x9c]F[0x9b]U[0xe8][0xfb]%a4(S[0x87][0xc7];>C[0x89]~[0x8][0x1e][0xfd][0xde]T[0xf7]o[0x8d][0xd3][0xf1]j[0x16][0xc8][0x9][0xbe][0x8c]([0x8f]D[0xd6][0x2][0xd4][0xdc]:[0xa8][0x19][0xdd][0xb6][0x89][0xe4]-Q[0xdc]#[0x7][0x14][0xf5][0xc8]A[0x84]y'[0x17]{[0x9f][0x8][0xf1]-[0xc1]eExO[0x3][0x9e][0xa1][0xb8]g[0xaf]9[0xca][0x8f][0xc2][0xa8][0x94][0x1f]G[0x8]H[0x9f]I[0x1][0xf0]}T[0xdb]k[0x0][0xf8][{+=[0xc2][0xd3][0xf3][0x2][0xa6]([0x97]t[0xb3][0xee][0x94]P[0xc9][0x8c][0x12][0xe3][0xe3][0xf0]*f[0xc]ebI[0xc]A[0xd1]t[0x11]p[0xa4]!(*[0xc7]{V[0xb0][0xec]&b[0xba][0x92][0xa1][\r][0xea]@_[0xc]%[0x8e][0x0][0xf][0xb8]A_[0xd4][0x86][0xc3][0x9e]\:[0x91][0xca][0xb0][0xe0][0x93][0x90][0xd1][0x1a][0x89][0xd8][0x93][0x9a]P[0xd5]\:[0xd7]gA[0xa0][0xd1]X[0xe6][0x1][0x2]D[0x84][0xbe]![0x0][0xa2][0xe9][0x90][0x8b][0x80][0xc4][0xf3]!F[0x82][0xd1][0x91][0x15][0x1c][0x90][0x82]J[0x8c]u[0x5][0xa8][0xd6][0x11][0xfd][0x98][0xdd][0xe1]*[0xd7]E[0xfb][0xd4][0x99][0xcd][0x1a][0x9d][0xf9][0x9b][0xc]Rl_U.D[0xb0][0xea]@[0x12][0x4]G[0x12]"X[0xb0][0xaa][0xb8][0x99][0x8f]5[0xdc][0xe4][0x14][0xec]M[0xa8]`o[0x1a][0xd4]s[0xcd]u[0xd5][0xa4]'[0xf8][0x19]"
18:24:15.759 [main] DEBUG org.apache.http.wire - http-outgoing-1 << "r%[0xab]k>([0xa6]t[0xd9]/[0x1a]c[0x5][0xc3]3[0xec]5a[0x9a][0xcb][0xcd][0x8a]U[0xf3][0x8b][0xbd][0xb0][0x18][0x8b][0xf9]8[0x12]pL[0x84][0x1a][0xe1][0xb2]r[0x9][0xb5])[0xe8][0xec];[0xc]F+[0x97][0xd0][0xf]k[0x1c][0xff][0xa4][0xf0])[0x16][0xb1][0xff][0xfb][0xe0][0x97][0xff]y[0xf8]D[0x8e][0xdb]\[0x9f]$ QW[0x18][0x18][0x7][0xc7][0x10][0xc9][0xf5]E[0x8d][0xc5][0xf0]Q[0xd4][0x8d]Su[\r]y[0x1e][0x4][0x13]][0xf8]-p[0xfe][0xed][0x8c][0xfc][0x99][0xd7]Y[0x9c]w[0xaa]=,[0xfe]U[0x11][0xd1][0xb]"[0xa2]K-[0xfe]9n[0xb]9[0xb9]a[0xb8][0xbe][0x14][0xcf][0xb1]s[0xf8][0xd9][0x9d][0xaa][0xa5]|[0xaf][0xbd]c[0xb9][0x86]m[0xf5]a[0xc1]_pj[[0xb6])[0xf1][0x83][0xe7][0x92][0xec][0xae]1[0x95][0x1c]O[0x5]5[0xdc][0xc6][0x92][0xe9][0xfc]xV[0xea][0x80][0x8b][0xde][0x5][0xb0][0xdd][0xa7]&2=s%[0x8][0xf5][0xf][0xe3]=[0xf3][0xa2]y[0xcc][0xed]R[0xdd]m[0x15]X[0xec][0x81][0x97][0xa2][0x17]?[0xa5]V[0x80][0x19][0x16][0xe0][0xe9][0xaf][0x89][0xad][0x1f][\r]In[0xea]'[0xae]0h[0xd9][0xc7]-[0x91][0x97]n[0xff]b[0xef][0xbe][0xdc][0x86][0x8f]/d[0xc][0xf7][0xb8][0x5][0xe6]S[0x90][0x16][0x8a]+N[0x95][0xb7][0xd8][0xa3]6g[0xc3]A[0x6][0xfb][0xf6][0xcd]u3[0xd6]d?[0x0][0x8e][0xf4]6[0xd7]#[0xf1]a[0x84][0xb2][0xe9][0x19][0xca]"[0xd9][0x94][0xc8]DR[0xac][0xb3][0xa6][0x9]u[0xd6][0xb4]E[0x19][0xef]S:![0x6][0xe5])sNSN[0xce][0xb0]([0x98][0xed][0xc1][0xc0]x[0xc3]}x[0xaa][0x9f][0x8c][0xa6]@[0xd5][0x89]1[0xde][0xe7][0x13][0x13]Y&[0xb1][0x11][0xc7][0xe7][0xe5][0x84][0xc4][0xc6][0xf0][0xa1][0xb0][0xa2]u[0x12]j~[0xe9][0x84][0xbc][0xa0]ZFR[0xaf]uV[0xa3]f{Qx[0xc1][0xbc]y[0xd1][0x8d][0xd7][0xee]4[0xcc]R)|T[)9[0xb5][0xd6][0x9][0x13][0x82][0xf2][0xf5][0xde][0xc1]+[0x89][0xce][0x83][0x13][0xa3][0xb]?h[0xa1]+>h[0x89][0xbc]k[0x8f].[0xf6][0xbe]$[0x9][0x8][0xd1][0xfa][0xe].,[\n]"
18:24:15.759 [main] DEBUG org.apache.http.wire - http-outgoing-1 << "[0xb7]6[0x84]k[0xa8][0x10][0x82][0x16][0xba][0xb6]7=[0xc3]e[0x12][0x1a][0x11]7[0x1c]"[0x8c][0x1c][0x98][0xe1][0xb9][0xe4][0xf6]C[0xde][0xa4]M[0xce].I[0xf4][0xf0][0xc0]6=k{[0xe6][0x9a]K[0xd8]X[0x96][0xb6][0x9a][0x9e]Y[0x97][0x99][0xd8][0x97]f[0x9][0xb5][0x0][0xbb][0xc6]/Y[0xe8]z,"5#[0xe8][0xa9][0x84]Wl[0x9a][0x2][0x12][0xd8][0xcd]G[0xd9]uzQc [0x81][0x94][0xf][0x97][0xe3]AE[0xc4][0x83][0x19][0x1][0xf]H[0xbd]v[0xb1][0xe0]=[0x17][0xf7][0xbf]j[0xac][0xb9]fQ[0x2][0x6][0xb8][0xc7][0x19]R[0xad][0xdc][0xe0]q![0x1c]][0xc4][0x7][0x17]^:d[0xa1]{5[0x99]Od2L[0xa1][0xfb]td[0xdb]N[0xa6][0xf9]d[0xc7][0xa8][0xce]:[0xc5][0x83]L:[0xcf]R[0xbf]e[0xfb][0xb4][0x4][0xa1][0xc2][0xd9][0xa3]#3+W[0x99]:[0xf7][0xa3]#K[0xef][0x8a][0x8][0x1]^[0xc][0x87][0xf][0xf9][0xf8][0x8a]=3[0x8b][0x5][0xb1]@[0xbc]R[0xf5]m[0xa6][0x8a]s[0xd5][0xee][0x8e][0xc]/[0xa4][0xec]|[0xac][0x82][0x80][0xef][0x7]vj[0xd7]1J[0xc0][0xa3]GN3[0xab][0xf3]=[0x9c][0x9c][0xb4][0xb][0x1d]z[0xae]cl[0x3][0x9e][0xeb][0xb4][0xe]J[0xc0][0x9d][0x17][0x1d][0x93]|g[0xdc]i[0x94][0xec][0xc][0xde]m[0x0][0x7][0xc7][0xa8][0x0][0xf3][0xf3][0x93][0x1]"|+[0xee][0xc6][0xcb][0xe4][0x8f][0xd5][0x16]Ys[\n]"
18:24:15.759 [main] DEBUG org.apache.http.wire - http-outgoing-1 << "[0xd2][0xc2][0xe4]k[0xb9]/[0xae][0xe5]+[0xc2]Z[0xbe]"+G[0x93][0xe6][0xec]%3[0x6]-U-[0xac][0xe3]+[0xbc][0xbc][0x92][0xe1]p+8j[0x1c][0xaa][0x8e]Dj"[0x9f]H@[0x86][0xb5]T[0x92]&$s[0xcb][0xb6]_[0x84][0xce][0xa7]D>[0x97]{1[0xf9][0xc8]dZ[0xbc][0x0]v[0x9][0x9b]_[0x81][0xb]4[0x1a][0x95]Rr[0xec][\r][0xd3][0xf5][0xac]b[0xcd][0x94]y[0xd5][0xc1][0xfe]ze[0x81][0xbf][0xf7][0xf5][0xf0][0xc2][0x93][0x97]@[0xa4][0x95][0xfc]MD[0x95][0xfc]M[0xe5][0xf4][0xde][0xc5][0xfe]-[0x1c][0x15][0xf3][0x8b]PH[0xc9][0xf9]"[0xb8][0xb6][0x1][0xda][0xc9]ZM[0xfe]&[0xab]4[0xed];[0xf0]"=?[0x1c]dY[0xf6]{[0xd7]mA?zF[0x84]\[0xa3]u[0xdb][0x88]stl[0x8a]btM[0x14][0xa3]k21[0xca]s[0xe][0xe0]k[0xc8]sQG[0xf5]5d[0xb2][0x84][0xba]@c)[0xe1][0xa1][0x14]Zs[0x9b][0x98][0xa6]Y[0xc3][0x93]$![0xa5][0xd1]P/#M[\r][0x1c]/[0x18]VS[0x9]n[0x1a]F[0xd8][0xd2]j[0x8e]-[0xda][0x92][0x1a]O[0xa2]U1;:[0x96][0xc9][0x8d][0xe7][0xc5][0xd0]4[0xdd][0xf7][0xb0]U[0x8d][0xb2][0xa8][0xea][0x8b]([0xb][0x5]f[0xc6][0x15][0xaa][0x9b][0x88]_[0xf6]&q[0xc8]w[0xa8][0xd1]"[0x8]%[0x8a][0xe9][0xa4][0xed][0xa1]Wo[0xd8][0xca][0x9a]o[0xd5][0x88][0x12][0x1e][\n]"
18:24:15.759 [main] DEBUG org.apache.http.wire - http-outgoing-1 << "[0xd3][0xdf][0xd5][0xa3]zy[0x8d][0xab][0xb]^+GO[0x9]&[0xcf]U[0x8e]([0xd3]'[0xf3][0x16]7,[0x88][0x90]O[0xc4][0x0]v[0xc0]K[0xd4][0x15][0xff][0x8e][0xb2][0xe0][0xdb][0xeb]FQ0[0xe4][0x9d][0x1f]~|~[0xf4][0xe0][0xfc][0xf0][0xf7][0xe7][0x87]_[0x9c][0x1f][0xde]=?[0xda][0xe1][0xfb][0xff]n[0x14][0xea][0xe8][[0xa0][0xb7]Ck[0xa6][0xb8][0xec][0x99][0xf5][0xb0][0xae]![0x15][0xfa][0xf0]L[0x91][0xbb][0xb2][0xc1][0x9d][0xa7][0x0][0x10][0x1e]suY0[0x4][0x1c][0xe3]}[0xfa][0xed][0xe7][0x19][0xc4][0xce][0xe6]o[0xe][0x16][0xce][0xb6][0xd5]p[0xfd]8[[0x95][0xc8][0xdc][0xa1]I[0x98];[0x16][0xa4][0xd5][0x16][0xb8]h[0xb6][0xab]V[0xc9]i[0xca][0xb9]~[0xae]c[0xc1][0xff][0xbc]AB?[\n]"
18:24:15.759 [main] DEBUG org.apache.http.wire - http-outgoing-1 << "[0xed][0xe3][0xa2][0xdb]>n[0xf2]kl0[0xce][0xce]G[0xa7][0xef][0x9d][0xee][0x9c][0xee]v[0x1e]u[0x8e];[0x8f];U:[0xbf][0xe9]|[0xd6]y[0xda][0xf9][0xb2][0xf3][0xf8]t[0xb7]s|[0xfa][0xd3][0xce][0xfd][0xce]1[0xe8]G[0xd1][0xfc]z[0xc5]w[0xad]-[0xd3][0xb3][0x86][0xdd]<[0xe7]T.k[0x16][0x87][0x92]#[0xe2][0x1f]vA[0xde]j[0xb8][0x96][0xe3]E[0xc9] [0xa9][0xde]U[0xe3][0xe4]u[0x19][0xbe]/f[0xb3]u>:[0xbd][0x89][0xe7][0xff][0xe5][0xe9][0x9e]du[0x8e][0x8f]U[0x9d]ZYdwc[0xac][0xc2]|[0xb7][0xc7][0xea][0xca][0xe1][0x81]Y[0x3]|[0xeb][0xd3][0xae]iV[0x95]Ku[0xa7][0x8c][0x4][0x99][0x17][0xb5][0xce][0xa7][0x9d]'[0x9d]'[0x9d][0xcf]:[0x9f]w[0x1e]u[0x1e]w[0xee][0xf2][0xe2][0xeb]q;n[0xcf][0x7]tC[0xcb][0x88][0xea]\[0x14][0xdf][0xe5][0xd6]S[0xb7][0xda][0xba]m[0xf2]}U[0xb6][0xb8][0xdd][0xfb][0x96][0x9][0x83][0x10][0xea][0xa6]-[0xd9][0xbd][0x9f][0xed][0x9c][0x1d][0x9c]}zv[0xeb][0x1f];g[0xb7][0xce][0xba]q[0x12]l5L[0xd7][0x6][0x89]%[\r][0x17][0xa4][0xdf]m[0x91][0xa3]hG[0xf0]"
18:24:15.759 [main] DEBUG org.apache.http.wire - http-outgoing-1 << "[[0xbc]y[0x14]%[0x98]4\[0x7]d[0x98][0x90][0xcb][0x83][0x14][0x13]rDP![0xf8][0xa9][0x13][0xb][0x9a][0xd5][0xc0][0xd6]EZ[0x8c][0x17][0xd7]5[0x1f] [0xba]u[0xab][0xf1]R[0xf7][0xe9][0xd7][0x17][0x18]p[0xd9]6K[0x95]^[0xc4]%[0xdb]"[0xc8][0xac][\n]"
18:24:15.759 [main] DEBUG org.apache.http.wire - http-outgoing-1 << " [0xb3]:%[0x1][0x19]5[0x95][0x10][0xe8][0xc4]H[0x80][0x89][0x80]1[0xa8][0xc7][0xf6][\r][0xb3]Ym[0x1d](.[0xf0]l[0xe0]6g[0xc8][0x9a]-[0xc9]D:[0x9d]K[0xa7][0x98][0xa2]-[0xf9][0xf1]lZ[0xa2]N[0xa3][0x17][0x12][0xe5][0xbf][0xe6]r[0xb0]rS*#O[0x11][0x93]EU[0xac][0xa0]B[0xe9]:[0xfe]n[0xb]8[0x9a]x[0xe9][0xdd][0x82][0x0][0x15][0xb2][0x9][0xb3]x[0x91]JL[0xc4][0xef][0xe6]W[0xa1]:[0x8d][0xbf]d[0xd5]q9m[0xba][0xd0][0xbe][0xd9][0x1d]7J[0xdc][0xae][0xbc]D"[0xa9]@[0xaf][0xbc]4[0xb6]o[0x9a][0xcf][0xe]<[0x94]Z[0xc5]{[0x1][0xab][0xdc][0x6][0xbf]V[0x5][0x1b][0xfc][0x9a][0xb3]aT[0xf9][0xbe][0x9a]5g[0xc3][0xb4][0xdb]7qo[0xdd]r[0xe7][0xcd]R[0xa5]7[0xc7]H[0xc5],I[0xa9]E[0xbc]R[0xa5]u[0xf8][0x13][0xdf][0x84][0xd9][0xb7]{[0xb7]/[0xf6]N[0xa4][0x14]"%[0x19]s[0xc8]r[0x89]v.[0x10][0x86][0xd0][0xf6] [0xf][0x1f][\r]4[0xd2][0xe5][0xdb]7[0xcc]g[0x7]q.[0xba][0xf7][0x7]1[0xab]o[0x9b]/[0x15]'V[0xa7] N[0xe8][0xa6]]7[0xdc][0xaa][0x1c] [0xca][0xa2][0xc7]L[0x17]<f[0xfa]U[0x99][0xc7][0x8c]g[0xf][0xd3][0x9c][0x86]iW[0x8c]5SF[0x1e][0x86];[0xd5][0x8d]`$[0x80]5=[0x1a][0x1e][0xf2][0x93][0x9a][0xae][0xb5]fzJpeO[0xe8][0x8][0xb9]O[0xa5][0xd8][0x91][0xce]&[0xb3][0x9][0xa6]4m[0x1a][0x13]([0xf3]J[0xbe][0x1e][0xe8][0xaf]T[0xe1][0x98]H@3\J[0x95]A[0x7]Ob[0x1a][0xfd][0x1d][0xc5]J[0x4][0x11][0x13][0x12][0x90]A[0xf0][0xc2]CJ[0xf4]~x [0x89][0xb7][0xdb][0xeb][0x5][0x0]$d[0x1e]J[0xd5]u[0xb0][0xff]52[0xcb][0xf5][0x88]q(s:D[0x19][0xea][0x10][0xba]T[0xb9]/#[0xe][0xaf]x[0xb1][0xd7][[0xb6]M:[0x19],[0xea][0xba]e#Z[0xe2]H[0xc6]u#[0xbc][0x80][0xca][0xf5][0xcf]pt[0xfd][0x1f]pu[0xc7][0xfb][0x81]t[0xa3][0xa7][0x7][0xf7]a[0xb9][0x86][0x1d]ay[0x86][\r]X[0x90]u[0x93][0xf4][0x1c]9[0xca]t4[0xd8]H[0x90][0xef]#[0xaa][0xd2][0xbe][0x87]L[0xf4][0x3]Hq[0xd9][0xae][0xbe]L)[0xd6][0xa7][0x98][0x4]U}[0xdd]*:[0xbe][0x17]S][0xa5][0xbc].[0x8a][0xf1][0x9c] [0xc6]s[0xf2][0xea]*[0x9c]i[0xe]<I[0x90]b[0xd4][0xe7][0x9c]Q[0xf4][0xc9][0xe9][0xe9][0xf0]/[0xa8]L[0x80][0xfb][0x99][0x90][0x1e][0x13][0x9e][0xa1][0xb7]V[0x94][0x95]z[0xdd][0xf7]m[0x7][0xf7][[0xaf][0xf8]H[0x97]0[0xca]eC[0x9][0x9e]2\[0xb0]y>[0x91][0xe0][0x98]x[0x90][0x95]O[0xe5]u[\n]"
18:24:15.759 [main] DEBUG org.apache.http.wire - http-outgoing-1 << "8e[0xea]HO1![0x99][0x9][0xf9][0xe6]A[0x8c]2[0x1f][0x99][0xc2][0xae][0xcc][0xa9]ed[0x8e]_[0x9a][0x17][0xf3][0xc2][0xc1][0xa3]8![0xef][0x92][0xd1][0xaa][0xcf][0x81]X[0xa6][0xa0][0x87]W][0x85][0xe5];$[0xdc][0xd1][0x9b][0xa5][0x8a]U$o[0x9][0xa3][0xc7][0xf5][0xe0][0x88]@G[0xf4][0xe][0xa9]B[0xf0][0x10][0xd7]c[0xd9][\r]@c:[0xb8][0xbc][0x18]\N[0xe][0x9]^[0x84][0x87]6[0xf7]s'X[0xf1][0xec][0x8b][0xf0]ad[0xd9][0xff][0xd7][\r]\F[0xe1][0xe3][0x1],[0xf8][0xe5][0xf5][0xb7][0xa8][0xe][0xcb][0x1b][0x19]w[0x8e][0xc0][0xe][0xc2][0xa7]S[0xb7][0xec][0xd8] [0x85][0xb2][0x98][0x92][0xa3][0xb])9[0xfa][0x15]YA[0xbc]d6[0xc3][0x19]c[0x16][0x9d][0xa6]i[0xc8][0x8a][0xe1][0xe1].[0xc9]@[0xc8]~[0xf6][0x9a]a}[0xbd][0xf3];[0xcf]W[0xaa]~[0xd1][0xc7]Av[0x9a]S[0xaf];[0xf6][0xa6]i[0xd4][0xbc][\n]"
[...]
tes"]}],"cioc":"TUN"},{"name":"Turkey","topLevelDomain":[".tr"],"alpha2Code":"TR","alpha3Code":"TUR","callingCodes":["90"],"capital":"Ankara","altSpellings":["TR","Turkiye","Republic of Turkey","Türkiye Cumhuriyeti"],"region":"Asia","subregion":"Western Asia","population":78741053,"latlng":[39.0,35.0],"demonym":"Turkish","area":783562.0,"gini":39.0,"timezones":["UTC+03:00"],"borders":["ARM","AZE","BGR","GEO","GRC","IRN","IRQ","SYR"],"nativeName":"Türkiye","numericCode":"792","currencies":[{"code":"TRY","name":"Turkish lira","symbol":null}],"languages":[{"iso639_1":"tr","iso639_2":"tur","name":"Turkish","nativeName":"Türkçe"}],"translations":{"de":"Türkei","es":"Turquía","fr":"Turquie","ja":"???","it":"Turchia","br":"Turquia","pt":"Turquia","nl":"Turkije","hr":"Turska","fa":"?????"},"flag":"https://restcountries.eu/data/tur.svg","regionalBlocs":[],"cioc":"TUR"},{"name":"Turkmenistan","topLevelDomain":[".tm"],"alpha2Code":"TM","alpha3Code":"TKM","callingCodes":["993"],"capital":"Ashgabat","altSpellings":["TM"],"region":"Asia","subregion":"Central Asia","population":4751120,"latlng":[40.0,60.0],"demonym":"Turkmen","area":488100.0,"gini":40.8,"timezones":["UTC+05:00"],"borders":["AFG","IRN","KAZ","UZB"],"nativeName":"Türkmenistan","numericCode":"795","currencies":[{"code":"TMT","name":"Turkmenistan manat","symbol":"m"}],"languages":[{"iso639_1":"tk","iso639_2":"tuk","name":"Turkmen","nativeName":"Türkmen"},{"iso639_1":"ru","iso639_2":"rus","name":"Russian","nativeName":"???????"}],"translations":{"de":"Turkmenistan","es":"Turkmenistán","fr":"Turkménistan","ja":"????????","it":"Turkmenistan","br":"Turcomenistão","pt":"Turquemenistão","nl":"Turkmenistan","hr":"Turkmenistan","fa":"?????????"},"flag":"https://restcountries.eu/data/tkm.svg","regionalBlocs":[],"cioc":"TKM"},{"name":"Turks and Caicos Islands","topLevelDomain":[".tc"],"alpha2Code":"TC","alpha3Code":"TCA","callingCodes":["1649"],"capital":"Cockburn Town","altSpellings":["TC"],"region":"Americas","subregion":"Caribbean","population":31458,"latlng":[21.75,-71.58333333],"demonym":"Turks and Caicos Islander","area":948.0,"gini":null,"timezones":["UTC-04:00"],"borders":[],"nativeName":"Turks and Caicos Islands","numericCode":"796","currencies":[{"code":"USD","name":"United States dollar","symbol":"$"}],"languages":[{"iso639_1":"en","iso639_2":"eng","name":"English","nativeName":"English"}],"translations":{"de":"Turks- und Caicosinseln","es":"Islas Turks y Caicos","fr":"Îles Turques-et-Caïques","ja":"???????????","it":"Isole Turks e Caicos","br":"Ilhas Turcas e Caicos","pt":"Ilhas Turcas e Caicos","nl":"Turks- en Caicoseilanden","hr":"Otoci Turks i Caicos","fa":"????? ????? ? ??????"},"flag":"https://restcountries.eu/data/tca.svg","regionalBlocs":[],"cioc":""},{"name":"Tuvalu","topLevelDomain":[".tv"],"alpha2Code":"TV","alpha3Code":"TUV","callingCodes":["688"],"capital":"Funafuti","altSpellings":["TV"],"region":"Oceania","subregion":"Polynesia","population":10640,"latlng":[-8.0,178.0],"demonym":"Tuvaluan","area":26.0,"gini":null,"timezones":["UTC+12:00"],"borders":[],"nativeName":"Tuvalu","numericCode":"798","currencies":[{"code":"AUD","name":"Australian dollar","symbol":"$"},{"code":"TVD[G]","name":"Tuvaluan dollar","symbol":"$"}],"languages":[{"iso639_1":"en","iso639_2":"eng","name":"English","nativeName":"English"}],"translations":{"de":"Tuvalu","es":"Tuvalu","fr":"Tuvalu","ja":"???","it":"Tuvalu","br":"Tuvalu","pt":"Tuvalu","nl":"Tuvalu","hr":"Tuvalu","fa":"??????"},"flag":"https://restcountries.eu/data/tuv.svg","regionalBlocs":[],"cioc":"TUV"},{"name":"Uganda","topLevelDomain":[".ug"],"alpha2Code":"UG","alpha3Code":"UGA","callingCodes":["256"],"capital":"Kampala","altSpellings":["UG","Republic of Uganda","Jamhuri ya Uganda"],"region":"Africa","subregion":"Eastern Africa","population":33860700,"latlng":[1.0,32.0],"demonym":"Ugandan","area":241550.0,"gini":44.3,"timezones":["UTC+03:00"],"borders":["COD","KEN","RWA","SSD","TZA"],"nativeName":"Uganda","numericCode":"800","currencies":[{"code":"UGX","name":"Ugandan shilling","symbol":"Sh"}],"languages":[{"iso639_1":"en","iso639_2":"eng","name":"English","nativeName":"English"},{"iso639_1":"sw","iso639_2":"swa","name":"Swahili","nativeName":"Kiswahili"}],"translations":{"de":"Uganda","es":"Uganda","fr":"Uganda","ja":"????","it":"Uganda","br":"Uganda","pt":"Uganda","nl":"Oeganda","hr":"Uganda","fa":"???????"},"flag":"https://restcountries.eu/data/uga.svg","regionalBlocs":[{"acronym":"AU","name":"African Union","otherAcronyms":[],"otherNames":["??????? ????????","Union africaine","União Africana","Unión Africana","Umoja wa Afrika"]}],"cioc":"UGA"},{"name":"Ukraine","topLevelDomain":[".ua"],"alpha2Code":"UA","alpha3Code":"UKR","callingCodes":["380"],"capital":"Kiev","altSpellings":["UA","Ukrayina"],"region":"Europe","subregion":"Eastern Europe","population":42692393,"latlng":[49.0,32.0],"demonym":"Ukrainian","area":603700.0,"gini":26.4,"timezones":["UTC+02:00"],"borders":["BLR","HUN","MDA","POL","ROU","RUS","SVK"],"nativeName":"???????","numericCode":"804","currencies":[{"code":"UAH","name":"Ukrainian hryvnia","symbol":"?"}],"languages":[{"iso639_1":"uk","iso639_2":"ukr","name":"Ukrainian","nativeName":"??????????"}],"translations":{"de":"Ukraine","es":"Ucrania","fr":"Ukraine","ja":"?????","it":"Ucraina","br":"Ucrânia","pt":"Ucrânia","nl":"Oekraïne","hr":"Ukrajina","fa":"??????"},"flag":"https://restcountries.eu/data/ukr.svg","regionalBlocs":[],"cioc":"UKR"},{"name":"United Arab Emirates","topLevelDomain":[".ae"],"alpha2Code":"AE","alpha3Code":"ARE","callingCodes":["971"],"capital":"Abu Dhabi","altSpellings":["AE","UAE"],"region":"Asia","subregion":"Western Asia","population":9856000,"latlng":[24.0,54.0],"demonym":"Emirati","area":83600.0,"gini":null,"timezones":["UTC+04"],"borders":["OMN","SAU"],"nativeName":"???? ???????? ??????? ???????","numericCode":"784","currencies":[{"code":"AED","name":"United Arab Emirates dirham","symbol":"?.?"}],"languages":[{"iso639_1":"ar","iso639_2":"ara","name":"Arabic","nativeName":"???????"}],"translations":{"de":"Vereinigte Arabische Emirate","es":"Emiratos Árabes Unidos","fr":"Émirats arabes unis","ja":"????????","it":"Emirati Arabi Uniti","br":"Emirados árabes Unidos","pt":"Emirados árabes Unidos","nl":"Verenigde Arabische Emiraten","hr":"Ujedinjeni Arapski Emirati","fa":"?????? ????? ????"},"flag":"https://restcountries.eu/data/are.svg","regionalBlocs":[{"acronym":"AL","name":"Arab League","otherAcronyms":[],"otherNames":["????? ????? ???????","J?mi?at ad-Duwal al-?Arab?yah","League of Arab States"]}],"cioc":"UAE"},{"name":"United Kingdom of Great Britain and Northern Ireland","topLevelDomain":[".uk"],"alpha2Code":"GB","alpha3Code":"GBR","callingCodes":["44"],"capital":"London","altSpellings":["GB","UK","Great Britain"],"region":"Europe","subregion":"Northern Europe","population":65110000,"latlng":[54.0,-2.0],"demonym":"British","area":242900.0,"gini":34.0,"timezones":["UTC-08:00","UTC-05:00","UTC-04:00","UTC-03:00","UTC-02:00","UTC","UTC+01:00","UTC+02:00","UTC+06:00"],"borders":["IRL"],"nativeName":"United Kingdom","numericCode":"826","currencies":[{"code":"GBP","name":"British pound","symbol":"£"}],"languages":[{"iso639_1":"en","iso639_2":"eng","name":"English","nativeName":"English"}],"translations":{"de":"Vereinigtes Königreich","es":"Reino Unido","fr":"Royaume-Uni","ja":"????","it":"Regno Unito","br":"Reino Unido","pt":"Reino Unido","nl":"Verenigd Koninkrijk","hr":"Ujedinjeno Kraljevstvo","fa":"????????? ???? ? ?????? ?????"},"flag":"https://restcountries.eu/data/gbr.svg","regionalBlocs":[{"acronym":"EU","name":"European Union","otherAcronyms":[],"otherNames":[]}],"cioc":"GBR"},{"name":"United States of America","topLevelDomain":[".us"],"alpha2Code":"US","alpha3Code":"USA","callingCodes":["1"],"capital":"Washington, D.C.","altSpellings":["US","USA","United States of America"],"region":"Americas","subregion":"Northern America","population":323947000,"latlng":[38.0,-97.0],"demonym":"American","area":9629091.0,"gini":48.0,"timezones":["UTC-12:00","UTC-11:00","UTC-10:00","UTC-09:00","UTC-08:00","UTC-07:00","UTC-06:00","UTC-05:00","UTC-04:00","UTC+10:00","UTC+12:00"],"borders":["CAN","MEX"],"nativeName":"United States","numericCode":"840","currencies":[{"code":"USD","name":"United States dollar","symbol":"$"}],"languages":[{"iso639_1":"en","iso639_2":"eng","name":"English","nativeName":"English"}],"translations":{"de":"Vereinigte Staaten von Amerika","es":"Estados Unidos","fr":"États-Unis","ja":"???????","it":"Stati Uniti D'America","br":"Estados Unidos","pt":"Estados Unidos","nl":"Verenigde Staten","hr":"Sjedinjene Ameri?ke Države","fa":"?????? ????? ??????"},"flag":"https://restcountries.eu/data/usa.svg","regionalBlocs":[{"acronym":"NAFTA","name":"North American Free Trade Agreement","otherAcronyms":[],"otherNames":["Tratado de Libre Comercio de América del Norte","Accord de Libre-échange Nord-Américain"]}],"cioc":"USA"},{"name":"Uruguay","topLevelDomain":[".uy"],"alpha2Code":"UY","alpha3Code":"URY","callingCodes":["598"],"capital":"Montevideo","altSpellings":["UY","Oriental Republic of Uruguay","República Oriental del Uruguay"],"region":"Americas","subregion":"South America","population":3480222,"latlng":[-33.0,-56.0],"demonym":"Uruguayan","area":181034.0,"gini":39.7,"timezones":["UTC-03:00"],"borders":["ARG","BRA"],"nativeName":"Uruguay","numericCode":"858","currencies":[{"code":"UYU","name":"Uruguayan peso","symbol":"$"}],"languages":[{"iso639_1":"es","iso639_2":"spa","name":"Spanish","nativeName":"Español"}],"translations":{"de":"Uruguay","es":"Uruguay","fr":"Uruguay","ja":"?????","it":"Uruguay","br":"Uruguai","pt":"Uruguai","nl":"Uruguay","hr":"Urugvaj","fa":"???????"},"flag":"https://restcountries.eu/data/ury.svg","regionalBlocs":[{"acronym":"USAN","name":"Union of South American Nations","otherAcronyms":["UNASUR","UNASUL","UZAN"],"otherNames":["Unión de Naciones Suramericanas","União de Nações Sul-Americanas","Unie van Zuid-Amerikaanse Naties","South American Union"]}],"cioc":"URU"},{"name":"Uzbekistan","topLevelDomain":[".uz"],"alpha2Code":"UZ","alpha3Code":"UZB","callingCodes":["998"],"capital":"Tashkent","altSpellings":["UZ","Republic of Uzbekistan","O‘zbekiston Respublikasi","?????????? ????????????"],"region":"Asia","subregion":"Central Asia","population":31576400,"latlng":[41.0,64.0],"demonym":"Uzbekistani","area":447400.0,"gini":36.7,"timezones":["UTC+05:00"],"borders":["AFG","KAZ","KGZ","TJK","TKM"],"nativeName":"O‘zbekiston","numericCode":"860","currencies":[{"code":"UZS","name":"Uzbekistani so'm","symbol":null}],"languages":[{"iso639_1":"uz","iso639_2":"uzb","name":"Uzbek","nativeName":"O?zbek"},{"iso639_1":"ru","iso639_2":"rus","name":"Russian","nativeName":"???????"}],"translations":{"de":"Usbekistan","es":"Uzbekistán","fr":"Ouzbékistan","ja":"???????","it":"Uzbekistan","br":"Uzbequistão","pt":"Usbequistão","nl":"Oezbekistan","hr":"Uzbekistan","fa":"????????"},"flag":"https://restcountries.eu/data/uzb.svg","regionalBlocs":[],"cioc":"UZB"},{"name":"Vanuatu","topLevelDomain":[".vu"],"alpha2Code":"VU","alpha3Code":"VUT","callingCodes":["678"],"capital":"Port Vila","altSpellings":["VU","Republic of Vanuatu","Ripablik blong Vanuatu","République de Vanuatu"],"region":"Oceania","subregion":"Melanesia","population":277500,"latlng":[-16.0,167.0],"demonym":"Ni-Vanuatu","area":12189.0,"gini":null,"timezones":["UTC+11:00"],"borders":[],"nativeName":"Vanuatu","numericCode":"548","currencies":[{"code":"VUV","name":"Vanuatu vatu","symbol":"Vt"}],"languages":[{"iso639_1":"bi","iso639_2":"bis","name":"Bislama","nativeName":"Bislama"},{"iso639_1":"en","iso639_2":"eng","name":"English","nativeName":"English"},{"iso639_1":"fr","iso639_2":"fra","name":"French","nativeName":"français"}],"translations":{"de":"Vanuatu","es":"Vanuatu","fr":"Vanuatu","ja":"????","it":"Vanuatu","br":"Vanuatu","pt":"Vanuatu","nl":"Vanuatu","hr":"Vanuatu","fa":"???????"},"flag":"https://restcountries.eu/data/vut.svg","regionalBlocs":[],"cioc":"VAN"},{"name":"Venezuela (Bolivarian Republic of)","topLevelDomain":[".ve"],"alpha2Code":"VE","alpha3Code":"VEN","callingCodes":["58"],"capital":"Caracas","altSpellings":["VE","Bolivarian Republic of Venezuela","República Bolivariana de Venezuela"],"region":"Americas","subregion":"South America","population":31028700,"latlng":[8.0,-66.0],"demonym":"Venezuelan","area":916445.0,"gini":44.8,"timezones":["UTC-04:00"],"borders":["BRA","COL","GUY"],"nativeName":"Venezuela","numericCode":"862","currencies":[{"code":"VEF","name":"Venezuelan bolívar","symbol":"Bs F"}],"languages":[{"iso639_1":"es","iso639_2":"spa","name":"Spanish","nativeName":"Español"}],"translations":{"de":"Venezuela","es":"Venezuela","fr":"Venezuela","ja":"?????????????","it":"Venezuela","br":"Venezuela","pt":"Venezuela","nl":"Venezuela","hr":"Venezuela","fa":"???????"},"flag":"https://restcountries.eu/data/ven.svg","regionalBlocs":[{"acronym":"USAN","name":"Union of South American Nations","otherAcronyms":["UNASUR","UNASUL","UZAN"],"otherNames":["Unión de Naciones Suramericanas","União de Nações Sul-Americanas","Unie van Zuid-Amerikaanse Naties","South American Union"]}],"cioc":"VEN"},{"name":"Viet Nam","topLevelDomain":[".vn"],"alpha2Code":"VN","alpha3Code":"VNM","callingCodes":["84"],"capital":"Hanoi","altSpellings":["VN","Socialist Republic of Vietnam","C?ng hòa Xã h?i ch? ngh?a Vi?t Nam"],"region":"Asia","subregion":"South-Eastern Asia","population":92700000,"latlng":[16.16666666,107.83333333],"demonym":"Vietnamese","area":331212.0,"gini":35.6,"timezones":["UTC+07:00"],"borders":["KHM","CHN","LAO"],"nativeName":"Vi?t Nam","numericCode":"704","currencies":[{"code":"VND","name":"Vietnamese ??ng","symbol":"?"}],"languages":[{"iso639_1":"vi","iso639_2":"vie","name":"Vietnamese","nativeName":"Ti?ng Vi?t"}],"translations":{"de":"Vietnam","es":"Vietnam","fr":"Viêt Nam","ja":"????","it":"Vietnam","br":"Vietnã","pt":"Vietname","nl":"Vietnam","hr":"Vijetnam","fa":"??????"},"flag":"https://restcountries.eu/data/vnm.svg","regionalBlocs":[{"acronym":"ASEAN","name":"Association of Southeast Asian Nations","otherAcronyms":[],"otherNames":[]}],"cioc":"VIE"},{"name":"Wallis and Futuna","topLevelDomain":[".wf"],"alpha2Code":"WF","alpha3Code":"WLF","callingCodes":["681"],"capital":"Mata-Utu","altSpellings":["WF","Territory of the Wallis and Futuna Islands","Territoire des îles Wallis et Futuna"],"region":"Oceania","subregion":"Polynesia","population":11750,"latlng":[-13.3,-176.2],"demonym":"Wallis and Futuna Islander","area":142.0,"gini":null,"timezones":["UTC+12:00"],"borders":[],"nativeName":"Wallis et Futuna","numericCode":"876","currencies":[{"code":"XPF","name":"CFP franc","symbol":"Fr"}],"languages":[{"iso639_1":"fr","iso639_2":"fra","name":"French","nativeName":"français"}],"translations":{"de":"Wallis und Futuna","es":"Wallis y Futuna","fr":"Wallis-et-Futuna","ja":"????????","it":"Wallis e Futuna","br":"Wallis e Futuna","pt":"Wallis e Futuna","nl":"Wallis en Futuna","hr":"Wallis i Fortuna","fa":"????? ? ??????"},"flag":"https://restcountries.eu/data/wlf.svg","regionalBlocs":[],"cioc":""},{"name":"Western Sahara","topLevelDomain":[".eh"],"alpha2Code":"EH","alpha3Code":"ESH","callingCodes":["212"],"capital":"El Aaiún","altSpellings":["EH","Tane?roft Tutrimt"],"region":"Africa","subregion":"Northern Africa","population":510713,"latlng":[24.5,-13.0],"demonym":"Sahrawi","area":266000.0,"gini":null,"timezones":["UTC+00:00"],"borders":["DZA","MRT","MAR"],"nativeName":"??????? ???????","numericCode":"732","currencies":[{"code":"MAD","name":"Moroccan dirham","symbol":"?.?."},{"code":"DZD","name":"Algerian dinar","symbol":"?.?"}],"languages":[{"iso639_1":"es","iso639_2":"spa","name":"Spanish","nativeName":"Español"}],"translations":{"de":"Westsahara","es":"Sahara Occidental","fr":"Sahara Occidental","ja":"????","it":"Sahara Occidentale","br":"Saara Ocidental","pt":"Saara Ocidental","nl":"Westelijke Sahara","hr":"Zapadna Sahara","fa":"?????? ????????? ???? ????"},"flag":"https://restcountries.eu/data/esh.svg","regionalBlocs":[{"acronym":"AU","name":"African Union","otherAcronyms":[],"otherNames":["??????? ????????","Union africaine","União Africana","Unión Africana","Umoja wa Afrika"]}],"cioc":""},{"name":"Yemen","topLevelDomain":[".ye"],"alpha2Code":"YE","alpha3Code":"YEM","callingCodes":["967"],"capital":"Sana'a","altSpellings":["YE","Yemeni Republic","al-Jumh?riyyah al-Yamaniyyah"],"region":"Asia","subregion":"Western Asia","population":27478000,"latlng":[15.0,48.0],"demonym":"Yemeni","area":527968.0,"gini":37.7,"timezones":["UTC+03:00"],"borders":["OMN","SAU"],"nativeName":"???????","numericCode":"887","currencies":[{"code":"YER","name":"Yemeni rial","symbol":"?"}],"languages":[{"iso639_1":"ar","iso639_2":"ara","name":"Arabic","nativeName":"???????"}],"translations":{"de":"Jemen","es":"Yemen","fr":"Yémen","ja":"????","it":"Yemen","br":"Iêmen","pt":"Iémen","nl":"Jemen","hr":"Jemen","fa":"???"},"flag":"https://restcountries.eu/data/yem.svg","regionalBlocs":[{"acronym":"AL","name":"Arab League","otherAcronyms":[],"otherNames":["????? ????? ???????","J?mi?at ad-Duwal al-?Arab?yah","League of Arab States"]}],"cioc":"YEM"},{"name":"Zambia","topLevelDomain":[".zm"],"alpha2Code":"ZM","alpha3Code":"ZMB","callingCodes":["260"],"capital":"Lusaka","altSpellings":["ZM","Republic of Zambia"],"region":"Africa","subregion":"Eastern Africa","population":15933883,"latlng":[-15.0,30.0],"demonym":"Zambian","area":752612.0,"gini":54.6,"timezones":["UTC+02:00"],"borders":["AGO","BWA","COD","MWI","MOZ","NAM","TZA","ZWE"],"nativeName":"Zambia","numericCode":"894","currencies":[{"code":"ZMW","name":"Zambian kwacha","symbol":"ZK"}],"languages":[{"iso639_1":"en","iso639_2":"eng","name":"English","nativeName":"English"}],"translations":{"de":"Sambia","es":"Zambia","fr":"Zambie","ja":"????","it":"Zambia","br":"Zâmbia","pt":"Zâmbia","nl":"Zambia","hr":"Zambija","fa":"??????"},"flag":"https://restcountries.eu/data/zmb.svg","regionalBlocs":[{"acronym":"AU","name":"African Union","otherAcronyms":[],"otherNames":["??????? ????????","Union africaine","União Africana","Unión Africana","Umoja wa Afrika"]}],"cioc":"ZAM"},{"name":"Zimbabwe","topLevelDomain":[".zw"],"alpha2Code":"ZW","alpha3Code":"ZWE","callingCodes":["263"],"capital":"Harare","altSpellings":["ZW","Republic of Zimbabwe"],"region":"Africa","subregion":"Eastern Africa","population":14240168,"latlng":[-20.0,30.0],"demonym":"Zimbabwean","area":390757.0,"gini":null,"timezones":["UTC+02:00"],"borders":["BWA","MOZ","ZAF","ZMB"],"nativeName":"Zimbabwe","numericCode":"716","currencies":[{"code":"BWP","name":"Botswana pula","symbol":"P"},{"code":"GBP","name":"British pound","symbol":"£"},{"code":"CNY","name":"Chinese yuan","symbol":"¥"},{"code":"EUR","name":"Euro","symbol":"€"},{"code":"INR","name":"Indian rupee","symbol":"?"},{"code":"JPY","name":"Japanese yen","symbol":"¥"},{"code":"ZAR","name":"South African rand","symbol":"Rs"},{"code":"USD","name":"United States dollar","symbol":"$"},{"code":"(none)","name":null,"symbol":null}],"languages":[{"iso639_1":"en","iso639_2":"eng","name":"English","nativeName":"English"},{"iso639_1":"sn","iso639_2":"sna","name":"Shona","nativeName":"chiShona"},{"iso639_1":"nd","iso639_2":"nde","name":"Northern Ndebele","nativeName":"isiNdebele"}],"translations":{"de":"Simbabwe","es":"Zimbabue","fr":"Zimbabwe","ja":"?????","it":"Zimbabwe","br":"Zimbabwe","pt":"Zimbabué","nl":"Zimbabwe","hr":"Zimbabve","fa":"???????"},"flag":"https://restcountries.eu/data/zwe.svg","regionalBlocs":[{"acronym":"AU","name":"African Union","otherAcronyms":[],"otherNames":["??????? ????????","Union africaine","União Africana","Unión Africana","Umoja wa Afrika"]}],"cioc":"ZIM"}]

Inside Given
User Entered Data
User logged out and exit
]]></system-out>
    <system-err><![CDATA[Jun 18, 2021 6:24:06 PM cucumber.runtime.java.ObjectFactoryLoader loadSingleObjectFactory
INFO: Loading ObjectFactory via service loader: io.cucumber.picocontainer.PicoFactory
]]></system-err>
  </testcase>
</testsuite>